['Tammi', 'Winford', 'Rima', 'Chas', 'Annabel', 'Clarinda', 'Leilani', 'Miranda', 'Leonida', 'Leila', 'Lola', 'In']
['Earnest', 'Merrill', 'Deana', 'Xavier', 'Millicent', 'Logan', 'Alicia', 'Tina', 'Nadia', 'Whitney', 'Fanny', 'Enola']
['Harvey', 'Kim', 'Murray', 'Antonette', 'Loura', 'Tyisha', 'Ella', 'Louise', 'Latoya', 'Kurtis', 'Dagmar', 'Houston']
['Artie', 'Sharla', 'Leontine', 'Jacque', 'Jesus', 'Clarence', 'Alfred', 'Marlo', 'Theo', 'Delmar', 'Dong', 'Amada']
['Kendall', 'Ocie', 'Retta', 'Susan', 'Honey', 'Laticia', 'Vernon', 'Lilly', 'Antonina', 'Annamarie', 'Jeffrey', 'Kitty']
['Eugene', 'Mariano', 'Clyde', 'Sherwood', 'Lue', 'Pearlie', 'Nathalie', 'Stanford', 'Easter', 'Hillary', 'Shelton', 'Cortney']
['Kelly', 'Joanne', 'Claudie', 'Aaron', 'Refugio', 'Chance', 'Tarah', 'Vincenzo', 'Vernia', 'Toya', 'Eufemia', 'Neida']
['Taneka', 'Dorene', 'Gisela', 'Claretha', 'Destiny', 'Russell', 'Marilynn', 'Christiane', 'Vada', 'Dewayne', 'Lezlie', 'Spencer']
['Allena', 'Orval', 'Naida', 'Oswaldo', 'Kyung', 'Griselda', 'Odell', 'Ema', 'Marvin', 'Chan', 'Clarice', 'Elena']
['Eustolia', 'Aretha', 'Rodrigo', 'Alexandra', 'Brendon', 'Tameika', 'Deirdre', 'Rosalee', 'Trena', 'Tracie', 'Hayden', 'Rachel']
['Lucia', 'Travis', 'Kris', 'Jeanette', 'Kay', 'Lamonica', 'Lauren', 'Shaun', 'Marvis', 'Glenda', 'Tamisha', 'Tai']
['Phylis', 'Darwin', 'Alane', 'Alvin', 'Lisa', 'Lizabeth', 'Alton', 'Zena', 'Joan', 'Dewitt', 'Terry']
['Elenora', 'Loria', 'Garland', 'Marcie', 'Alethia', 'Gerardo', 'Lashay', 'Carmon', 'Herlinda', 'Darrel', 'Doyle']
['Loren', 'Johnny', 'Mariah', 'Hiroko', 'Louella', 'Sharilyn', 'Elvia', 'Jae', 'Laraine', 'Dorthea', 'Percy']
['Hershel', 'Sharan', 'Lana', 'Sheldon', 'Clifton', 'Heide', 'Princess', 'Garret', 'Elicia', 'Valorie', 'Gerard']
['Tanisha', 'Vivien', 'Wes', 'Kimbra', 'Joelle', 'Yevette', 'Felix', 'Renetta', 'Chang', 'Imogene', 'Debora']
['Horace', 'Xuan', 'Marion', 'Nicole', 'Hortense', 'Hassan', 'Kristopher', 'Marcos', 'Lyn', 'Isabel', 'Treena']
['Cassie', 'Florencio', 'Pa', 'Byron', 'Tressa', 'Helene', 'Arcelia', 'Dion', 'Cleotilde', 'Marcella', 'Porter']
['Inga', 'Michaela', 'Olevia', 'Elvie', 'Jami', 'Randall', 'Clinton', 'Milissa', 'Beverley', 'Rolando', 'Chun']
['Riley', 'Camelia', 'Almeta', 'Lyndon', 'Irma', 'Bonnie', 'Jade', 'Clara', 'Angeline', 'Angella', 'Raleigh']
['Antoinette', 'Danita', 'Kylie', 'Jefferey', 'Jennie', 'Hilario', 'Tiffani', 'Ambrose', 'Kasey', 'Dora', 'Oscar']
['Sharlene', 'Altagracia', 'Flavia', 'Chester', 'Irena', 'Alvera', 'Stanley', 'Kirstin', 'Rosalba', 'Verona', 'Jina']
['Esperanza', 'Sharell', 'Carolee', 'Robert', 'Ok', 'Bertha', 'Latia', 'Meagan', 'Nohemi', 'Oneida', 'Rachael']
['Trey', 'Osvaldo', 'Jeremy', 'Anabel', 'Jan', 'Audie', 'Kareem', 'Jay', 'Savanna', 'Reita', 'Hyun']
['German', 'June', 'Marci', 'Lasonya', 'Oma', 'Stephani', 'Zoraida', 'Frederic', 'Darnell', 'Renea', 'Elliott']
['Glenna', 'Piedad', 'Shavon', 'Nieves', 'Lucas', 'Eloisa', 'Ron', 'Dusti', 'Grant', 'Son', 'Emmanuel']
['Charmaine', 'Ryann', 'Raul', 'Hui', 'Eve', 'Freddie', 'Naomi', 'Susannah', 'Juliet', 'Marquis', 'Rita']
['Alex', 'Roxane', 'Kristi', 'Mariette', 'Adah', 'Randa', 'Edmond', 'Jama', 'Junior', 'Danial', 'Elfrieda']
['Leonard', 'Janetta', 'Nickolas', 'Caitlyn', 'Martin', 'Cristi', 'Pinkie', 'An', 'Charisse', 'Clarissa', 'Lorelei']
['Joye', 'Madison', 'Selma', 'Margart', 'Carson', 'Tamala', 'Alexa', 'Saul', 'Shonda', 'Florinda', 'Marquitta']
