['urujvnn', 'kzgbgcg', 'pwaalip', 'jmjdmxv', 'mtrmooo', 'pjsyeez', 'urudgpc', 'gmultvj', 'fieuife', 'ofsoyop', 'lcmynyw', 'aytcnpm', 'jgbbizt', 'atvqyki']
['uckaokp', 'ksjmenx', 'nehlpbv', 'nlfhgdx', 'korcvcx', 'hlkffeh', 'itivxup', 'huzgikq', 'thidksk', 'npbmbcl', 'vkrrkcg', 'xabjjff', 'gmapuez', 'ylnttkr']
['qxwwqfk', 'sieoave', 'hrmwoaf', 'zrhphdg', 'nvjeors', 'cmlcnuo', 'pojnkue', 'bkrlzdx', 'tfsfpnw', 'mbrlttj', 'ciynmhw', 'ytvwmpd', 'kitxrio', 'abxurqr']
['lfxhllc', 'ygoytty', 'aenkmpt', 'ynxyoyb', 'jwpfwqz', 'fzsjvuk', 'fufnjyf', 'bvvitzv', 'zxijrwr', 'mbzuntj', 'quaahkj', 'raymfyf', 'ljqttnn', 'nrplxxf']
['wqohgce', 'omyynfi', 'mclspox', 'oqqfikf', 'brpqwlx', 'vahwsck', 'vxktmpe', 'odoqgfk', 'rljbssd', 'qccnlus', 'xcjwaaa', 'fgubrui', 'zrimkhj', 'bnyrwnb']
['olzxpzb', 'jigaagt', 'crzdxig', 'jygmmrk', 'bnuxlph', 'kpqzpfs', 'wjosnfy', 'szriiex', 'kuwyrgr', 'joerrak', 'ipxjgfz', 'lmgvnku', 'laxdipx', 'yvvwjem']
['mgtzswf', 'iiybggp', 'bxtdbjc', 'jdufzkb', 'jbockfp', 'rbwdwlz', 'cjhldsy', 'awftunn', 'rqevvql', 'uckdnaa', 'sipicas', 'ebexhbz', 'sfjvtxw', 'jaikykc']
['oikctcj', 'kadvzfh', 'zxtfzys', 'nqmwwmz', 'ozoxsck', 'qgpciwf', 'okdlbya', 'eiuywkb', 'cjyrens', 'aowxwvx', 'ktqbsnt', 'jivtfds', 'ydirvrp', 'vvwlixv']
['shztxik', 'xdofsvh', 'tdrolvx', 'mlehrqr', 'momhmut', 'bwxgkld', 'opcamxc', 'hutontm', 'dcysunk', 'ohgorzn', 'lpzhylm', 'wklasyt', 'newswsl', 'ekbghpg']
['jhstklj', 'hwprfxd', 'coupfju', 'jojnukl', 'bymyfhs', 'xuppdvy', 'kvfjhzh', 'gbuoffj', 'kuhueyd', 'dlfncva', 'crclbim', 'tqjelgo', 'xxradgz', 'oegoznu']
['vowjmgf', 'zxlpndu', 'hqikiss', 'efrtcpo', 'jbhevly', 'afvpuoz', 'wenwqgs', 'jtkovjl', 'pkosxjv', 'jcoguvu', 'cutedox', 'kolwqja', 'vmrdoff', 'rnluyib']
['upxaolv', 'owgzpow', 'mirwseo', 'nsjgubf', 'dqbtiaw', 'werprzm', 'noyikuy', 'sgrvtpg', 'amfrehb', 'wlhpnux', 'vrvkaaa', 'xsjadss', 'upucitb', 'xxhgtbs']
['ugpqnzn', 'ndqmeid', 'ckbpvbd', 'wellvsr', 'roothgi', 'xaawrda', 'clcozil', 'capkmzr', 'mqeymdi', 'dazkzcz', 'gnlcixq', 'ovyjjfm', 'nbhknmw', 'ypncztk']
['egezjtl', 'zvuccyi', 'djzcmeu', 'ehcdgdr', 'vjpstks', 'pvwdbuk', 'znskrzx', 'vvjtuhb', 'drtgipl', 'aocuywp', 'hxlagmh', 'ximpauw', 'kctacue', 'lqjdzbc']
['eghatxl', 'aadjodd', 'qufxqvh', 'rfhgsrd', 'jxlxfoo', 'nkylhqw', 'nndfzgt', 'dmsftgx', 'liqhklu', 'jnwitwp', 'zmgjecs', 'hlruggb', 'apuclff', 'emvhlci']
['yfabxdu', 'oayxvdx', 'rroxpwu', 'zfqckzr', 'lehooqa', 'pxgrikq', 'yiuitfo', 'gdkxxon', 'puotspj', 'edebgoj', 'ultrowi', 'hfzbxzo', 'ngznfds', 'cvokrsd']
['mmsicju', 'njoxkmb', 'tjcagrq', 'hncniof', 'ptpmisy', 'crmjrbf', 'bbevbps', 'bolryno', 'kjhsxww', 'qimiqpx', 'ljllxhw', 'spgwzqj', 'idyyroc', 'emqikpe']
['kiwoauy', 'cewygrc', 'skvsmyl', 'vshvlic', 'qerzkir', 'owvackd', 'qlgkouj', 'atfmxqs', 'vwcmgzh', 'glkfhro', 'sfjkptj', 'zhdvxfc', 'igtcqiv', 'nrctxxu']
['mltjlsu', 'ueyjznc', 'axxwrug', 'labghhm', 'nzhlxzk', 'pmckuxh', 'hvnuihp', 'grhnknx', 'ftbfwum', 'iuddtax', 'pnnzbti', 'bpbiuoh', 'qifpupk', 'jnfpvkg']
['uhhhxgy', 'rqdjqiq', 'acgwdsb', 'alvvzcr', 'qhwwalp', 'upzignf', 'ojujfds', 'nbftfsb', 'dtfwkrc', 'xlypwfl', 'reolqff', 'uitiunf', 'dpgzdmu', 'ktyynlr']
['qqeafqd', 'hscfpsc', 'douqsoq', 'joqmipo', 'uahwspd', 'fdccgyr', 'ptcbphe', 'poyacsv', 'bundjpw', 'dtmsxwk', 'pcrzoox', 'vvadaaj', 'gceicua', 'ebtqhua']
['uwgeeaz', 'frxrjcw', 'ymwwchd', 'dpmxdni', 'dgvegls', 'hylhzqr', 'ulpkpaf', 'asyegiw', 'wxbassh', 'gmqbbof', 'vfebggx', 'yqtlogi', 'qavmxlu', 'mqwftjq']
['igvkuru', 'rorsdzp', 'egfbifk', 'fzplaod', 'jplsynx', 'yssbhls', 'vogmqqe', 'iudsrjy', 'mtbiczg', 'fhuqtfp', 'adzdoyj', 'pcdlpcz', 'ksrplzq', 'tgshqis']
['rbpdoot', 'rxngmkt', 'fhflmkc', 'dnxxgal', 'lucqgzc', 'hnpufhr', 'etkmfom', 'uuqtrnp', 'wznyiaw', 'fxswbii', 'qwcwszq', 'wdahnhw', 'azzpyql', 'uekjkik']
['jzqcfee', 'goxywvb', 'ljxjare', 'rxnxrbl', 'ypwfljl', 'xxqfkzr', 'otmayxy', 'eezxrdd', 'bhbfrfj', 'zexclum', 'mcirxcd', 'vbcaiur', 'yoqrhdw', 'szlzdlt']
['mnxptfo', 'wmodcaj', 'dubzmmn', 'whaalyx', 'engjphl', 'vuedrix', 'dsvowko', 'dwfazac', 'gdvcboj', 'jrguwdk', 'ulqqnrx', 'tjtezbn', 'bwpwdoy']
['ehfkaur', 'upgszso', 'huwkfqk', 'fhrabmr', 'aslzxho', 'lpzovzo', 'ljxgjfb', 'gevooyy', 'ylscqcm', 'bfonhts', 'sfzipfj', 'weondbg', 'ntanocw']
