['Elisa', 'Josephine', 'Kara', 'Amaya', 'Tiara', 'Baylee', 'Britney', 'Giselle', 'Alyson', 'Sonia']
['Brandy', 'Isabel', 'Summer', 'Kaila', 'Brandi', 'Casey', 'Deanna', 'Lindsey', 'Joanna', 'Lydia']
['Karen', 'Holly', 'Makayla', 'Katelyn', 'Wendy', 'Diamond', 'Kira', 'Julianna', 'Sidney', 'Tiana']
['Danielle', 'Ella', 'Karla', 'Kennedy', 'Alissa', 'Ann', 'Nancy', 'Jamie', 'Deborah', 'Harley']
['Katie', 'Theresa', 'Briana', 'Jillian', 'Serena', 'Gloria', 'Noelle', 'Alexandria', 'Laura', 'Valeria']
['Cristal', 'Kaitlin', 'Lesly', 'Susan', 'Marina', 'Cora', 'Addison', 'Alejandra', 'Mayra', 'Lesley']
['Carley', 'Katlyn', 'Caroline', 'Jocelyn', 'Marisol', 'Rosa', 'Eva', 'Kelly', 'Tessa', 'Helen']
['Shannon', 'Sylvia', 'Chelsea', 'Paige', 'Alayna', 'Logan', 'Michelle', 'Hunter', 'Sophie', 'Mariana']
['Dominique', 'Whitney', 'Layla', 'Yesenia', 'Alison', 'Breana', 'Kayleigh', 'Patricia', 'Macy', 'Charlotte']
['Tatum', 'Julianne', 'Genevieve', 'Denise', 'Katelynn', 'Jordyn', 'Kylee', 'Callie', 'Kate', 'Tabitha']
['Kristin', 'Andrea', 'Desiree', 'Lilly', 'Kassidy', 'Annika', 'Hanna', 'Shyanne', 'Melina', 'Paola']
['Haylee', 'Ashleigh', 'Nia', 'Lizbeth', 'Shelby', 'Audrey', 'Lucy', 'Mikaela', 'Arianna', 'Elise']
['Amelia', 'Rachael', 'Gisselle', 'Eliana', 'Kaley', 'Alexus', 'Angelina', 'Leah', 'Eliza', 'Ellen']
['Maggie', 'Vivian', 'Jazmin', 'Amari', 'Ellie', 'Melissa', 'Shania', 'Asia', 'Peyton', 'Kiana']
['Daniela', 'Dana', 'Barbara', 'Clara', 'Veronica', 'Virginia', 'Paulina', 'Meagan', 'Tianna', 'Kelli']
['Tiffany', 'Heidi', 'Aubrey', 'Zoey', 'Emilee', 'Madalyn', 'Aurora', 'Evelyn', 'Dakota', 'Trinity']
['Kasey', 'Taryn', 'Ciara', 'Carolyn', 'Rhiannon', 'Molly', 'Meghan', 'Gracie', 'Sandra', 'Madelyn']
['Celeste', 'Karissa', 'Alana', 'Angel', 'Adriana', 'Erica', 'Guadalupe', 'Katrina', 'Mary', 'Kaylee']
['Hailee', 'Natalia', 'Erika', 'Hayley', 'Ariana', 'Bailey', 'Madyson', 'Clarissa', 'Maddison', 'Skye']
['Jaden', 'Brittany', 'Aliyah', 'Fiona', 'Lillian', 'Autumn', 'Tamara', 'Caitlin', 'Brooklynn', 'Kaylie']
['Kali', 'Francesca', 'Genesis', 'Tayler', 'Tania', 'Lily', 'Heather', 'Hope', 'Lexi', 'Carrie']
['Juliana', 'Talia', 'Sharon', 'Makenna', 'Nora', 'Selena', 'Isabelle', 'Mckenna', 'Alicia', 'Marilyn']
['Eve', 'Erin', 'Sydnee', 'Nadia', 'Kathryn', 'Kiara', 'Mckenzie', 'Arielle', 'Margaret', 'Aileen']
['Cynthia', 'Carolina', 'Courtney', 'Elisabeth', 'Renee', 'Abbey', 'Lorena', 'Amy', 'Alexa', 'Phoebe']
['Madelynn', 'Alma', 'Jaclyn', 'Piper', 'Valerie', 'Gianna', 'Jayda', 'Gabriela', 'Halle', 'Kimberly']
['Kiley', 'Heaven', 'Cassidy', 'Paris', 'Sadie', 'Carla', 'Kailee', 'Marisa', 'Litzy', 'Brooke']
['Lauryn', 'Kierra', 'Rebekah', 'Christine', 'Madisyn', 'Savanna', 'Raven', 'Priscilla', 'Lindsay', 'Claire']
['Jayla', 'Esperanza', 'Iris', 'Nichole', 'Sierra', 'Leilani', 'Esther', 'Ivy', 'Chasity', 'Kendra']
['Malia', 'Jessie', 'Breanna', 'Cameron', 'Allie', 'Angela', 'Josie', 'Zaria', 'Crystal', 'Yasmine']
['Brisa', 'Shayla', 'Pamela', 'Karina', 'Zoe', 'Sara', 'Alaina', 'Bryanna', 'Tia', 'Jenna']
['Anahi', 'Kaitlynn', 'Bianca', 'Ruth', 'Abby', 'Madeleine', 'Cecilia', 'Bailee', 'Deja', 'Georgia']
['Catherine', 'Kelsie', 'Kirsten', 'Marie', 'Martha', 'Joy', 'Meredith', 'Aaliyah', 'Cierra', 'Alexia']
['Mckayla', 'Jayden', 'Sabrina', 'Vanessa', 'Kathleen', 'Daniella', 'Jacquelyn', 'Felicity', 'Ariel', 'Luz']
['Krystal', 'Toni', 'Ashlynn', 'Cassie', 'Monica', 'Carlie', 'Esmeralda', 'Claudia', 'Lacey', 'Julie']
['Jaqueline', 'Regina', 'Liliana', 'Kylie', 'Kendall', 'Hallie', 'Miracle', 'Miriam', 'Elaina', 'Gina']
['Macey', 'Johanna', 'Kristen', 'Delaney', 'Skylar', 'Yasmin', 'Kelsey', 'Jacqueline', 'Carmen', 'Carly']
['Bethany', 'Emilie', 'Janelle', 'Mia', 'Alanna', 'Rylee', 'Jordan', 'Melody', 'Krista', 'Tatyana']
['Jade', 'Ruby', 'Imani', 'Ashlee', 'Angelique', 'Lisa', 'Rose', 'Mercedes', 'Naomi', 'Chelsey']
['Kyla', 'Jane', 'Tatiana', 'Cassandra', 'Michaela', 'Annie', 'Linda', 'Brenna', 'Haleigh', 'Allyson']
['Colleen', 'Viviana', 'Larissa', 'Melanie', 'Justine', 'Faith', 'Skyler', 'Brooklyn', 'Alina', 'Natasha']
['Nina', 'Kailey', 'Eleanor', 'Ayanna', 'Gillian', 'Alice', 'Brittney', 'Kristina', 'Christina', 'Daisy']
['Miranda', 'Marlene', 'Tyler', 'India', 'Avery', 'Raquel', 'Cristina', 'Ana', 'Precious', 'Jazmine']
['Mikayla', 'Kiera', 'Macie', 'Cheyenne', 'Madeline', 'Reagan', 'Cara', 'Serenity', 'Kassandra', 'Leslie']
['Tara', 'Monique', 'Ava', 'Alondra', 'Emely', 'Cindy', 'Julissa', 'Sasha', 'Ashton', 'Chyna']
['Brenda', 'Janae', 'Mariah', 'Kaylin', 'Caitlyn', 'Camryn', 'Kiersten', 'Mallory', 'Kamryn', 'Lucia']
['Kaleigh', 'Regan', 'Adrianna', 'Anastasia', 'Camille', 'Irene', 'Perla', 'Tamia', 'Tyra', 'Makenzie']
['Sofia', 'Adrienne', 'Riley', 'Charity', 'Elena', 'Alisha', 'Amber', 'Angie', 'Kenya', 'Felicia']
['Jada', 'Jasmin', 'Athena', 'Teresa', 'Fatima', 'Maya', 'Anne', 'Cheyanne', 'Ashlyn', 'Kyra']
['Clare', 'Tori', 'Diana', 'Janet', 'Payton', 'Jenny', 'Bridget', 'Tierra', 'Mya', 'Gabrielle']
['Carissa', 'Angelica', 'Destinee', 'Eden', 'Gabriella', 'Devin', 'Annabelle', 'Marissa', 'Sage', 'April']
