['tjtezbn', 'crclbim', 'cjhldsy', 'ebtqhua', 'ymwwchd', 'efrtcpo', 'ptcbphe', 'aowxwvx', 'jygmmrk', 'mgtzswf', 'rqevvql', 'fzplaod', 'njoxkmb', 'uitiunf']
['grhnknx', 'zfqckzr', 'hutontm', 'qccnlus', 'jivtfds', 'eezxrdd', 'gmqbbof', 'wznyiaw', 'whaalyx', 'zxlpndu', 'qifpupk', 'gdvcboj', 'werprzm', 'egezjtl']
['nzhlxzk', 'bkrlzdx', 'dpgzdmu', 'jplsynx', 'clcozil', 'wqohgce', 'azzpyql', 'joqmipo', 'yqtlogi', 'bxtdbjc', 'fhflmkc', 'mmsicju', 'reolqff', 'uahwspd']
['atfmxqs', 'bwxgkld', 'liqhklu', 'hvnuihp', 'gbuoffj', 'sipicas', 'bundjpw', 'lucqgzc', 'kctacue', 'vvjtuhb', 'djzcmeu', 'lpzhylm', 'ndqmeid', 'qhwwalp']
['vbcaiur', 'xuppdvy', 'iudsrjy', 'vfebggx', 'sfjvtxw', 'vuedrix', 'rqdjqiq', 'bvvitzv', 'yfabxdu', 'pcrzoox', 'sgrvtpg', 'ckbpvbd', 'gmultvj', 'zexclum']
['kitxrio', 'dtmsxwk', 'mbrlttj', 'pcdlpcz', 'ntanocw', 'oayxvdx', 'zxtfzys', 'ytvwmpd', 'fzsjvuk', 'labghhm', 'cutedox', 'xabjjff', 'uekjkik', 'wklasyt']
['mnxptfo', 'rbwdwlz', 'axxwrug', 'newswsl', 'dwfazac', 'engjphl', 'spgwzqj', 'cvokrsd', 'huwkfqk', 'etkmfom', 'huzgikq', 'joerrak', 'uhhhxgy', 'pwaalip']
['kzgbgcg', 'urudgpc', 'dnxxgal', 'rfhgsrd', 'jxlxfoo', 'bhbfrfj', 'mtbiczg', 'nrplxxf', 'bnuxlph', 'jhstklj', 'fhuqtfp', 'ugpqnzn', 'igtcqiv', 'noyikuy']
['szlzdlt', 'pnnzbti', 'fxswbii', 'wlhpnux', 'znskrzx', 'lcmynyw', 'bfonhts', 'iiybggp', 'ypncztk', 'emvhlci', 'wellvsr', 'crzdxig', 'atvqyki', 'ptpmisy']
['idyyroc', 'xxhgtbs', 'yoqrhdw', 'jmjdmxv', 'qxwwqfk', 'rnluyib', 'vvadaaj', 'dubzmmn', 'hlruggb', 'qerzkir', 'glkfhro', 'vowjmgf', 'afvpuoz', 'aocuywp']
['ohgorzn', 'xsjadss', 'nehlpbv', 'vjpstks', 'ksjmenx', 'qimiqpx', 'lmgvnku', 'kvfjhzh', 'xxqfkzr', 'aytcnpm', 'nndfzgt', 'gnlcixq', 'coupfju', 'crmjrbf']
['hncniof', 'aenkmpt', 'ksrplzq', 'apuclff', 'pmckuxh', 'wxbassh', 'mclspox', 'okdlbya', 'urujvnn', 'rxngmkt', 'gceicua', 'zxijrwr', 'tjcagrq', 'thidksk']
['zrimkhj', 'weondbg', 'zmgjecs', 'rroxpwu', 'ojujfds', 'bwpwdoy', 'hwprfxd', 'odoqgfk', 'bolryno', 'vshvlic', 'ultrowi', 'kjhsxww', 'skvsmyl', 'tgshqis']
['ulqqnrx', 'uwgeeaz', 'gdkxxon', 'qgpciwf', 'rorsdzp', 'wjosnfy', 'xxradgz', 'bnyrwnb', 'sfzipfj', 'zrhphdg', 'fufnjyf', 'laxdipx', 'kpqzpfs', 'bpbiuoh']
['brpqwlx', 'fieuife', 'amfrehb', 'dpmxdni', 'poyacsv', 'aslzxho', 'ydirvrp', 'jojnukl', 'roothgi', 'jwpfwqz', 'jrguwdk', 'nlfhgdx', 'ozoxsck', 'cmlcnuo']
['ypwfljl', 'hscfpsc', 'kuhueyd', 'uckdnaa', 'kiwoauy', 'kuwyrgr', 'ljxjare', 'jdufzkb', 'xlypwfl', 'otmayxy', 'ueyjznc', 'upzignf', 'hfzbxzo', 'szriiex']
['tqjelgo', 'hnpufhr', 'nqmwwmz', 'fdccgyr', 'cjyrens', 'ulpkpaf', 'uckaokp', 'rljbssd', 'vwcmgzh', 'itivxup', 'ebexhbz', 'pvwdbuk', 'goxywvb', 'lfxhllc']
['yiuitfo', 'jcoguvu', 'sfjkptj', 'xaawrda', 'mbzuntj', 'jnwitwp', 'nvjeors', 'jtkovjl', 'vahwsck', 'mlehrqr', 'wdahnhw', 'mcirxcd', 'ofsoyop', 'kolwqja']
['ehfkaur', 'mqeymdi', 'lpzovzo', 'jaikykc', 'wenwqgs', 'upucitb', 'dlfncva', 'mirwseo', 'zvuccyi', 'pkosxjv', 'ktyynlr', 'pxgrikq', 'vmrdoff', 'qwcwszq']
['tdrolvx', 'zhdvxfc', 'hrmwoaf', 'hylhzqr', 'oegoznu', 'shztxik', 'qlgkouj', 'asyegiw', 'ekbghpg', 'ehcdgdr', 'drtgipl', 'dmsftgx', 'dgvegls', 'lehooqa']
['omyynfi', 'nkylhqw', 'ovyjjfm', 'jigaagt', 'vrvkaaa', 'vxktmpe', 'eghatxl', 'xcjwaaa', 'edebgoj', 'ipxjgfz', 'emqikpe', 'alvvzcr', 'iuddtax', 'sieoave']
['ynxyoyb', 'dazkzcz', 'hlkffeh', 'ngznfds', 'nbhknmw', 'abxurqr', 'awftunn', 'jgbbizt', 'dcysunk', 'owvackd', 'npbmbcl', 'jbockfp', 'jzqcfee', 'momhmut']
['eiuywkb', 'dsvowko', 'wmodcaj', 'xdofsvh', 'adzdoyj', 'ftbfwum', 'douqsoq', 'lqjdzbc', 'vvwlixv', 'vkrrkcg', 'hxlagmh', 'qqeafqd', 'nbftfsb', 'gmapuez']
['aadjodd', 'olzxpzb', 'rbpdoot', 'dqbtiaw', 'acgwdsb', 'rxnxrbl', 'ygoytty', 'egfbifk', 'capkmzr', 'yvvwjem', 'nrctxxu', 'mqwftjq', 'cewygrc', 'ktqbsnt']
['ljllxhw', 'yssbhls', 'ximpauw', 'dtfwkrc', 'opcamxc', 'mltjlsu', 'quaahkj', 'vogmqqe', 'kadvzfh', 'qufxqvh', 'oqqfikf', 'hqikiss', 'qavmxlu', 'bbevbps']
['uuqtrnp', 'fgubrui', 'ylnttkr', 'ciynmhw', 'ljqttnn', 'oikctcj', 'pjsyeez', 'korcvcx', 'nsjgubf', 'ljxgjfb', 'gevooyy', 'puotspj', 'upxaolv']
['frxrjcw', 'mtrmooo', 'raymfyf', 'jbhevly', 'fhrabmr', 'igvkuru', 'tfsfpnw', 'jnfpvkg', 'owgzpow', 'bymyfhs', 'ylscqcm', 'upgszso', 'pojnkue']
