['DennisSmith', 'DarrenCollison']
['AmirJohnson', 'MontrezlHarrell']
['AustinRivers', 'MauriceHarkless']
['ZazaPachulia', 'WesleyJohnson']
['FredVanVleet', 'LonzoBall']
['DougMcDermott', 'TomasSatoransky']
['EvanFournier', 'AlecBurks']
['JerrydBayless', 'AndreIguodala']
['BrandonIngram', 'MalikMonk']
['TylerUlis', 'JohnWall']
['DeyontaDavis', 'AndrewHarrison']
['KyleLowry', 'CediOsman']
['TJWarren', 'DeMarDeRozan']
['DerrickFavors', 'WillieCauleyStein']
['DAngeloRussell', 'IsaiahTaylor']
['LarryNance', 'JamesHarden']
['DewayneDedmon', 'JodieMeeks']
['SamDekker', 'SalahMejri']
['YogiFerrell', 'DwightHoward']
['AlFarouqAminu', 'KristapsPorzingis']
['PaulZipser', 'DevinBooker']
['ReggieJackson', 'AveryBradley']
['NeneHilario', 'DraganBender']
['MaxiKleber', 'CarmeloAnthony']
['AndreDrummond', 'ShabazzNapier']
['ETwaunMoore', 'ShabazzMuhammad']
['EvanTurner', 'TylerJohnson']
['AllenCrabbe', 'JasonTerry']
['GoranDragic', 'JaylenBrown']
['KyleOQuinn', 'JaeCrowder']
['BrynForbes', 'BenSimmons']
['EkpeUdoh', 'DavidWest']
['SterlingBrown', 'DannyGreen']
['DirkNowitzki', 'PatConnaughton']
['EnesKanter', 'AlexLen']
['DennisSchroder', 'TonySnell']
['ShaunLivingston', 'KhrisMiddleton']
['DariusMiller', 'DarioSaric']
['MarcusSmart', 'LeBronJames']
['TreveonGraham', 'RyanAnderson']
['MarvinWilliams', 'JarellMartin']
['PattyMills', 'KyleAnderson']
['AronBaynes', 'AndreRoberson']
['DeMarcusCousins', 'WilsonChandler']
['BamAdebayo', 'JarrettAllen']
['JoeIngles', 'CoryJoseph']
['QuincyAcy', 'DonovanMitchell']
['JameerNelson', 'DavidNwaba']
['SergeIbaka', 'AaronGordon']
['DwightPowell', 'LouWilliams']
['ElfridPayton', 'WesleyIwundu']
['DeMarreCarroll', 'MarcusMorris']
['JeffGreen', 'SemiOjeleye']
['KellyOlynyk', 'RaymondFelton']
['JaMychalGreen', 'BojanBogdanovic']
['MylesTurner', 'DwyaneWade']
['JJRedick', 'RoyceONeale']
['BenMcLemore', 'JustinHoliday']
['BrookLopez', 'JamesJohnson']
['PatrickMcCaw', 'JuliusRandle']
['BradleyBeal', 'PJTucker']
['PaulMillsap', 'JamalCrawford']
['DavisBertans', 'KevinLove']
['TreyLyles', 'RajonRondo']
['KyleKuzma', 'MikeScott']
['BismackBiyombo', 'EricBledsoe']
['AnthonyDavis', 'TaureanWallerPrince']
['JonasJerebko', 'JoshHart']
['DevinHarris', 'RichaunHolmes']
['DejounteMurray', 'MikeMuscala']
['MasonPlumlee', 'JRSmith']
['GiannisAntetokounmpo', 'MilosTeodosic']
['TajGibson', 'OGAnunoby']
['WayneEllington', 'KarlAnthonyTowns']
['NickYoung', 'ZachCollins']
['AlexAbrines', 'TristanThompson']
['JaysonTatum', 'NikolaVucevic']
['MarcoBelinelli', 'ThaddeusYoung']
['DeAndreJordan', 'GarrettTemple']
['ManuGinobili', 'JamalMurray']
['ZachRandolph', 'TimHardaway']
['SkalLabissiere', 'StanleyJohnson']
['RussellWestbrook', 'WillBarton']
['TimotheLuwawuCabarrot', 'GeorgeHill']
['TrevorAriza', 'IanMahinmi']
['RondaeHollisJefferson', 'CarisLeVert']
['DraymondGreen', 'MichaelKiddGilchrist']
['MichaelBeasley', 'JusufNurkic']
['LanceThomas', 'EdDavis']
['AlJefferson', 'TyrekeEvans']
['JoshRichardson', 'StevenAdams']
['LukeKennard', 'StephenCurry']
['WesleyMatthews', 'JoseCalderon']
['TysonChandler', 'KyleKorver']
['OttoPorter', 'RobinLopez']
['KevinDurant', 'AndrewWiggins']
['NicolasBatum', 'GaryHarris']
['HassanWhiteside', 'JabariParker']
['DillonBrooks', 'DanielTheis']
['IshSmith', 'ReggieBullock']
['DionWaiters', 'ThonMaker']
['ErsanIlyasova', 'NikolaJokic']
['ClintCapela', 'RobertCovington']
['KembaWalker', 'MalcolmDelaney']
['JoelEmbiid', 'AnthonyTolliver']
['CristianoFelicio', 'JeremyLamb']
['MarkieffMorris', 'KlayThompson']
['JustiseWinslow', 'LaMarcusAldridge']
['EmmanuelMudiay', 'RodneyHood']
['CourtneyLee', 'RickyRubio']
['SpencerDinwiddie', 'MarioHezonja']
['BobbyPortis', 'NemanjaBjelica']
['AlHorford', 'JerianGrant']
['GorguiDieng', 'JJBarea']
['MalcolmBrogdon', 'DanteCunningham']
['LauriMarkkanen', 'JonathonSimmons']
['ChrisPaul', 'DeAaronFox']
['FrankNtilikina', 'JimmyButler']
['TyusJones', 'JeramiGrant']
['BuddyHield', 'SindariusThornwell']
['MarcGasol', 'JoeHarris']
['MarqueseChriss', 'LucMbahaMoute']
['KentBazemore', 'JohnCollins']
['JarrettJack', 'JoshHuestis']
['RudyGobert', 'DJAugustin']
['ShelvinMack', 'PauGasol']
['DamianLillard', 'TerryRozier']
['KrisDunn', 'PatrickPatterson']
['DenzelValentine', 'JoeYoung']
['BogdanBogdanovic', 'KyrieIrving']
['LanceStephenson', 'CJMcCollum']
['JordanClarkson', 'RudyGay']
['JustinJackson', 'MichaelCarterWilliams']
['KellyOubre', 'CJMiles']
['JakobPoeltl', 'JonasValanciunas']
['NikolaMirotic', 'JaredDudley']
['PaulGeorge', 'KostaKoufos']
['MarioChalmers', 'TroyDaniels']
['TobiasHarris', 'GeraldGreen']
['JamesEnnis', 'CoreyBrewer']
['JrueHoliday', 'DomantasSabonis']
['FrankKaminsky', 'TJMcConnell']
['MarcinGortat', 'IanClark']
['EricGordon', 'JoshJackson']
['HarrisonBarnes', 'LangstonGalloway']
['DelonWright', 'PascalSiakam']
['TylerZeller', 'KentaviousCaldwellPope']
['JeffTeague', 'TorreyCraig']
['BlakeGriffin', 'JohnHenson']
['VictorOladipo']
