['Gloria', 'Eric', 'Alex', 'Renee']
['Charles', 'Noma', 'Gene', 'Harriet']
['Harold', 'Aileen', 'Eunice', 'Martha']
['Teresa', 'Felipe', 'Justin', 'Diane']
['Jessica', 'Virgie', 'Alice', 'Desiree']
['Deborah', 'Carla', 'Bernie', 'Antonietta']
['Corinne', 'Kenneth', 'Johnnie', 'David']
['Earl', 'Lawrence', 'Janice', 'Wilbur']
['Marjorie', 'Robin', 'Keith', 'Irene']
['Cedric', 'Shaun', 'Cesar', 'Bernice']
['Ernest', 'Jami', 'Arturo', 'Cindy']
['Cheri', 'Mari', 'Jodi', 'Alonzo']
['Cameron', 'Jeanette', 'Peter', 'Carrie']
['Theresa', 'Cleo', 'Joan', 'Mitchell']
['Randy', 'Jayne', 'Ivan', 'Rueben']
['Patsy', 'Barry', 'Sandra', 'Steve']
['Annie', 'Levi', 'Trenton', 'Martin']
['Dorothy', 'Anita', 'Monica', 'Jonathan']
['Adam', 'Grace', 'Cathleen', 'Richard']
['Marion', 'Lori', 'Nicholas', 'Janet']
['Norma', 'Sarah', 'Hilton', 'Daniel']
['Sara', 'Kelvin', 'Sheryl', 'Maria']
['Fay', 'Sulema', 'Kathleen', 'Cheryl']
['Laura', 'Sheila', 'Erma', 'Lexie']
['Kay', 'Craig', 'Kristine', 'Mireya']
['Mavis', 'Gordon', 'Johnathan', 'Ronald']
['Shawna', 'Frida', 'Dwayne', 'Rod']
['Alan', 'Mei', 'Maureen', 'Thelma']
['Mamie', 'Emerson', 'Vickie', 'Clifford']
['Julius', 'Jim', 'Gilbert', 'Claudia']
['Gary', 'Warren', 'Bernard', 'Beverly']
['Kenny', 'Jacqueline', 'Rebecca', 'Carole']
['Pamela', 'Sharon', 'Dolores', 'Merle']
['Judith', 'Adrian', 'Katie', 'Clara']
['Stacy', 'Eva', 'Joyce', 'Rachel']
['Larry', 'Bruce', 'Joel', 'Robert']
['Chelsea', 'Ethel', 'Linda', 'Maxine']
['Loretta', 'Kathryn', 'Patrice', 'Antoinette']
['Rick', 'Melanie', 'Tabatha', 'Lowell']
['Paula', 'Katherine', 'Wade', 'Rena']
['Roy', 'Carina', 'Harry', 'Philip']
['Jammie', 'Evan', 'Kurt', 'Lydia']
['Evelyn', 'Houston', 'Lacey', 'Timothy']
['Olive', 'Reggie', 'Jewel', 'John']
['Gerard', 'Kyle', 'Charlotte', 'Peggy']
['Leo', 'Dawn', 'Michael', 'Megan']
['Carl', 'Lester', 'Fredrick', 'Salvatore']
['Rory', 'Stephen', 'Bernadette', 'Andre']
['Albert', 'Kristina', 'Samuel', 'Marie']
['Susan', 'Argentina', 'Amanda', 'Brooks']
['Louise', 'Wanda', 'Thomas', 'Elizabeth']
['Chester', 'Esta', 'Pearl', 'Rhonda']
['Derrick', 'Jerome', 'Isabelle', 'Donna']
['Marla', 'Joseph', 'Ada', 'Emily']
['Betty', 'Hugo', 'Tommie', 'Tanya']
['Douglas', 'Mario', 'Mary', 'Tracy']
['Maybell', 'Russel', 'Mae', 'Quentin']
['Kim', 'Roger', 'Dewayne', 'Shelly']
['Roberto', 'Christian', 'Justine', 'James']
['Kelli', 'Matt', 'Patrick', 'Jewell']
['Tim', 'Regina', 'Zachary', 'Pauline']
['Manuel', 'Ruthie', 'Dottie', 'Lauren']
['Jason', 'Ray', 'Jeffrey', 'Lorena']
['Marta', 'Sheldon', 'Lillie', 'Crystal']
['Claire', 'Beatrice', 'Tonya', 'Vanessa']
['Roberta', 'Anthony', 'Harriett', 'Myra']
['Hildegard', 'Byron', 'Vicky', 'Iris']
['Angel', 'Gale', 'Lidia', 'Curtis']
['Aron', 'Carroll', 'Barbra', 'Jerry']
['Vera', 'Oscar', 'Colleen', 'Doretha']
['Mildred', 'Gladys', 'Phyllis', 'Steven']
['Stephanie', 'Tommy', 'Hillary', 'Esperanza']
['Joe', 'Ted', 'Tomas', 'Kristen']
['Ruth', 'Ricardo', 'Milton', 'Nathaniel']
['Louis', 'Erik', 'Tom', 'Randall']
['Debra', 'Ladonna', 'Marcus', 'Weldon']
['Bonita', 'Heidi', 'Lottie', 'Horace']
['Austin', 'Henry', 'Billie', 'Juan']
['Melony', 'Patricia', 'Stanley', 'George']
['Victoria', 'Jessie', 'Lucia', 'Fred']
['Leigh', 'Jeffery', 'Frank', 'Lena']
['Raymond', 'Johnny', 'Ella', 'Maryann']
['Eduardo', 'Julie', 'Carol', 'Marge']
['Minnie', 'Miriam', 'Joshua', 'Ericka']
['Rafael', 'Carlos', 'Fletcher', 'Mark']
['Vicente', 'Leola', 'Jeff', 'Shirley']
['Bobby', 'Delia', 'Cyndy', 'Kelly']
['Anne', 'Raquel', 'Erica', 'Octavia']
['Shante', 'Edward', 'Tiara', 'Pat']
['Dan', 'Matilda', 'Brandon', 'Rocio']
['Margaret', 'Sally', 'Cara', 'Emilee']
['Marybeth', 'Jennifer', 'Ralph', 'Nancy']
['Mona', 'Jane', 'Michelle', 'Christine']
['Alvin', 'Lizzie', 'Karen', 'Colin']
['Lorenzo', 'Gerald', 'Gregory', 'Lorene']
['Phillip', 'Josie', 'Blanche', 'Carlton']
['Molly', 'Frances', 'Lucy', 'Melissa']
['Toni', 'Doris', 'Julia', 'Jeremy']
['Lisa', 'Latonya', 'Paul', 'Daphne']
['Katrina', 'Hector', 'Porfirio', 'Anna']
['Nellie', 'Jasmine', 'Chris', 'Luis']
['Antonio', 'Gail', 'Brian', 'Isaac']
['Catherine', 'Walter', 'Joy', 'Deandre']
['Clyde', 'Darryl', 'Virginia', 'Heather']
['Hazel', 'Lela', 'Abdul']
['Christopher', 'Shane', 'Lakesha']
['Donald', 'Matthew', 'Dena']
['Krista', 'Vance', 'Arline']
['Lucille', 'William', 'Damian']
['Scotty', 'Samantha', 'Andrea']
['Josephine', 'Brittany', 'Newton']
['Kimberly', 'Melvin', 'Bessie']
['Danielle', 'Brett', 'Laurie']
['Geraldine', 'Brenda', 'Darrin']
['Shawn', 'Arthur', 'Terry']
['Victor', 'Guadalupe', 'Wilfredo']
['Jonathon', 'Devon', 'Barbara']
['Todd', 'Benjamin', 'Carmen']
['Cynthia', 'Dennis', 'Alberta']
['Sam', 'Allen', 'Tammy']
['Carolyn', 'Beatriz', 'Ashley']
['Jean', 'Elvera', 'Casandra']
['Debbie', 'Kathryne', 'Christiana']
['Esther', 'Edwin', 'Helen']
