['8F75EC', '0E6FA7', '8963E1', 'FBB00D', '882258', '29267F', '1F6554', '5F88E7', '40C7FF', '4A32EA', '8806E7', 'E277CB', '33ABEE', 'BB986B', '36FCBF', '920715', '861E09', 'BB9072', 'F4C13E', 'C3678B']
['10BBE1', '415552', '1600AD', '18AEFC', 'DF44F5', '189812', 'C8F1A7', '7848BA', '5248A9', '66C38E', '43FE78', '369765', '1350AD', '9DF876', '8FF839', '24A4D1', '8E8C76', '74ADA7', 'DBF47C', '5C016B']
['00CD58', '26DA83', '15AA36', 'E81232', '95F017', 'C2A74D', '9C4F00', 'DB6CBF', 'D8849E', '601CA7', 'B4BD91', '9B09E5', '739ABF', '7D4045', 'F33ACF', '255208', 'C0A19A', 'D83AF7', '2E4B9D', '4BC7D0']
['2F584A', '82F466', 'B166D1', '6E3DED', '09FFA6', 'CED5FC', 'FE7E47', '552199', '1D9893', '76131B', 'C9EF6D', 'C07CCC', '01E026', 'F448AE', 'B85F11', 'B13536', '87EE7F', '935873', '414B77', '400D20']
['3235BA', 'F28C7F', 'F9EB1F', 'F7F9CB', '3A0D10', 'EB3718', '7C8A3D', '1D39ED', '4E8355', '83752D', 'B4257C', 'F13455', '9C4CA5', 'C19610', '4C0FCD', '463E2C', '8ECA84', '364B78', 'D8492F', '00C269']
['FBF275', '2215AE', '4BD8B1', '6246E1', 'A1D29E', '0FE5DD', 'EE9200', '2B3DD7', '49EEB4', '0264AF', '865328', 'E9F19A', 'CD374A', 'D31361', 'E0044F', '4430C2', '31B801', 'FCD63D', '5E2607', '90E78E']
['AF83FA', '66547C', '4AC817', '31B17E', 'D0E36A', 'FC75E7', 'D883C0', '5C0D69', '2D2248', '82BD08', '177A03', 'ABE83F', '219F75', '94AED5', 'B0C2D3', '43F505', 'B38307', 'FECCAB', '93D432', '49EB71']
['8EC8D8', 'F37211', 'E77DD8', '3B6837', '5451FF', '923B8C', 'B6FA16', '5B4152', 'E15D93', 'BCD2F5', 'E46F9E', '511040', '893D61', 'A89402', '6E7E64', 'B00B7F', '85CFC7', 'CB5EDA', '82B105', '608F21']
['6EEE66', '3D830C', '94C20E', 'CC4384', '42EE34', '593AF4', 'E1B665', '4AE7C7', 'FD33F7', '398310', '0E78AA', '1330B3', '2819EE', 'E492E0', '7C730C', 'C5416A', 'DDB7C8', 'E2701A', 'B78EF9', '34ACF3']
['EF37A6', 'CC66B0', '73F93C', 'CA893B', '5BC875', 'B56D74', 'D2BDB6', '04279E', '92C42A', '037831', 'AD6105', 'B8B01F', 'E3583F', '81E0FA', '187923', '6C1A62', '593840', '8D43AD', 'C96CD6', '1B06C5']
['7AADBC', '77EB41', 'E1A380', 'F85131', '09944C', '3CB50A', 'EED7BB', '99392B', '9330C0', 'F1DB81', '83ACF7', 'E33128', '2BEC39', '2D4D61', '9D6554', '1986A0', '5A5DE8', 'D6DD9E', '380FF7', '099A40']
['9923B4', '89A551', '8BEC15', '81A856', '2F46CD', '2961DB', 'FB3B86', '9C5DCF', '2B8E0B', '605983', 'E191B0', '848C87', '6D4DDC', '326662', '747199', 'DE6241', 'E479C8', '0AC7A0', '7B325B', '4C1D36']
['81DA52', 'EB7E6A', '1E571E', '420711', '6C5208', 'B2A692', '8883AC', '846154', '30EA83', 'D50881', 'B32674', '718436', 'C60FE7', 'C1CAB9', '3E7F60', '052CC7', '88E0AE', '05473A', '0C3AFF', 'A03FB7']
['77B9A5', '1CAAAC', 'F9011B', '1A770B', '068D28', 'DCB902', '2C02B7', '2D56C1', '72D023', 'C34593', '5AF312', '1F4650', '52FB79', 'AC34B5', 'D78522', '5C5B8D', '1FBE40', 'C54164', 'B2C529', 'F1B367']
['F545E1', 'DDA295', '0C4437', '22394B', '7CC3A7', 'B0F05D', '7FADE3', '2E6B38', '5A681E', 'D65E29', '292CB3', '3F75A9', '696B37', '0FC6EE', '5D4F2F', 'FF3177', 'CD5322', '7FE1F2', 'E4C3BA', 'EB90EE']
['C748A2', '468F31', '66F8EA', 'EFBA0C', '4DBE20', '55B952', '1DD8D0', '29D22B', '5ADC6D', '035E05', '7647CD', '2B8F4B', '7F8E1D', 'D049CD', '0231A4', '4D74EB', '6C3CD5', '35DA72', '273165', '1743CD']
['AAAF0B', '81A0D3', 'E4F6EF', '3D4600', 'C0EA59', '9ABAFB', 'B6ACFC', '8AC55C', '929578', '1E0B30', '0525B9', '4FCF52', '9BAC71', '6BF4D3', 'EC35B5', '0B99EF', 'F4EDF8', '0A3E48', '89372A', '3E6399']
['9FCB42', '71AC6D', 'EB9D60', '0CFFC9', '58ED2B', '160ED4', 'EC2626', '20C0D0', '52BFE5', '2EDC82', '5332A9', 'D2EB79', '26DB4C', '1656DC', '943005', 'EEF23E', '05F2DC', 'D324E7', 'DFE9C6', '54C37C']
['78DB65', '2DE42A', '28CCA5', '75C017', 'F2B7FD', '316244', 'BE3703', '206150', '8254EB', '5E4F6B', 'FCB503', 'FAB638', '69FD70', '25B295', '78E144', 'A5F27A', '09CFE9', 'B2C27D', '1D0C35', '992AEE']
['833C34', '628552', '51197D', '45CE10', '46371B', 'F32B0B', '6833E8', '6D4C8F', 'CC08F5', 'FFD642', '34E9FE', 'A34095', '14A3E7', 'EDB261', 'A4EAD9', '3228BB', '31C6A3', '5C91EE', '60B803', '1C3933']
['770A4C', 'CC9A13', 'D363AB', 'F8B91A', 'A0DDCD', '118FE2', 'F3EDD7', '565E46', '5BEDDF', 'F61AD7', 'D78532', 'CE0D10', '1D4417', '99E133', '56B4C2', 'E7EFA5', '30C157', '7334F9', '917501', '9D8AD8']
['0D6A28', 'A4FCD1', 'D0E5BE', '88FFF8', '57FCD8', '539972', '4EBF50', '3963FC', '5C4F81', '0AFD91', '026256', '3D046E', '26B294', '478A7C', '9CE56C', '1D528C', '244528', '3EF396', 'AB96B9', 'DBDDB5']
['75002A', '98497D', '503A55', '41AFC9', 'C4882F', '39CAB7', '1866E0', '7B306C', 'D6F426', '19EFAF', '38515C', '5ABFA9', '18D668', 'D79D49', '77042F', '5D5C76', '80F9BC', '38EA17', 'DF5F9C', '940AC5']
['C69699', 'BA6187', 'D8A834', 'A4F4BB', '113E1F', '47063A', 'FD1DAC', '26C6B9', 'BC38A8', '73271F', 'CBE0EA', 'E93252', '9C0B9D', 'D2F8E5', 'E8C5B8', 'D98FB6', '823C51', '66B93A', 'BA7ED0', '5A3E90']
['6AFCAC', '62BC31', '8DF985', '029563', 'A911EF', '98B1CA', 'B49939', 'BE5B1D', '6DCBC8', 'D9180C', '1D216B', '3FAE1E', '29BFBC', '03B42D', 'B2CB4D', '97D861', '672145', '71AE93', 'E8A38A', '4BBAFA']
