['Else', 'Daphene', 'Bernice', 'Georgeanne', 'Tim', 'Yolanda', 'Fredericka', 'Sonni', 'Yovonnda', 'Hedwiga', 'Colline', 'Gianina', 'Adriane', 'Leda', 'Nicki']
['Kellsie', 'Carroll', 'Johanna', 'Jaynell', 'Malva', 'Britney', 'Martina', 'Paige', 'Meggi', 'Maxie', 'Moyna', 'Serena', 'Oliy', 'Leanora', 'Lisette']
['Kaitlin', 'Kania', 'Annice', 'Belle', 'Willi', 'Marris', 'Desiri', 'Camala', 'Bridgette', 'Claudie', 'Tiffany', 'Josepha', 'Erica', 'Delly', 'Charita']
['Pammy', 'Ingunna', 'Maddalena', 'Alexandrina', 'Nicoli', 'Gavra', 'Row', 'Arlee', 'Allene', 'Ruperta', 'Tarra', 'Marcella', 'Cristen', 'Kellie', 'Alia']
['Catha', 'Charmine', 'Athena', 'Madelena', 'Dita', 'Natalya', 'Nancie', 'Estella', 'Melloney', 'Diahann', 'Latisha', 'Addi', 'Opal', 'Shanie', 'Lulu']
['Sadye', 'Faythe', 'Stephannie', 'Doris', 'Marisa', 'Cristionna', 'Veradis', 'Cristabel', 'Stefa', 'Noreen', 'Cherilynn', 'Vonni', 'Cathryn', 'Dominica', 'Jorrie']
['Austina', 'Lyda', 'Doroteya', 'Cassondra', 'Mei', 'Ulrike', 'Karie', 'Georgiana', 'Korney', 'Neile', 'Brittan', 'Anette', 'Allie', 'Avivah', 'Jemie']
['Lotte', 'Lira', 'Andie', 'Paulina', 'Tallie', 'Brook', 'Andromache', 'Mufinella', 'Kala', 'Anabel', 'Danni', 'Kiele', 'Lorie', 'Roxane', 'Matilde']
['Sada', 'Edith', 'Kara', 'Morena', 'Jesse', 'Sofie', 'Anabal', 'Teddi', 'Gale', 'Randie', 'Risa', 'Selinda', 'Rhodia', 'Jessamyn', 'Antonietta']
['Carri', 'Tamra', 'Lesly', 'Quintana', 'Sandie', 'Yoshi', 'Gerry', 'Tanitansy', 'Ansley', 'Sileas', 'Agnese', 'Joelly', 'Sile', 'Rita', 'Frankie']
['Britteny', 'Harriet', 'Dyane', 'Haley', 'Marijo', 'Rivkah', 'Aviva', 'Erminia', 'Rosana', 'Fawnia', 'Dorine', 'Shoshana', 'Julie', 'Sherrie', 'Katti']
['Fran', 'Tiffy', 'Chelsy', 'Demetria', 'Roslyn', 'Mariellen', 'Dena', 'Marlena', 'Oralee', 'Eolanda', 'Agneta', 'Xylina', 'Marcie', 'Cindie', 'Terese']
['Clemmie', 'Collete', 'Agnes', 'Ronnica', 'Hortense', 'Gae', 'Kathleen', 'Anabelle', 'Stormi', 'Diane', 'Dotti', 'Alyson', 'Melinde', 'Starlin', 'Corinne']
['Adiana', 'Bekki', 'Beatrice', 'Yetta', 'Monique', 'Marabel', 'Jacqui', 'Conchita', 'Amalee', 'Shirl', 'Birgitta', 'Rosene', 'Euphemia', 'Mirna', 'Gabbie']
['Brigitte', 'Eve', 'Debora', 'Stesha', 'Casi', 'Brear', 'Myrtle', 'Helyn', 'Drusy', 'Inga', 'Millisent', 'Nelie', 'Peg', 'Dee', 'Eran']
['Marlie', 'Nedda', 'Gwennie', 'Lorain', 'Netty', 'Reggi', 'Clemence', 'Kaitlynn', 'Mechelle', 'Sheila', 'Carla', 'Briny', 'Laverne', 'Nissie', 'Silva']
['Bertie', 'Fernande', 'Joanna', 'Brunhilda', 'Rosamond', 'Ramonda', 'Rowena', 'Kathryn', 'Caryn', 'Thia', 'Mair', 'Della', 'Livy', 'Mella', 'Valli']
['Elvera', 'Idelle', 'Babara', 'Tani', 'Jolie', 'Vanni', 'Patty', 'Kathy', 'Ranice', 'Jen', 'Gaby', 'Vicky', 'Bonita', 'Eulalie', 'Nanon']
['Noell', 'Janice', 'Cassandra', 'Zenia', 'Clarissa', 'Vinni', 'Missy', 'Tamara', 'Tiphanie', 'Orsa', 'Winifred', 'Idalina', 'Krissy', 'Agatha', 'Angelica']
['Lani', 'Zulema', 'Flory', 'Cheslie', 'Kittie', 'Fania', 'Lynnet', 'Anastassia', 'Lorena', 'Rhody', 'Corly', 'Estele', 'Lydie', 'Sula', 'Emelda']
