['Loris4', 'Iacopo2', 'Ursula5', 'Ferdinando0', 'Walter7', 'Sirio1', 'Radames4', 'Nabil5', 'Nico6', 'Amedeo6', 'Primo9', 'Ione9', 'Cosetta2', 'Deborah9', 'Nestore5', 'Gianantonio6', 'Alighieri1', 'Antonio9', 'Teseo4', 'Laerte0']
['Hector0', 'Samira4', 'Clodovea1', 'Augusto8', 'Sebastian4', 'Giacobbe7', 'Sarita4', 'Sandro2', 'Sirio6', 'Raniero0', 'Arturo8', 'Anselmo8', 'Osea0', 'Danuta0', 'Olimpia3', 'Ulrico6', 'Bettino1', 'Celeste4', 'Davide1', 'Irene7']
['Odone9', 'Azue3', 'Primo1', 'Noel4', 'Renzo5', 'Emidio9', 'Loretta4', 'Penelope7', 'Sibilla4', 'Gregorio7', 'Dylan9', 'Lazzaro2', 'Armando0', 'Ferdinando6', 'Liborio4', 'Cirino1', 'Marcella4', 'Marino4', 'Albino1', 'Leonardo1']
['Edipo5', 'Marianita7', 'Cleros5', 'Marzio7', 'Jack2', 'Sue2', 'Erminia8', 'Maggiore2', 'Loredana0', 'Ercole1', 'Manfredi5', 'Mariagiulia0', 'Oreste0', 'Damiana9', 'Tazio1', 'Ariel9', 'Luce0', 'Cleros2', 'Rebecca2', 'Max1']
['Marzio5', 'Anselmo3', 'Mariagiulia4', 'Mietta0', 'Avide3', 'Gioacchino6', 'Alessandro3', 'Nestore8', 'Demis1', 'Marzio6', 'Sabino2', 'Elio8', 'Loredana6', 'Aroldo4', 'Siro8', 'Tommaso8', 'Ermes9', 'Timoteo5', 'Moreno5', 'Orfeo9']
['Odino9', 'Elsa1', 'Anastasio3', 'Gianriccardo3', 'Karim1', 'Filomena3', 'Patrizio4', 'Maika9', 'Terzo7', 'Fortunata0', 'Silvano4', 'Giulietta7', 'Thea5', 'Jari0', 'Mariagiulia9', 'Marianita5', 'Tristano5', 'Caio6', 'Rosalba1', 'Lidia6']
['Akira3', 'Giacinto6', 'Guido1', 'Secondo5', 'Erminio4', 'Fiorenzo1', 'Jacopo4', 'Brigitta8', 'Rosalino2', 'Demis2', 'Anastasio7', 'Audenico0', 'Oretta5', 'Davide5', 'Gavino8', 'Erminia5', 'Joseph3', 'Marcella0', 'Folco0', 'Pablo9']
['Giancarlo3', 'Marzio4', 'Fiorenzo8', 'Xavier7', 'Secondo0', 'Lino4', 'Arduino5', 'Fabiano3', 'Kayla3', 'Elsa0', 'Gianmaria7', 'Alighiero7', 'Maruska3', 'Michael4', 'Enzo6', 'Eriberto1', 'Nestore7', 'Demi6', 'Ileana5', 'Rebecca6']
['Elda2', 'Edilio5', 'Guendalina3', 'Umberto9', 'Lorenzo9', 'Furio5', 'Siro2', 'Marvin0', 'Fiorentino3', 'Folco6', 'Laerte5', 'Concetta5', 'Mietta1', 'Clodovea2', 'Cleros7', 'Marianita1', 'Brigitta5', 'Ian0', 'Concetta9', 'Antonino6']
['Umberto6', 'Miriana9', 'Luigi4', 'Ian2', 'Genziana8', 'Cleopatra1', 'Ermes4', 'Osea9', 'Giorgio2', 'Noah6', 'Carlo1', 'Fortunata6', 'Rosaria8', 'Lidia4', 'Mietta2', 'Arcibaldo8', 'Ausonio0', 'Odino6', 'Ilario9', 'Rodolfo9']
['Cleopatra7', 'Deborah2', 'Benedetta4', 'Laura9', 'Liborio8', 'Radames1', 'Kris2', 'Tazio7', 'Nathan2', 'Gianantonio3', 'Elga3', 'Santo9', 'Noah0', 'Muzio8', 'Nathan9', 'Leonardo7', 'Fabiano1', 'Eustachio1', 'Tancredi6', 'Danthon5']
['Mirko4', 'Luigi7', 'Isabel6', 'Mirko6', 'Alessio7', 'Kris3', 'Rita6', 'Eustachio2', 'Nestore6', 'Romeo4', 'Giobbe6', 'Lauro3', 'Modesto4', 'Caligola0', 'Penelope5', 'Primo3', 'Xavier5', 'Doriana2', 'Filomena4', 'Fabio8']
['Luce6', 'Timoteo4', 'Vera2', 'Gaetano5', 'Caligola7', 'Quasimodo0', 'Claudia1', 'Mauro7', 'Odone4', 'Anselmo9', 'Nayade9', 'Gregorio2', 'Vania3', 'Enzo7', 'Italo9', 'Marina4', 'Cleopatra5', 'Sabatino1', 'Umberto0', 'Sasha9']
['Elio3', 'Demi9', 'Miriam8', 'Joshua3', 'Thea4', 'Ercole8', 'Gioacchino7', 'Cleros4', 'Valdo9', 'Edilio2', 'Bibiana4', 'Sarita7', 'Gilda5', 'Ettore0', 'Eriberto9', 'Gilda2', 'Siro0', 'Edipo4', 'Alessio3', 'Artes8']
['Iacopo1', 'Valdo2', 'Karim8', 'Nicoletta3', 'Nestore4', 'Costantino7', 'Mariano0', 'Renato5', 'Donatella7', 'Trevis3', 'Nazzareno0', 'Kayla9', 'Tristano8', 'Benedetta5', 'Gianriccardo2', 'Ercole4', 'Mattia9', 'Cleopatra8', 'Odone8', 'Santo3']
['Maika6', 'Cassiopea3', 'Eusebio6', 'Joannes5', 'Giorgio3', 'Fiorenzo7', 'Fatima2', 'Elda4', 'Amedeo5', 'Flaviana6', 'Raoul7', 'Antimo9', 'Gelsomina6', 'Dante0', 'Ludovico2', 'Enzo3', 'Lia2', 'Jarno1', 'Diamante6', 'Battista3']
['Folco3', 'Bibiana6', 'Jari2', 'Giulio2', 'Emanuel1', 'Ludovico9', 'Prisca3', 'Emanuel3', 'Zelida4', 'Monia8', 'Bortolo5', 'Folco4', 'Cassiopea9', 'Vania2', 'Lidia0', 'Cesidia8', 'Graziano0', 'Armando8', 'Ruth1', 'Ercole9']
['Zaccaria2', 'Rosalino0', 'Marcella3', 'Kai5', 'Fabio9', 'Mattia6', 'Rosita1', 'Miriam7', 'Damiana2', 'Osea1', 'Renzo6', 'Quirino1', 'Piersilvio3', 'Tolomeo6', 'Caio2', 'Deborah4', 'Costanzo6', 'Michele7', 'Walter1', 'Soriana6']
['Sesto8', 'Ethan9', 'Maggiore3', 'Amedeo1', 'Benedetta1', 'Prisca2', 'Demis3', 'Oretta9', 'Laerte9', 'Eusebio3', 'Sesto4', 'Miriana7', 'Dante5', 'Fatima0', 'Marino8', 'Violante6', 'Adriano1', 'Lamberto6', 'Osvaldo5', 'Pacifico5']
['Michael9', 'Pierfrancesco0', 'Mecren9', 'Giorgio6', 'Assia4', 'Celeste3', 'Priamo8', 'Tolomeo0', 'Giovanna3', 'Cira8', 'Evangelista9', 'Enrico1', 'Carmela6', 'Armando5', 'Matilde9', 'Cira7', 'Bortolo9', 'Sebastian2', 'Marina7', 'Gerlando9']
['Orfeo1', 'Isabel1', 'Mariagiulia3', 'Lauro5', 'Giordano5', 'Nestore3', 'Priamo0', 'Leonardo0', 'Alan9', 'Bettino8', 'Timoteo9', 'Tancredi5', 'Trevis2', 'Egisto1', 'Siro9', 'Domiziano7', 'Joshua0', 'Sue0', 'Orfeo7', 'Jole3']
['Adriano0', 'Rosalba8', 'Rosolino0', 'Concetta1', 'Alberto5', 'Marieva7', 'Sesto2', 'Miriana4', 'Pacifico0', 'Davide8', 'Marina6', 'Ubaldo1', 'Amerigo1', 'Ubaldo2', 'Marianita8', 'Gaetano4', 'Marieva8', 'Cleros6', 'Carmela3', 'Orfeo5']
['Pietro1', 'Baldassarre3', 'Nico1', 'Erminio9', 'Pablo7', 'Edilio6', 'Joseph7', 'Laura1', 'Italo5', 'Mecren5', 'Amerigo5', 'Eriberto7', 'Emanuel7', 'Loretta1', 'Fatima9', 'Fernando8', 'Rebecca5', 'Lisa0', 'Romeo2', 'Eliziario6']
['Giovanna5', 'Gianantonio5', 'Piersilvio0', 'Quarto3', 'Elga8', 'Erminia2', 'Cassiopea8', 'Tancredi4', 'Serse1', 'Siro3', 'Radames7', 'Gianleonardo6', 'Rufo5', 'Nathan3', 'Enzo0', 'Costanzo4', 'Ethan7', 'Matteo9', 'Jelena1', 'Arduino8']
['Walter3', 'Diamante4', 'Carmelo4', 'Jacopo3', 'Ivano3', 'Monia6', 'Sasha7', 'Ercole2', 'Gianmarco5', 'Assia0', 'Ethan3', 'Claudia6', 'Folco8', 'Samira6', 'Vinicio8', 'Rocco9', 'Mattia1', 'Guido6', 'Trevis8', 'Orfeo4']
