['Billy', 'Prudi', 'Erma', 'Una', 'Willabella', 'Madalena', 'Valentine', 'Ashlen', 'Paula', 'Chris', 'Therine', 'Alyce', 'Jobina', 'Minnnie', 'Matilda', 'Magdaia', 'Brenn', 'Isabelle']
['Jaclyn', 'Cynde', 'Lila', 'Darcee', 'Rosalinde', 'Lorna', 'Vickie', 'Ethelind', 'Pansie', 'Miquela', 'Midge', 'Zorana', 'Fawne', 'Harrie', 'Marjie', 'Delila', 'Allsun', 'Starr']
['Ashely', 'Mariette', 'Maryl', 'Wendeline', 'Paulette', 'Stepha', 'Almeda', 'Ardine', 'Ula', 'Tessy', 'SheilaKathryn', 'Anya', 'Clemmy', 'Grazia', 'Feliza', 'Laverne', 'Kaylyn', 'Noelyn']
['Lacey', 'Misti', 'Joycelin', 'Debby', 'Jolie', 'Herminia', 'Katha', 'Toma', 'Kristin', 'Debbie', 'Analise', 'Gussy', 'Silva', 'Sallyanne', 'Kalindi', 'Jada', 'Henrietta', 'Shelli']
['Merrielle', 'Nerissa', 'Laureen', 'Claudina', 'Jane', 'Meggy', 'Neila', 'Brigid', 'Lorrin', 'Marylou', 'Deeann', 'Tatiana', 'Jennica', 'Henriette', 'Dana', 'Gerianna', 'Tresa', 'Imogen']
['Siusan', 'Aubrette', 'Corella', 'Toni', 'Dolores', 'Tammy', 'Janette', 'Kania', 'Kinna', 'Hyacinth', 'Wilow', 'Gigi', 'Dayle', 'Arleyne', 'Cecelia', 'Jsandye', 'Shayna', 'Loria']
['Karlotta', 'Eadie', 'Pia', 'Reggi', 'Thomasina', 'Jacquenette', 'Callie', 'Tressa', 'Susana', 'Hendrika', 'Alvina', 'Cate', 'Dulcea', 'Patience', 'Faith', 'Vilma', 'Vonny', 'Paulina']
['Edeline', 'Lilla', 'Genna', 'Marla', 'Esmaria', 'Andree', 'Constantina', 'Meris', 'Rebbecca', 'Flori', 'Ortensia', 'Madonna', 'Daisi', 'Myrilla', 'Thalia', 'Kata', 'Kelcey', 'Rosene']
['Natalina', 'Amabel', 'Eula', 'Natala', 'Inna', 'Sue', 'Emmalynne', 'Kathlin', 'Mareah', 'Raye', 'Riannon', 'Devinne', 'Elayne', 'Jodi', 'Lindsy', 'Barbe', 'Harriett', 'Nelia']
['Moyra', 'Vin', 'Rosina', 'Veronike', 'Avivah', 'AnnaDiane', 'Ivie', 'Kacey', 'Uta', 'Clari', 'Laurice', 'Melodie', 'Gwendolen', 'Shani', 'Hatty', 'Eddi', 'Madelin', 'Chelsea']
['Kellen', 'Gerrilee', 'Raven', 'Phedra', 'Nerta', 'Joleen', 'AnnaDiana', 'Natka', 'Ardenia', 'Tamarah', 'Linette', 'Idalina', 'Tersina', 'Rosalind', 'Melva', 'Geri', 'Constantia', 'Kerstin']
['Lanni', 'Sheilah', 'Saundra', 'Wilone', 'Zita', 'Sheree', 'Ashli', 'Licha', 'Vanessa', 'Brandie', 'Catina', 'Terra', 'Costanza', 'Kylen', 'Keri', 'Tiffani', 'Heidie', 'Sheeree']
['Eve', 'Geralda', 'Bessy', 'Carline', 'Raine', 'Cinnamon', 'Cayla', 'Trista', 'Dulcie', 'Idell', 'Nadine', 'Leora', 'Laraine', 'Karol', 'Maryjo', 'Tybi', 'Randene', 'HelenElizabeth']
['Nolana', 'Lettie', 'Pollyanna', 'Tobi', 'Tamarra', 'Nevsa', 'Megan', 'Leona', 'Corey', 'Sharla', 'Cordy', 'Sherline', 'Arliene', 'Jeannine', 'Phil', 'Cammie', 'Janey', 'Marice']
['Tilda', 'Dianna', 'Crystie', 'Elisabet', 'Lavinia', 'Jessika', 'Evangeline', 'Liz', 'Lois', 'Erna', 'Laverna', 'Valerie', 'Blake', 'Annalee', 'Livia', 'Camilla', 'Vi', 'Honey']
['Pippy', 'Sharron', 'Christin', 'Garland', 'Renelle', 'Courtnay', 'Lyn', 'Heather', 'Bria', 'Cherry', 'Vallie', 'Ealasaid', 'Sephira', 'Cordie', 'Koressa', 'Lona', 'Brynne', 'Ginger']
['Mehetabel', 'Brandise', 'Karisa', 'Jeannie', 'Jess', 'Oliy', 'Carree', 'Merline', 'Biddie', 'Coral', 'Lisabeth', 'Fayth', 'Fayina', 'Emelina', 'Mia', 'Clemmie', 'Siobhan', 'Emilee']
['Reeva', 'Kettie', 'Jorey', 'Shayne', 'Gaynor', 'Marlyn', 'Libbi', 'Romonda', 'Kay', 'Fredelia', 'Phillis', 'Viva', 'Shay', 'Lina', 'Erinna', 'Bibbie', 'Shelby', 'Emmy']
['Mariejeanne', 'Tova', 'Neilla', 'Bonnee', 'Genni', 'Lorraine', 'Elinor', 'Annie', 'Sibylle', 'Susi', 'Lori', 'Jasmin', 'Penny', 'Jaime', 'Laura', 'Serena', 'Giselle', 'Betteanne']
['Essa', 'Gayle', 'Kial', 'Edi', 'Anjanette', 'Sara', 'Suellen', 'Tanya', 'Freda', 'Jenna', 'Vivia', 'Rachel', 'Nora', 'Philomena', 'Lynnett', 'Andriette', 'Jeralee', 'Yalonda']
['Maddalena', 'Ondrea', 'Leilah', 'Zoe', 'Camille', 'Sofia', 'Verina', 'Lita', 'Goldina', 'Tanhya', 'Kippy', 'Danell', 'Martguerita', 'Nicoli', 'Sheena', 'Kiersten', 'Corinna', 'Renae']
['Rasla', 'Joannes', 'Shelia', 'Helenka', 'Giralda', 'Christabel', 'Gwenette', 'Kassia', 'Bobbie', 'Robena', 'Charis', 'Pandora', 'Amitie', 'Barbaraanne', 'Jeniffer', 'Dulcia', 'Sayre', 'Madelyn']
['Lillis', 'Christina', 'Marley', 'Pierrette', 'Cristina', 'Nomi', 'Deny', 'Denyse', 'Carlye', 'Lauretta', 'Gabriell', 'Rozanna', 'Coretta', 'Lorena', 'Chrystel', 'Brynna', 'Kora', 'Jeannette']
['Mina', 'Carmelia', 'Sophie', 'Cory', 'Marigold', 'Winifred', 'Mable', 'Reta', 'Katleen', 'Trude', 'Jessamyn', 'Lorinda', 'Milena', 'Lia', 'Roseann', 'Evvy', 'Ray', 'Anthe']
['Drucill', 'Ellie', 'Caryn', 'Marcia', 'Johnette', 'Bell', 'Libby', 'Pavla', 'Goldi', 'Stefa', 'Shaina', 'Katalin', 'Patti', 'Frankie', 'Joly', 'Di', 'Donella', 'Lisbeth']
