['Davis', 'Effie', 'Darin', 'Tonya', 'Leona', 'Wilma', 'Dixie', 'Major', 'Billy', 'Orval', 'Avery', 'Elmer', 'Mable']
['Brian', 'Odell', 'Lauri', 'Lydia', 'Wendy', 'Ronny', 'Willy', 'Misty', 'Sofia', 'Jayne', 'Candy', 'Wanda', 'Roman']
['Merle', 'Berta', 'Ellen', 'Ervin', 'Brant', 'Claud', 'Adele', 'Tasha', 'Clara', 'Viola', 'Wally', 'Britt', 'Daron']
['Jamar', 'Jason', 'Amber', 'Bryan', 'Fritz', 'Casey', 'Jamel', 'Cliff', 'Lucio', 'Nikki', 'Dwain', 'Randi', 'Mitzi']
['Allan', 'Nadia', 'Katie', 'Dario', 'Devin', 'Moshe', 'Chris', 'Laura', 'Marcy', 'Cesar', 'Alice', 'Julia', 'Timmy']
['Hazel', 'Olive', 'Carly', 'Clark', 'Jared', 'Tanya', 'Lanny', 'Cyrus', 'Rhoda', 'Audra', 'Twila', 'Adela', 'Deann']
['Leann', 'Alton', 'Tessa', 'Karin', 'Maria', 'Shaun', 'Bryon', 'Perry', 'Benny', 'Gayle', 'Brock', 'Wendi', 'Pearl']
['Malik', 'Ollie', 'Clint', 'Freda', 'Ahmad', 'Tracy', 'Aaron', 'Daisy', 'Queen', 'Shane', 'Betsy', 'David', 'Sonny']
['April', 'Erick', 'Rhett', 'Kathy', 'Pedro', 'Melba', 'Marci', 'Essie', 'Teddy', 'Edwin', 'Terri', 'Sonja', 'Erica']
['Pansy', 'Joann', 'Sammy', 'Jonah', 'Sally', 'Greta', 'Trent', 'Ruben', 'Della', 'Sandy', 'Sadie', 'Leroy', 'Rusty']
['Clyde', 'Chong', 'Robyn', 'Ernie', 'Nancy', 'Kirby', 'Barry', 'Craig', 'Alvin', 'Elvin', 'Mason', 'Percy']
['Louis', 'Roxie', 'Bruno', 'Marla', 'Fidel', 'Elsie', 'Holly', 'Nelda', 'Patti', 'Renee', 'Elvia', 'Leila']
['Amado', 'Dusty', 'Chang', 'Doris', 'Brady', 'Hilda', 'Sheri', 'Dante', 'Tyron', 'Lorie', 'Micah', 'Brent']
['Bryce', 'Homer', 'Linda', 'Helga', 'Steve', 'Becky', 'Terry', 'Hyman', 'Margo', 'Mitch', 'Ilene', 'Annie']
['Elias', 'Vicky', 'Tommy', 'Josef', 'Roger', 'Felix', 'Lorna', 'Irvin', 'Josie', 'Emery', 'Kayla', 'Verna']
['Issac', 'Maura', 'Vilma', 'Janis', 'Moses', 'Cindy', 'Basil', 'Jacob', 'Kelly', 'Jaime', 'Erika', 'Emily']
['Lacey', 'Lyman', 'Garry', 'Eddie', 'Ariel', 'Chase', 'Staci', 'Monty', 'Donny', 'Ebony', 'Sybil', 'Donna']
['Robin', 'Wyatt', 'Joyce', 'Carla', 'Mandy', 'Corey', 'Tammi', 'Marty', 'Buddy', 'Mario', 'Naomi', 'Bette']
['Grant', 'Debra', 'Elena', 'James', 'Kevin', 'Quinn', 'Randy', 'Myron', 'Zelma', 'Bobbi', 'Tonia', 'Aline']
['Peter', 'Mikel', 'Maude', 'Paige', 'Karen', 'Flora', 'Janet', 'Julio', 'Rufus', 'Mamie', 'Arlen', 'Danny']
