['Mason', 'Milo', 'Silas', 'Rylan', 'Christian', 'Brody', 'Jack', 'Graham', 'Isaiah', 'Timothy']
['Clayton', 'Riley', 'Phoenix', 'Robert', 'Maverick', 'Joshua', 'Greyson', 'Lukas', 'Josue', 'Benjamin']
['Messiah', 'Chase', 'Antonio', 'Carlos', 'Preston', 'Waylon', 'Eduardo', 'Nathaniel', 'Henry', 'Vincent']
['am', 'August', 'Aidan', 'Brayden', 'Avery', 'Thomas', 'Lorenzo', 'Maximus', 'Francisco', 'Tristan']
['Xavier', 'Kingston', 'Griffin', 'Dylan', 'Bentley', 'Iker', 'Ian', 'Paul', 'Chance', 'Jonathan']
['Connor', 'Emiliano', 'Miles', 'Kayden', 'Emerson', 'Maxwell', 'Zachary', 'Karter', 'Jacob', 'Arthur']
['Cayden', 'Asher', 'Beau', 'Nash', 'Reid', 'Steven', 'Colton', 'Luis', 'Finn', 'Eric']
['Giovanni', 'Gunner', 'Jose', 'Nicholas', 'Hunter', 'Wyatt', 'Damian', 'Emilio', 'Jaxson', 'Anthony']
['John', 'Felix', 'Weston', 'Oscar', 'Bryson', 'Enzo', 'Theodore', 'Santiago', 'Aiden', 'Bryan']
['Judah', 'Sawyer', 'Hayden', 'Alan', 'Tobias', 'Oliver', 'Bradley', 'Kyrie', 'Cooper', 'Nicolas']
['Luca', 'Jeremiah', 'Ezra', 'Ethan', 'Edward', 'Simon', 'Christopher', 'Myles', 'Rowan', 'Brady']
['Jorge', 'Omar', 'Brantley', 'Richard', 'Alex', 'Paxton', 'Jax', 'Nathan', 'Ezekiel', 'Jaden']
['Barrett', 'Beckett', 'Ashton', 'Jake', 'Jason', 'Peter', 'Grayson', 'Colt', 'Owen', 'Luke']
['Braxton', 'Stephen', 'Isaac', 'Gabriel', 'Leonardo', 'Dean', 'Elijah', 'Zane', 'Miguel', 'Caden']
['Diego', 'Martin', 'Alejandro', 'Matteo', 'Jordan', 'Josiah', 'Micah', 'Jesse', 'Lucas', 'Killian']
['Israel', 'Archer', 'Malachi', 'Caleb', 'Jesus', 'Knox', 'Bennett', 'Daniel', 'Ace', 'Austin']
['Calvin', 'Derek', 'Kai', 'Ryan', 'Holden', 'Harrison', 'Cody', 'Amari', 'Cole', 'Wesley']
['Legend', 'Marcus', 'Dawson', 'Adam', 'Cameron', 'Jackson', 'Joseph', 'Samuel', 'Angel', 'Bryce']
['James', 'Emmett', 'Michael', 'Jeremy', 'Abraham', 'Max', 'Camden', 'Levi', 'Javier', 'Easton']
['Rhett', 'Leo', 'River', 'Matthew', 'Zion', 'Theo', 'Tyler', 'Sebastian', 'Rafael', 'Kevin']
['Gavin', 'Nolan', 'Andrew', 'Louis', 'Alexander', 'Adriel', 'David', 'Thiago', 'Juan', 'Carson']
['Sean', 'William', 'Everett', 'Parker', 'Zander', 'Karson', 'Victor', 'Mark', 'Logan']
['Brooks', 'Andres', 'Evan', 'Damien', 'Zayden', 'King', 'Axel', 'Dallas', 'Ryker']
['Remington', 'Jude', 'Finley', 'Patrick', 'Kaden', 'Mateo', 'Gael', 'George', 'Ivan']
['Declan', 'Jasper', 'Landon', 'Aaron', 'Xander', 'Kenneth', 'Justin', 'Lincoln', 'Charles']
['Elias', 'Eli', 'Andre', 'Adrian', 'Tucker', 'Joel', 'Brian', 'Brandon', 'Kyle']
['Cash', 'Beckham', 'Noah', 'Elliott', 'Leon', 'Blake', 'Jaxon', 'Emmanuel', 'Jameson']
['Colin', 'Kaleb', 'Jayce', 'Matias', 'Jayden', 'Abel', 'Tanner', 'Erick', 'Manuel']
['Jonah', 'Hudson', 'Corbin', 'Charlie', 'Walter', 'Julian', 'Maddox', 'Elliot', 'Jace']
['Dominic', 'Amir', 'Kaiden', 'Grant', 'Ayden', 'Kameron', 'Ryder', 'Roman', 'Carter']
