['Hesham', 'Tayseer', 'Ron', 'Deriyon', 'Emree', 'Lilienne', 'Sashya', 'Amonti', 'Antrone', 'Jebediah', 'Orren']
['Elisah', 'Griffon', 'Gauge', 'Raeleigh', 'Terriona', 'Jahred', 'Asa', 'Hugo', 'Nakari', 'Kyo', 'Ailene']
['Eeliyah', 'Kobe', 'Benito', 'Kemily', 'Dyami', 'Jarrell', 'Fox', 'Merary', 'Aarohi', 'Tahir', 'Lukis']
['Xaviel', 'Arsalan', 'Rosalio', 'Tayyab', 'Brydan', 'Marwan', 'Tasi', 'Antwane', 'Kenzington', 'Doyle', 'Elway']
['Kyston', 'Marcellius', 'Artyom', 'Jameisha', 'Merlina', 'Demetreus', 'Harlem', 'Trenise', 'Keili', 'Ancel', 'Siena']
['Rayne', 'Tanyla', 'Marcellino', 'Yajahira', 'Chyna', 'Detravion', 'Aryeh', 'Ettel', 'Sanae', 'Matt', 'Gracia']
['Coraline', 'Sussy', 'Cicily', 'Jarem', 'Jaleesa', 'Kay', 'Emmanuela', 'Daxen', 'Alayasia', 'Jirah', 'Nidhi']
['Jahlen', 'Deedra', 'Aylana', 'Jasiya', 'Donnelle', 'Bailei', 'Malaja', 'Mikelle', 'Lada', 'Rey', 'Gunther']
['Hakop', 'Tyannah', 'Suri', 'Ally', 'Nethra', 'Sagan', 'Aysenur', 'Jaquan', 'Ilyn', 'Fabrizzio', 'Janine']
['Amr', 'Salif', 'Guadalupe', 'Taegan', 'Litsy', 'Coulson', 'Chidi', 'Jaaziah', 'Abaan', 'Apollonia', 'Lizmari']
['Colie', 'Miley', 'Stefanny', 'Abdulrehman', 'Juliano', 'Iris', 'Markise', 'Lazaria', 'Bow', 'Delara', 'Rexford']
['Shy', 'Reynaldo', 'Ahnaya', 'Gyzelle', 'Dhalia', 'Mylie', 'Rohil', 'Ishmel', 'Halo', 'Donnovan', 'Merissa']
['Treyonna', 'Zaahir', 'Antonin', 'Rielly', 'Zamyah', 'Keyin', 'Ayahna', 'Kamora', 'Jazir', 'Sincere', 'Sinia']
['Jersi', 'Eliziah', 'Taye', 'Khamil', 'Emmely', 'Marnae', 'Gwendolynn', 'Vanesa', 'Ganon', 'Lealand', 'Liat']
['Yarithza', 'Zolin', 'Michai', 'Braeley', 'Noha', 'Charlize', 'Kayliann', 'Avielle', 'Nitzia', 'Tobechi', 'Alyze']
['Tralyn', 'Haya', 'Ori', 'Dell', 'Janesha', 'Blaine', 'Tam', 'Aibhilin', 'Marifer', 'Mircale', 'Shiala']
['Delisha', 'Liann', 'Kaira', 'Jamear', 'Mykenna', 'Sihaam', 'Amritha', 'Amor', 'Azavier', 'Khloee', 'Casondra']
['Dea', 'Ramses', 'Abdulraheem', 'Jaydah', 'Natasia', 'Marialy', 'Aayana', 'Jalilah', 'Aleiyah', 'Aanyah', 'Sharlene']
['Lamariah', 'Noami', 'Anagha', 'Gertrude', 'Charlett', 'Casandra', 'Akasha', 'Kensleigh', 'Anadalay', 'Stafford', 'Dashun']
['Dairon', 'Analiah', 'Dorcas', 'Zackrey', 'Jabes', 'Jekeria', 'Basha', 'Mariaelena', 'Gor', 'Cyris', 'Julia']
['Kenzo', 'Larry', 'Jamaine', 'Ricky', 'Brenya', 'Keemya', 'Vyncent', 'Dhyan', 'Mikea', 'Kariana', 'Hallei']
['Guy', 'Jandre', 'Desteni', 'Devaun', 'Navia', 'Adanna', 'Jasahn', 'Jaimarie', 'Evangelyne', 'Kinzie', 'Keion']
['Jaquis', 'Nancy', 'Leni', 'Jema', 'Shamiyah', 'Olive', 'Kenniyah', 'Sameeha', 'Niemah', 'Derionna', 'Hannelore']
['Zahriyah', 'Nayara', 'Yu', 'Jeru', 'Kenzlie', 'Cliff', 'Jalyiah', 'Leilah', 'Jamaad', 'Dragon', 'Caliegh']
['Taigen', 'Marik', 'Trystian', 'Seiry', 'Shelbee', 'Kairy', 'Jamonte', 'Lailani', 'Kaeley', 'Carsten', 'Deliany']
['Yarisbel', 'Danyca', 'Jayme', 'Nishta', 'Vedika', 'Fe', 'Khalee', 'Jaeline', 'Katalina', 'Yaire', 'Oviya']
['Helaman', 'Ryleeann', 'Adaisha', 'Mailen', 'Anouk', 'Carena', 'Denize', 'Kalum', 'Trinitey', 'Yavian', 'Saheim']
['Abdoulaziz', 'Azeriah', 'Jatziry', 'Armita', 'Nakaya', 'Jerriah', 'Sabastion', 'Shalonda', 'Mikaelah', 'Rock', 'Hayven']
['Giankarlo', 'Adeleine', 'Kitty', 'Satomi', 'Shanaiya', 'Margie', 'Masud', 'Kameryn', 'Mykaylah', 'Khila', 'Keni']
['Bright', 'Andriy', 'Dessie', 'Aman', 'Jacob', 'Oluwatobi', 'Alainna', 'Renyah', 'Ellarie', 'Emilie', 'Adaley']
['Kirrah', 'Davidjr', 'Serra', 'Jailon', 'Nalaya', 'Takia', 'Kvaughn', 'Farah', 'Cylah', 'Tobias']
['Salmaan', 'Shamyia', 'Brinleigh', 'Zayquan', 'Shanell', 'Veena', 'Makyra', 'Zykerria', 'Coi', 'Raymir']
['Alieyah', 'Jerel', 'Avigail', 'Marck', 'Jax', 'Sayd', 'Kellon', 'Kaymarie', 'Sevastian', 'Alyiana']
['Daxx', 'Jemiah', 'Artie', 'Jamiyla', 'Ebany', 'Spartan', 'Monserath', 'Keyvin', 'Samauri', 'Jdan']
['Natsumi', 'Mezmariah', 'Marrius', 'Quintasia', 'Mikyla', 'Abhinav', 'Joed', 'Kapena', 'Jomary', 'Ameerah']
['Kaymi', 'Leighann', 'Anastacio', 'Asha', 'Alaija', 'Handsome', 'Adriene', 'Jezzelle', 'Bailynn', 'Sheniyah']
['Mckaylin', 'Loni', 'Crystina', 'Shannel', 'Soniah', 'Quintavious', 'Quentyn', 'Dajana', 'Dusan', 'Atika']
['Camill', 'Nohely', 'Alison', 'Jaleena', 'Serenety', 'Carine', 'Zoiee', 'Shahid', 'Timia', 'Michaell']
['Kirubel', 'Tashvi', 'Lauralynn', 'Osmin', 'Citlally', 'Deidre', 'Vivica', 'Sevren', 'Anela', 'Thien']
['Srinath', 'Ingrid', 'Elysha', 'Endi', 'Thadius', 'Leib', 'Shakila', 'Jesus', 'Venezia', 'Adysen']
['Anwesha', 'Shardae', 'Selena', 'Aley', 'Aizik', 'Abriyana', 'Jophy', 'Jesalyn', 'Seleen', 'Kaeleen']
['Estephanie', 'Jakelin', 'Tralaya', 'Hashem', 'Mylani', 'Tafari', 'Tacori', 'Bristol', 'Kaushik', 'Maude']
['Giannie', 'Shamaiya', 'Nakeya', 'Fidel', 'Dereck', 'Evia', 'Soriya', 'Lilyonna', 'Eddieberto', 'Zuzanna']
['Yonason', 'Laticia', 'Thaddius', 'Larrissa', 'Inaki', 'Mylez', 'Kaleo', 'Dominika', 'Lynia', 'Tajuan']
['Isaak', 'Sydelle', 'Dainen', 'Cordai', 'Vinnie', 'Britnee', 'Kimball', 'Feven', 'Chanze', 'Jos']
['Cynae', 'Prakruti', 'Eleah', 'Jovey', 'Milene', 'Lakiyah', 'Montana', 'Treyson', 'Zyeir', 'Jeremias']
['Cisco', 'Farha', 'Zinia', 'Katarina', 'Byron', 'Mumin', 'Johnavan', 'Azzareya', 'Meryl', 'Raphael']
