['aif', 'aef', 'aml', 'adg', 'agb', 'ain', 'akz', 'amx', 'agg', 'acn']
['apc', 'afh', 'ahe', 'aaa', 'adj', 'aiu', 'agk', 'apq', 'abz', 'acl']
['afi', 'asy', 'amm', 'ajg', 'afo', 'aoe', 'aig', 'afk', 'ahs', 'ada']
['apt', 'aqi', 'anl', 'acf', 'abg', 'asm', 'ahv', 'ark', 'asx', 'ali']
['aez', 'ang', 'aps', 'aep', 'aag', 'ago', 'alt', 'aki', 'alv', 'aew']
['alg', 'apx', 'aqm', 'ahx', 'aap', 'aiy', 'ajk', 'ajf', 'and', 'ach']
['ady', 'aec', 'ahq', 'adc', 'asu', 'aop', 'ajz', 'aga', 'ace', 'arf']
['acx', 'asg', 'ajj', 'alo', 'acg', 'aft', 'aca', 'aip', 'aio', 'aiv']
['akc', 'aaw', 'akd', 'atd', 'art', 'aol', 'aoi', 'asr', 'amj', 'anj']
['abm', 'anq', 'anm', 'arx', 'abu', 'agq', 'agr', 'arz', 'agn', 'afa']
['air', 'aox', 'agi', 'aic', 'anr', 'adm', 'api', 'aaz', 'akg', 'ael']
['akb', 'ajw', 'alq', 'aoa', 'aqe', 'amq', 'alj', 'alh', 'anu', 'ajp']
['aem', 'akk', 'amu', 'afp', 'afe', 'aon', 'aau', 'afs', 'aam', 'aaj']
['aej', 'aoq', 'ast', 'abw', 'acp', 'aoo', 'aob', 'aei', 'aeu', 'aha']
['aqz', 'app', 'aax', 'abr', 'abs', 'ahj', 'ane', 'aqf', 'aos', 'abj']
['akj', 'aph', 'aod', 'ack', 'amf', 'arv', 'ais', 'ahz', 'abh', 'aql']
['ahm', 'afj', 'ajn', 'asq', 'ajx', 'afq', 'adt', 'ahl', 'aat', 'anh']
['apy', 'ate', 'asz', 'arl', 'aea', 'aqk', 'aqb', 'aso', 'aiq', 'aes']
['aoh', 'aik', 'ajv', 'asn', 'aaf', 'aoy', 'aqc', 'aot', 'alw', 'aqy']
['afc', 'ajl', 'aje', 'acy', 'ajm', 'ahw', 'adw', 'asc', 'aak', 'akl']
['aou', 'adr', 'apk', 'aeo', 'apr', 'anw', 'aks', 'ahp', 'aen', 'ado']
['amd', 'asd', 'ajq', 'ake', 'ash', 'afm', 'ana', 'aov', 'aab', 'acu']
['aih', 'aqj', 'akh', 'aar', 'adp', 'anv', 'acc', 'aay', 'apf', 'amh']
['ait', 'adn', 'anc', 'aal', 'arw', 'apd', 'akf', 'abe', 'aqh', 'aby']
['alr', 'abc', 'afb', 'acr', 'abo', 'anx', 'aek', 'aaq', 'akr', 'apu']
['aor', 'abt', 'asj', 'aog', 'ahd', 'agj', 'atc', 'aju', 'ary', 'ale']
['aru', 'agp', 'aas', 'ant', 'abq', 'apg', 'aqo', 'adz', 'aee', 'alx']
['asa', 'aoc', 'akx', 'aeh', 'alm', 'aie', 'aqu', 'agv', 'agt', 'aok']
['aow', 'aeq', 'adf', 'akq', 'are', 'amt', 'acw', 'atf', 'amo', 'aib']
['ard', 'alz', 'ano', 'agw', 'add', 'asp', 'ags', 'ade', 'alp', 'ank']
['asl', 'atb', 'aci', 'afz', 'asv', 'afl', 'acj', 'ams', 'aji', 'aiw']
['aai', 'ara', 'akv', 'ajd', 'apa', 'anb', 'amb', 'abn', 'apn', 'aln']
['arj', 'asi', 'aqa', 'ata', 'aex', 'arh', 'ahk', 'aim', 'aku', 'agc']
['ala', 'apv', 'ahh', 'agy', 'aoz', 'apl', 'adh', 'akt', 'amp', 'apz']
['ars', 'act', 'anz', 'arq', 'arm', 'ahc', 'ahn', 'acd', 'alf', 'alc']
['als', 'ads', 'aff', 'aet', 'aae', 'aqg', 'adu', 'arc', 'arb', 'aqd']
['acv', 'aly', 'abv', 'apm', 'abl', 'aav', 'asb', 'aqp', 'aid', 'alu']
['ajr', 'arr', 'aqr', 'asw', 'afy', 'ald', 'amc', 'any', 'abk', 'ahf']
['acs', 'ajy', 'agd', 'aky', 'adl', 'aev', 'aix', 'amr', 'agz', 'aqw']
['ase', 'afw', 'ask', 'afv', 'apj', 'aka', 'aii', 'apo', 'ama', 'ajc']
['aht', 'aey', 'aac', 'aqn', 'anf', 'agl', 'ajt', 'aqx', 'amz', 'adi']
['asf', 'ahg', 'abi', 'ajh', 'aan', 'ahy', 'ass', 'akw', 'adv', 'afr']
['ahu', 'amn', 'ahi', 'adx', 'acb', 'aqt', 'acq', 'akn', 'amw', 'agu']
['arp', 'ame', 'aah', 'agm', 'abd', 'ann', 'aao', 'apb', 'aho', 'ajs']
['ans', 'afd', 'aqs', 'aoj', 'aro', 'age', 'aof', 'akm', 'acz', 'arg']
['abp', 'agx', 'aed', 'adq', 'aiz', 'afx', 'aad', 'amy', 'ari', 'aco']
['afg', 'aqv', 'agh', 'afu', 'ail', 'ahb', 'agf', 'aeb', 'aeg', 'ape']
['aba', 'apw', 'abb', 'aja', 'aia', 'ami', 'aij', 'adk', 'alb', 'adb']
['ahr', 'ajo', 'ako', 'arn', 'acm', 'abf', 'anp', 'ani', 'aom', 'akp']
['amv', 'ajb', 'afn', 'aqq', 'all', 'amk', 'aer', 'alk', 'amg', 'abx']
