['il', 'go', 'ai', 'hh', 'gb', 'ap', 'z', 'gn', 'ew', 'jr']
['eu', 'bu', 'hr', 'al', 'cs', 'dd', 'cv', 'df', 't', 'ea']
['bx', 'kg', 'hv', 'iw', 'jn', 'hj', 'fz', 'fx', 'fh', 'gr']
['ae', 'k', 'dj', 'q', 'fr', 'fu', 'dw', 'fj', 'az', 'hy']
['l', 'hw', 'au', 'bw', 's', 'el', 'ie', 'fw', 'ef', 'hi']
['dk', 'kn', 'bf', 'bc', 'kc', 'ip', 'dy', 'gg', 'gi', 'eg']
['jo', 'gc', 'ke', 'cz', 'jw', 'ki', 'im', 'fb', 'en', 'eq']
['dg', 'he', 'ha', 'ch', 'hs', 'ee', 'ju', 'jz', 'fa', 'fs']
['di', 'gp', 'jq', 'dt', 'as', 'gt', 'o', 'io', 'ay', 'fq']
['jm', 'aq', 'bl', 'eo', 'ir', 'gq', 'm', 'cq', 'js', 'at']
['ep', 'fk', 'jd', 'ev', 'gd', 'ji', 'hb', 'kd', 'jh', 'kb']
['kf', 'ak', 'p', 'ih', 'gm', 'gw', 'ho', 'dn', 'aa', 'dv']
['ga', 'de', 'gk', 'ci', 'y', 'hf', 'jc', 'if', 'j', 'es']
['eb', 'dz', 'iv', 'r', 'bp', 'dl', 'bo', 'hn', 'h', 'fd']
['ft', 'et', 'ax', 'ib', 'bj', 'fn', 'eh', 'cw', 'fi', 'fv']
['ck', 'ix', 'ii', 'cg', 'dr', 'fo', 'u', 'jt', 'ce', 'bm']
['gs', 'x', 'dp', 'ei', 'ey', 'fe', 'gl', 'ar', 'ff', 'cb']
['er', 'cd', 'fy', 'jb', 'jf', 'gf', 'by', 'kk', 'an', 'cn']
['bk', 'av', 'hg', 'ds', 'hm', 'cj', 'fl', 'ca', 'am', 'd']
['hc', 'jv', 'cr', 'ej', 'n', 'kh', 'hx', 'iz', 'cp', 'ag']
['w', 'iq', 'ex', 'bd', 'jp', 'gh', 'km', 'g', 'jx', 'je']
['jj', 'ed', 'cc', 'jg', 'iy', 'b', 'bn', 'db', 'ia', 'dq']
['gy', 'hp', 'ec', 'ct', 'f', 'v', 'cy', 'gu', 'aj', 'co']
['ja', 'ic', 'ik', 'it', 'gv', 'br', 'dm', 'da', 'jy', 'aw']
['fp', 'do', 'hq', 'af', 'ez', 'cm', 'ht', 'bi', 'fg', 'dx']
['gx', 'zz', 'em', 'ij', 'dc', 'bg', 'gz', 'jk', 'i', 'hu']
['cf', 'bh', 'hz', 'ba', 'kj', 'ek', 'kl', 'in', 'iu', 'ka']
['ad', 'jl', 'dh', 'bv', 'hk', 'ab', 'bt', 'is', 'fc', 'cl']
['ig', 'c', 'bb', 'ah', 'cx', 'cu', 'bz', 'fm', 'e', 'ao']
['be', 'bq', 'ac', 'a', 'hl', 'gj', 'du', 'bs', 'ge', 'hd']
