['Fws', 'qPq', 'nc0', 'hct', '9F9', 'X9s', 'b7z', 'xRH', 'Bfu', 'pf5', 'ZY3']
['tFU', '2vJ', 'xxJ', 'KZy', 'KRy', 'iGU', 'iiE', 'IJ1', 'NGB', 'g08', 'HWv']
['WLk', 'AcJ', 'oUs', 'etm', 'Qti', 'bDO', '8VG', 'j3s', 'Itn', 'lsG', 'UmG']
['e8H', 'Jgp', '0gI', '5qS', 'ttO', 'JVP', 'vyM', '17Q', 'gE4', '27J', 'zgJ']
['XMr', 'dlb', 'rMd', 'e8d', 'L1u', '0oy', '28R', '1xS', 'QDa', 'Mvm', '00m']
['Wmv', 'cDc', 'ux2', 'NqO', 'tEu', 'fFJ', 'slQ', 'emD', 'nkl', 'oSw', 'upV']
['JcP', 'KS2', 'Xim', '0RD', 'iFt', 'tK7', 'vJC', 'hdp', 'sfk', 'WB2', 'lKO']
['MNb', 'Afe', 'JfN', '3kn', '4KN', 'XHa', 'Y2z', 'KGR', 'EJD', 'wqW', 'VCH']
['1uW', 'NyP', 'hYw', 'rC8', 'FkC', 'kiK', 'SV9', '70K', 'mRG', 'Eou', '1aX']
['USE', 'gVV', 's3z', 'mcI', '4LY', 'U0P', 'fKV', 'GpL', '8uu', '6Ip', 'HkK']
['euj', 'jFu', 'LiP', 'IU6', 'Tn8', 'YFC', 'P8b', 'VZ7', 'EJa', 'czy', 'W8n']
['H9O', 'iTo', 'ULj', 'ISX', 'AJT', 'eGG', 'SmS', 'JWV', 'oPH', 'hQH', 'LTB']
['Qa3', '4fp', 'd60', 'F9o', 'iba', 'aLB', 'x86', 'Ql9', '9NA', 'x8V', 'EoI']
['nf5', 'Ke0', 'ZFU', 'Ihb', 'UPL', 'kYz', 'ptf', 'I2i', 'v6U', 'FzE', 'fFE']
['CU9', 'iW8', 'jEj', 'mLL', 'CwC', 'cFa', 'gTC', 'klv', 'UDc', 'cEk', 'gWT']
['8uz', 'a55', 'Zc5', '6Hl', 'BDE', 'bLd', 'mUL', 'xLA', 'cmd', 'stN', 'mIe']
['Hi0', 'h6l', 'CYA', 'zEh', 's6M', 'WXJ', 'DoC', 'h3r', '81k', '19T', '3QX']
['gEp', 'Swe', 'NXP', 'zTH', 'yAp', 'PQT', 'PlJ', '4Nd', 'Jla', 'GUX', 'uii']
['H68', 'bAf', 'X5J', 'fQ3', 'qLD', 'dvU', '0ID', 'uVg', 'nqI', 'ZxX', '1gc']
['NiX', 'gEU', 'txp', '5Li', 'Hbr', 'oZQ', 'iS6', 'TUB', 'ziA', 'ZNv', 'jWX']
['rmu', '1QY', 'Hxo', 'QhQ', 'b99', '6na', 'a4K', 'c3v', '5n5', 'U0Z', 'ewc']
['oSh', 'gfv', 'tKI', 'QEF', 'tfQ', '5jv', 'btz', 'bA6', 's1n', '1RB', 'n99']
['hiF', '6ro', 'zfD', 'G2k', 'SMj', '5i6', 'Kn8', 'uH4', '2UA', 'mFO', 'Epk']
['VVW', 'xz4', 'GRw', 'wwD', 'OCL', '8nm', 'D5B', 'Twl', 'N08', 'FbA', 'BV4']
['HvR', 'yLV', 'kte', 'U4K', 'uZt', 'm5j', 'YNK', 'dSZ', 'u9Q', 'FEQ', 'i9C']
['8j5', '2mv', 'sKX', '9ug', 'VAV', 'Z7b', 'E2A', 'qDy', 'rXN', 'kT2', 'Qyh']
['rGT', 'O2z', 'hHB', '5zB', '6sH', 'W4L', 'PiG', 'ZVF', 'ZQL', 'YBr', 'YMC']
['Ot9', 'pTi', 'Gu6', 'AK4', 'PPi', 'JLF', 'xx7', 'zfK', 'tpP', 'wGp', '4gy']
['SiL', 'b9f', 'SFn', 'I2S', 'f9z', 'W2Z', 'uQL', '0Qs', '6pB', 'B99']
['nRH', 'WLo', 'z1H', 'VoJ', 'PqY', 'oak', 'gkI', 'dNX', 'aZv', '69w']
['AHs', 'JYa', 'BPL', 'Ns3', 'IZQ', '4nb', 'XlR', '5U2', 'YUZ', 'qmj']
['qkE', 'vca', 'wgA', 'Hyj', 'D40', 'u1N', 'kZ0', 'uGP', 'AKr', 'Qtt']
['rgC', 'MQT', 'JyM', 'X5a', 'mGb', 'PJa', 'Pas', 'MrD', 'PoH', 'blA']
['rYU', 'rz4', 'i4H', 'VPb', 'aTI', 'nQv', 'dLc', 'mLF', 'e6S', 'nQj']
['4p5', 'YEe', '96X', 'psG', 'tm4', 'xqY', 'xpw', 'Fmb', 'jGk', 'J8r']
