['Annora', 'Brandi', 'Bobby', 'Bobbye', 'Brandy', 'Cami', 'Cheslie', 'Babbie', 'Penny', 'Anne']
['Ali', 'Ada', 'Cal', 'Amabel', 'Christan', 'Angel', 'Antoinette', 'Alicea', 'Cherilyn', 'Chelsy']
['Bridgette', 'Adorne', 'Caryn', 'Carmelita', 'Binni', 'Bamby', 'Bunni', 'Alice', 'Brigid', 'Caron']
['Ashli', 'Abra', 'Annadiane', 'Christye', 'Callida', 'Carlyn', 'Alie', 'Beverie', 'Anastassia', 'Abby']
['Angil', 'Brandie', 'Audy', 'Bobbee', 'Alix', 'Andrea', 'Catriona', 'Casie', 'Brandea', 'Berta']
['Aubine', 'Cesya', 'Calli', 'Aili', 'Arlina', 'Betty', 'Annelise', 'Auroora', 'Anastasia', 'Addi']
['Billi', 'Arliene', 'Bertine', 'Catharine', 'Cele', 'Amargo', 'Aaren', 'Alissa', 'Bellanca', 'Carena']
['Andree', 'Adelheid', 'Agatha', 'Candis', 'Camel', 'Bernadine', 'Barbra', 'Babette', 'Chelsey', 'Carlynn']
['Ardra', 'Bettine', 'Ardella', 'Avis', 'Ashlen', 'Aurelea', 'Aubrette', 'Anjela', 'Arlene', 'Cherye']
['Ailene', 'April', 'Bert', 'Catherine', 'Beatrice', 'Aeriel', 'Babbette', 'Amanda', 'Allissa', 'Alexandrina']
['Bryna', 'Anallese', 'Brittaney', 'Betti', 'Annamaria', 'Bill', 'Angela', 'Celestine', 'Candra', 'Berna']
['Caroljean', 'Cathrine', 'Anni', 'Barbabra', 'Carmine', 'Brigida', 'Angie', 'Charlot', 'Cherise', 'Bren']
['Carlee', 'Anet', 'Bess', 'Cariotta', 'Cammy', 'Caren', 'Camella', 'Ambur', 'Alejandra', 'Carlye']
['Ara', 'Bonnee', 'Charity', 'Caryl', 'Ashlie', 'Alvira', 'Bobinette', 'Analiese', 'Ardene', 'Babara']
['Carrissa', 'Charyl', 'Annabelle', 'Bernardine', 'Asia', 'Barbey', 'Almeda', 'Ariela', 'Andi', 'Celie']
['Alisun', 'Blinnie', 'Anica', 'Calla', 'Bliss', 'Celestyn', 'Carina', 'Bibbie', 'Aurore', 'Berty']
['Blanche', 'Billie', 'Catie', 'Chiarra', 'Christal', 'Blythe', 'Cassondra', 'Athene', 'Andriana']
['Benetta', 'Aimil', 'Angelina', 'Barbaraanne', 'Agace', 'Allix', 'Cacilia', 'Catlee', 'Bessy']
['Agnola', 'Augusta', 'Aile', 'Carole', 'Carmel', 'Caro', 'Anabelle', 'Anatola', 'Cammi']
['Alysa', 'Charleen', 'Calida', 'Annabela', 'David', 'Christabella', 'Babs', 'Chiquia', 'Berri']
['Alexia', 'Betteann', 'Babita', 'Cherrita', 'Aveline', 'Ardeen', 'Alyda', 'Bethany', 'Bunny']
['Arlie', 'Charmion', 'Alys', 'Chanda', 'Christel', 'Bernete', 'Astrix', 'Anabal', 'Billy']
['Alverta', 'Casandra', 'Benita', 'Catlaina', 'Athena', 'Amy', 'Alayne', 'Carolyn', 'Bride']
['Alexi', 'Allegra', 'Adoree', 'Alikee', 'Carri', 'Bobbie', 'Blancha', 'Carolina', 'Annabel']
['Charin', 'Anthiathia', 'Austina', 'Bobette', 'Cody', 'Adelice', 'Brandise', 'Alanah', 'Brier']
['Berni', 'Caril', 'Caralie', 'Aliza', 'Bernardina', 'Belita', 'Belva', 'Cassy', 'Christyna']
