['BBZ', 'GEF', 'KDV', 'XNY', 'HYW', 'FKU', 'XFW', 'CGQ', 'SRP', 'HBC', 'ONX', 'WUI', 'YWW', 'LWH', 'NDI', 'ZFO', 'RKH', 'BFH', 'VRD', 'DYU', 'FMU', 'SFB', 'JTZ', 'FQC', 'FWA']
['DTU', 'KLV', 'RKO', 'CNU', 'BIN', 'JHO', 'DXK', 'PAS', 'BLK', 'EEA', 'AJB', 'PIL', 'PDU', 'SCS', 'NUG', 'IFU', 'GUR', 'KLM', 'FWB', 'MUV', 'UOM', 'PCL', 'DWU', 'DMH', 'XVQ']
['EWG', 'POR', 'GUE', 'VMJ', 'ACJ', 'LUT', 'JSL', 'SFJ', 'PTX', 'GSB', 'LGP', 'MWQ', 'FUR', 'MZP', 'MUO', 'TFT', 'MLN', 'CFP', 'AGI', 'QIB', 'IIY', 'ZNQ', 'IPV', 'CGD', 'ZQN']
['KUO', 'NNG', 'NLS', 'SGT', 'VYF', 'YEN', 'OLD', 'BJR', 'MJR', 'EQX', 'PON', 'ACP', 'ZFU', 'ZBF', 'LOQ', 'AQN', 'DJA', 'WGY', 'FHI', 'UGW', 'SDH', 'CCY', 'QRE', 'FJL', 'MUL']
['JXZ', 'KSW', 'XDE', 'UKF', 'GGM', 'MVS', 'XVF', 'TVZ', 'RIA', 'DMN', 'NHA', 'KVD', 'AWX', 'SNM', 'JII', 'ASO', 'BEQ', 'BDX', 'RDG', 'SQR', 'NTW', 'CFJ', 'QCJ', 'XQI', 'POC']
['OON', 'XJW', 'AYJ', 'XCX', 'MAC', 'VMW', 'HIG', 'QAM', 'PGE', 'QTQ', 'CIH', 'SDF', 'FWN', 'IPK', 'VQR', 'TQB', 'PBP', 'EPR', 'GUN', 'WYK', 'MIE', 'DZR', 'XEO', 'VFM', 'RNM']
['AIM', 'VAC', 'HPH', 'KXZ', 'NQL', 'EBA', 'CZB', 'TMR', 'JDC', 'TBN', 'EDD', 'TSS', 'ODG', 'PYK', 'TMD', 'CHR', 'HNC', 'RYE', 'WZL', 'ARV', 'HXF', 'YPX', 'RXD', 'UHE', 'IKB']
['TGW', 'RYA', 'PAX', 'UIO', 'DHT', 'HCD', 'MIN', 'TFN', 'XHQ', 'TLC', 'ARM', 'SFK', 'FTE', 'VZX', 'ROL', 'CJB', 'VFV', 'MCI', 'KNZ', 'YUG', 'MLH', 'FXI', 'YYJ', 'OII', 'GUT']
['QLH', 'NPS', 'HGF', 'JWQ', 'WER', 'LMU', 'AHE', 'FXH', 'IQJ', 'YVQ', 'GMF', 'WJI', 'TKB', 'KLS', 'BRY', 'TFQ', 'YLS', 'INO', 'VXB', 'GLR', 'SMM', 'EBY', 'UZY', 'RZW', 'YOA']
['SYQ', 'CHA', 'WIF', 'FOD', 'ALG', 'MOH', 'SFD', 'WCB', 'GPH', 'SGO', 'KJN', 'IYD', 'QZB', 'AMV', 'OZT', 'GUQ', 'QFE', 'CYA', 'XWK', 'FPR', 'THJ', 'IIT', 'BTJ', 'EKJ', 'XOE']
['EBB', 'JXM', 'YDT', 'HZF', 'RSG', 'CDW', 'IKN', 'RIX', 'OXU', 'UEN', 'IUY', 'LZE', 'EAA', 'WWT', 'MVB', 'WWL', 'IDO', 'FEV', 'FPT', 'QLI', 'UNW', 'OCI', 'VTH', 'TWL', 'JZY']
['NGH', 'DAT', 'GBL', 'DMP', 'IPY', 'QDB', 'ALI', 'GFL', 'PVS', 'YTR', 'YSP', 'MYN', 'NLI', 'IYH', 'ZJU', 'ZGL', 'HQB', 'LZP', 'ZCY', 'IKW', 'QTR', 'IEK', 'MSC', 'LHQ', 'YHX']
['TBT', 'XEN', 'DTS', 'ELO', 'KLZ', 'ZBU', 'YKQ', 'YSD', 'PGO', 'WED', 'KZQ', 'QNG', 'YYC', 'QQN', 'YKR', 'UDD', 'MSE', 'HUN', 'EDP', 'QVI', 'NJD', 'NXU', 'OEN', 'FJH', 'KNO']
['WLU', 'VWX', 'MBZ', 'WCD', 'UTL', 'MMS', 'XIY', 'GPL', 'PMO', 'NXI', 'CXP', 'ZKY', 'NSI', 'ITN', 'SUQ', 'VWR', 'FDS', 'TGH', 'RNU', 'QBJ', 'YSM', 'QJK', 'NFI', 'PJW', 'PVQ']
['KEQ', 'EOF', 'MNB', 'HJA', 'UCH', 'XKQ', 'HGD', 'YER', 'BHL', 'HTW', 'RYT', 'VCY', 'BCI', 'PAU', 'EUK', 'QTJ', 'ALL', 'JOQ', 'JUQ', 'PKK', 'ESU', 'NOP', 'TDJ', 'FCU', 'DAW']
['GGA', 'CUZ', 'XRV', 'FTI', 'JMT', 'AYK', 'SNS', 'IFO', 'ECG', 'NDJ', 'SCZ', 'HMT', 'SQS', 'KMP', 'JGS', 'CDZ', 'JZA', 'QMI', 'CEY', 'FXX', 'UKO', 'KMD', 'DCZ', 'UZU', 'RUP']
['SRB', 'WSD', 'QIK', 'YYU', 'PZA', 'TVY', 'LTC', 'JME', 'LZI', 'WMY', 'MED', 'ABC', 'FTL', 'SUT', 'AUL', 'DRX', 'YNR', 'EZU', 'UMO', 'NGI', 'IPG', 'YDL', 'HHK', 'RUR', 'GWT']
['XPW', 'YYG', 'SUP', 'HXZ', 'DFW', 'ELJ', 'OFJ', 'RSJ', 'YKF', 'OHR', 'DOT', 'JZV', 'UHU', 'WTX', 'FCJ', 'WDF', 'JKL', 'ZFK', 'SNW', 'QEP', 'LJA', 'RJS', 'DNE', 'IDJ', 'SAQ']
['ULP', 'JJB', 'YKH', 'LBW', 'OVZ', 'GGP', 'JVR', 'FOW', 'LLX', 'TUK', 'SCX', 'AZD', 'UFK', 'KAJ', 'ZIT', 'APD', 'CAO', 'NWB', 'POJ', 'DTW', 'IUE', 'ZCF', 'ZRO', 'GYM', 'CRF']
['LHD', 'HPV', 'RBJ', 'YTQ', 'XXQ', 'NDB', 'ZPA', 'WJS', 'WKY', 'IAM', 'FSW', 'SCK', 'QYA', 'YAR', 'LWA', 'BZI', 'PME', 'GXJ', 'WHJ', 'KVY', 'BCW', 'JMO', 'LXJ', 'MJV', 'TQM']
