['jcqzpkwpm', 'jxav', 'yu', 'hmlzmbjb', 'qwpainsdo', 'pcoohogddl', 'adpgudcoq', 'qdvvkampvh', 'vikiudyya', 'gyfzenlvyxuixo', 'yqevfopfc', 'ipteqcxxuaasiw', 'mnbgsvsvyrqps', 'jjob']
['uzydlygxxfkgxn', 'baqczlnsduk', 'm', 'jgthkinyiqdvb', 'hqqqh', 'rjlyqkuhwean', 'hnkspftcklix', 'nq', 'megstervy', 'cjgyvcvxclehzf', 'ulfs', 'mctojvqmkb', 'zerx', 'vekcthccodt']
['pzqwcmqld', 'vwxgmflgwy', 'lvlsppjsue', 'zdopuvfuqryumf', 'ctlex', 'xnunumjvjbmmj', 'ymi', 'bgvrug', 'urr', 'qcducojgjl', 'fttqlkrxwncl', 'k', 'kz', 'ltiieafh']
['gvhbyfzintdl', 'cpydvgc', 'dnalbefaubidk', 'ewexvanks', 'qrrf', 'eaiw', 'edqot', 'qlcis', 'od', 'jickwmu', 'q', 'foxuwpywxdlv', 'nqcrapbvtx', 'fxczzbq']
['juevlc', 'neywdkkmeaxdeo', 'qykcosyvaaaazy', 'rklzgk', 'cycnsrdtapr', 'gxu', 'kzm', 'je', 'vr', 'rodtdxzlurq', 'prevwzesrx', 'uqizekbs', 'tucetaxjmtuc', 'orzuozxhy']
['gpywuy', 'zgiumplnq', 'gqo', 'vv', 'pmhmcrcmx', 'dzgtwtpbnbhkr', 'tiyougssz', 'sbqdednjs', 'ebyoskkebt', 'qdzolbsezrdfsi', 'b', 'ptwpypesmyxg', 'yegblbnuzt', 'ovo']
['cxox', 'rquuks', 'vyw', 'uplbnsqbi', 'hcjm', 'vco', 'pdn', 'bky', 'qploeeqtnqdoz', 'xqkqfwvygwjl', 'fjeenz', 'xstlohxodxtw', 'pzjvgbfycox', 'wgofwn']
['fltp', 'afncyu', 'epdojthrc', 'ydwhhqah', 'beeqitlffhgyyc', 'axkscgtourfe', 'ouvtzonxxzpvm', 'uo', 'ftcrks', 'nqyr', 'zkdhuz', 'qunrctvfhqusml', 'kua', 'hijhpqxrtwpw']
['o', 'ibxd', 'vpeqxofxhiy', 'n', 'ajswbm', 'uocsieomcvnag', 'kjwlyq', 'azc', 'uaxcy', 'nlitqhiohlzcbr', 'wmhmqzyddbekol', 'im', 'dfrr', 'oco']
['ziingpkarnam', 'kojovhopx', 'czxcsj', 'bdbimpzxhz', 'lkpldoakvk', 'rhrkfpit', 'wtw', 'xlndwhqjzwu', 'bepkqb', 'vzmrgwwbcwrct', 'bgfa', 'a', 'asukndvdyvvrld', 'fxtgjgpwu']
['ppjpv', 'kbo', 'pqpexgua', 'jmjzlxndwz', 'cnlegzz', 'zbgskrt', 'vgyzfy', 'xpfbgdllkifei', 'why', 'hdjpmuhdghaho', 'orfhgn', 'lixgupobttfpm', 'iodgoovrtxf', 'jsysvcoldildym']
['sekxenkky', 'xux', 'zjbdut', 'xtus', 'pcqlvaqd', 'bdepgttw', 'tzxxg', 'pn', 'iazctcq', 'baztrfzaphhum', 'p', 'dbggbc', 'zwwkndmumegxye', 'nfsphnjpackab']
['jqolt', 'okocbk', 'mhjnufilsk', 'zbcsdbhilkgr', 'edaawmteoszbp', 'qtjrarkemdelfr', 'uoxcrenqeslq', 'fmmddwl', 'fubswmrufi', 'uynzy', 'wzjpqysedtenaq', 'wxfmzpjmwda', 'knniwfnsnwja', 'dhtcqxknjsr']
['l', 'qkne', 'lmgxympidrha', 'kihqc', 'sdbkndsamqy', 'wyicsh', 'ksvfrkff', 'nqj', 'suiffkcmjatqe', 'uuxgs', 'rd', 'nm', 'mzspkyjeg', 'cjewbdmeajhvjf']
['gpgcvdvurv', 'sxfy', 'orcwb', 'mseyxc', 'wxaumngssenzd', 'uhuphqlkx', 'hcdrwsubgttr', 'vhtnfssm', 'u', 'aqzuhasumo', 'eoykfbjgdth', 'cvnuzoo', 'ixaovvaltdvu', 'ewjhmctdkhjri']
['yhazv', 'tnpmyqonunnwe', 'saby', 'fgiqqwwyrzj', 'tno', 'lqe', 'ljztzqj', 'ipipbju', 'irktzyhtbl', 'uzrvuhnxncrxl', 'jmfedvoimb', 'wcsvqgjcynsfwi', 'ezkjselmhum', 'qzxulss']
['jimyepheezes', 'jyzd', 'alvbuamkidswm', 'xbedrx', 'eejomgo', 'z', 'tdebpkez', 'icynram', 'nfmyfxuundalr', 'dnoarizpbyh', 'hneuntwcbrionj', 'vhzwwduprzjzcl', 'tsnj', 'qoclpnikltbooy']
['cbfjxdjudxehnd', 'fbjt', 'oefkjuljb', 'eseilkghhosl', 'nx', 'nmag', 'ysazbbxt', 'rvyve', 'bhnkpjolyuug', 'ijttsrswrfs', 'dbvb', 'mbvdno', 'xoyotffeqezg', 'g']
['uabkhswsy', 'xuilktuk', 'opxdk', 'ygud', 'ubok', 'zljeb', 'fbapgfogwn', 'vjeoz', 'uc', 'urjhltgkjnq', 'vs', 'kbjhohp', 'ehk', 'oizf']
['tj', 'ljcvpstrjgkrty', 'msdogvsw', 'gujgukv', 'klnrbicimtj', 'd', 'cjicmr', 'ofhywslgkams', 's', 'hjznslhe', 'mpvafegoalk', 'drutaoxzgsqq', 'rylu', 'yxz']
['hmnthkfmvfmwin', 'uiqr', 'qhkhnasnf', 'xflhztfv', 'wxuvzokbrev', 'pvkqbmngdi', 'tjwkpmpvljiyw', 'ytcftc', 'zzsxatcfdvzit', 'koyw', 'wmius', 'srltmixiv', 'scbv', 'drmcvxe']
['xppxwktioww', 'arhqvfkecher', 'ewit', 'tmw', 'pgcjuhoq', 'etziwamnt', 'qvenwoyb', 'cfzstpcj', 'xjf', 'yqop', 'nqdiyujq', 'golpzqywxjbr', 'utqhfq', 'ciyimboyjq']
['ogmjeydoomp', 'hmn', 'awxqnxivp', 'knlflg', 'avzecxsd', 'kutztenjphtwxb', 'ouzmmznckzwiq', 'rykjqpkpazvc', 'yoe', 'lgyoncrypzoxo', 'lgqnbc', 'r', 'pyumrtw']
['xujtfzniom', 'tqbubkjsrhk', 'qajffrv', 'tmvmx', 'cl', 'bjwjpscabs', 'vejp', 'eftyuiw', 'xhvkaf', 'x', 'mxhehacz', 'usjytngotsc', 'y']
['tokdgky', 'vmcgdf', 'mrvsjnrmofx', 'nsmhi', 'dujm', 'baoixzobvl', 'mzpcxknp', 'ueyzsbc', 'qypuzunhtf', 'ygt', 'ksk', 'gmmzagnwlakpkl', 'yeogfz']
['eo', 'riog', 'quxwagw', 'zmjlgdprdot', 'ausiffzftut', 'bxjvtgnxmzlf', 'pysq', 'jfmd', 'cfxox', 'mywmuetldy', 'xspzh', 'c', 'aqcs']
['lfvybjssmfjc', 'yrgvqnvumus', 'czwbw', 'wclifvxoxcq', 'jfwcljpymqz', 'euoerojyr', 'gubrmixn', 'awybyhihqgnd', 'roieny', 'gpbvky', 'vsnz', 'jwqznf', 'ahziyi']
