['QNN', 'C', 'UI', 'Z', 'ERR', 'TCBKQ', 'BFZ', 'BSAEQ', 'OTXCZH', 'KFBC', 'CCIYM', 'UEKXJH', 'U', 'HO', 'XFGUIZ', 'IU']
['UHTMG', 'ZVKC', 'HOQPX', 'AB', 'NTMT', 'CMB', 'VHUHI', 'JP', 'TQWWLG', 'PIGBG', 'ICLIT', 'HGT', 'TZTCA', 'EVDQNK', 'WFWU', 'FSZNT']
['KKFPQ', 'AFH', 'DJC', 'NO', 'NP', 'LHILT', 'QROYGT', 'AW', 'E', 'MICOE', 'XLVUF', 'QREJV', 'WZ', 'PRYXX', 'MYN', 'NDMQJ']
['FPPMUW', 'AH', 'KAZEK', 'OQV', 'M', 'KMU', 'OEJ', 'RQRWJT', 'NGUN', 'VOLULU', 'EHXPLS', 'AY', 'BGB', 'DRLM', 'HTA', 'L']
['NDF', 'BHT', 'HJW', 'WK', 'GUOYX', 'TXNP', 'AZN', 'HSHY', 'TN', 'XINMR', 'HMURVX', 'AJDT', 'SBM', 'SEWIVO', 'DFGWZZ', 'QE']
['TOR', 'XLWRB', 'DBGM', 'OIA', 'XU', 'ETBLO', 'ZJUCNC', 'PBRPX', 'COYVMU', 'JNJNE', 'YII', 'SY', 'MXSFK', 'EJOR', 'Y', 'KPXJFJ']
['LTHESD', 'YK', 'UJ', 'ZAP', 'KJHR', 'TGDTND', 'KCQRDN', 'DJS', 'MK', 'RWO', 'YO', 'SUPLJO', 'AL', 'D', 'EP', 'W']
['FGPZAA', 'AEV', 'ODIF', 'FBW', 'PJG', 'S', 'BQIFGG', 'EWAZF', 'DLJMZC', 'BAVHR', 'KRXDGO', 'TJU', 'UK', 'JL', 'SK', 'ET']
['NMU', 'ZULMQ', 'GI', 'ZHDBW', 'OFIPP', 'HDJL', 'MMUK', 'EYEWXP', 'USZM', 'KLQR', 'NAIN', 'POL', 'OYDEJ', 'VCFLXV', 'SU', 'XVU']
['IYCHS', 'WCZSB', 'MISGHL', 'N', 'ZQAULZ', 'RM', 'UXBDM', 'TB', 'RKCPEP', 'TSSNJ', 'P', 'H', 'NBJL', 'IMB', 'HH', 'ORJB']
['A', 'QNKIQE', 'UXXBYF', 'UVUBDR', 'LY', 'MOOKF', 'ZHCQG', 'TXCK', 'YDDS', 'UBYG', 'LQ', 'CTRFIJ', 'EU', 'NDLUNW', 'YEBV', 'V']
['ANW', 'GDFI', 'FAF', 'BJ', 'GDGZN', 'J', 'HDJIQ', 'KBV', 'XT', 'MYSMZ', 'MWKWWN', 'NDZ', 'JBJS', 'X', 'CRAQYE', 'MLDT']
['LJSX', 'PE', 'QDMX', 'OHZYQ', 'THMU', 'VWK', 'O', 'IWP', 'VL', 'TUB', 'RZU', 'ETSAG', 'YXEJT', 'NJAA', 'BBB', 'TGKUE']
['DCBWSF', 'B', 'HLT', 'CN', 'SHT', 'YOGJ', 'CVSPP', 'OYJLB', 'JCM', 'JN', 'KFYTH', 'T', 'QYC', 'PQ', 'MM', 'NS']
['XEAARR', 'BX', 'XS', 'LWIA', 'I', 'WPRTBZ', 'SRJZQ', 'ACYQN', 'FJTW', 'QIZWG', 'MPYJWG', 'ZTK', 'CNYXMO', 'FVMBV', 'RWHILI', 'FAL']
['EVTLXI', 'LZLFY', 'LZQ', 'AR', 'WAXWZU', 'WTGA', 'VYBQIM', 'DQQ', 'WELF', 'ZVWR', 'G', 'EMP', 'DEXTSN', 'LNMCTV', 'MRT', 'EM']
['UU', 'TAN', 'GFNZL', 'CAED', 'NZDAU', 'HHCPMB', 'FWRV', 'OC', 'LW', 'KW', 'FLLJ', 'FCB', 'ZYFXQ', 'IE', 'HPXSSF', 'BPZAJ']
['TRXUD', 'TTV', 'GBSI', 'OVM', 'QGUYKQ', 'WVHKC', 'JMYQEA', 'AQDX', 'AZGCQ', 'MV', 'QKT', 'FP', 'BNC', 'UIUBC', 'OL', 'IGSXN']
['ZW', 'QBB', 'ZTR', 'ZIIN', 'BHKK', 'GCSAZH', 'EYVVY', 'FXAQ', 'WWF', 'YFFNQ', 'RUC', 'TYQL', 'WBPB', 'SGY', 'ZDYFZU', 'ARYSPZ']
['MY', 'UBWSTW', 'JUXOIJ', 'VYGES', 'DVVKX', 'CFG', 'YQ', 'JCEYOL', 'BW', 'CHR', 'EDAKUV', 'PHS', 'JSMAHJ', 'JJ', 'QREJG', 'NVLNXP']
