['AFV', 'AGQ', 'ANK', 'ABM', 'AFE', 'APB', 'ALH', 'ARK', 'ATE', 'AQK', 'ALX', 'ACJ', 'AOB']
['ATM', 'APO', 'AFM', 'AQN', 'ALA', 'ASM', 'AIG', 'AJD', 'AKP', 'AOJ', 'ABH', 'AFG', 'AFI']
['AMH', 'APW', 'AEW', 'AQY', 'AEV', 'AGU', 'ATN', 'AJX', 'AHD', 'AEK', 'AKE', 'APS', 'AKJ']
['ATH', 'APK', 'AAN', 'AIU', 'AQA', 'AJC', 'AGO', 'AKR', 'APT', 'AQE', 'ADS', 'AAR', 'ABY']
['ADU', 'ALB', 'AAF', 'AFX', 'AMQ', 'AIW', 'ANM', 'AOI', 'ALG', 'APV', 'AIP', 'AST', 'AOP']
['AER', 'ANX', 'AMT', 'AMA', 'ATD', 'ABQ', 'ARV', 'AOC', 'APY', 'AOL', 'ARN', 'AEI', 'AIB']
['AEH', 'AEJ', 'ANS', 'ASO', 'AFT', 'AQJ', 'AED', 'AFD', 'AAP', 'ACH', 'AHN', 'AQP', 'AQU']
['AEP', 'ADE', 'ANL', 'AAT', 'AOQ', 'ACX', 'ASX', 'ADK', 'ADW', 'AAS', 'AJV', 'ACL', 'APX']
['AOY', 'ARD', 'AAB', 'AQC', 'AGN', 'AEG', 'APG', 'AFB', 'AJA', 'ANE', 'ALU', 'ACC', 'AHR']
['ACO', 'AEL', 'ACA', 'ARH', 'AHW', 'AKK', 'AQV', 'ARE', 'ADB', 'AMR', 'ATJ', 'ATO', 'AIM']
['ANG', 'AEB', 'AEF', 'ADJ', 'AGM', 'AHC', 'AHB', 'AHK', 'AMX', 'ATY', 'AIH', 'ADG', 'AFL']
['AAK', 'AMB', 'APL', 'ALR', 'AMC', 'ARU', 'AKF', 'ANF', 'ACB', 'AFR', 'AMY', 'AJL', 'AGW']
['AQS', 'AAE', 'AAO', 'AOD', 'AQO', 'AOT', 'ATV', 'AOO', 'AKX', 'AKD', 'ADY', 'AKY', 'ANN']
['ANA', 'ABG', 'AAM', 'ACE', 'AIS', 'AMI', 'AMN', 'AKL', 'AMV', 'AIK', 'AIE', 'AMF', 'AFS']
['ACI', 'ASJ', 'ATX', 'ADL', 'AOE', 'AFK', 'AHA', 'AJN', 'ACY', 'ALS', 'ASN', 'ALC', 'AFF']
['AJY', 'AFJ', 'AKH', 'AQX', 'AEX', 'AGX', 'ACN', 'ALF', 'ANB', 'AMG', 'AQW', 'AMW', 'ASI']
['AJK', 'AJT', 'APQ', 'ABK', 'AAI', 'AOR', 'AJH', 'ABJ', 'AQB', 'ANP', 'AFW', 'AFY', 'AMO']
['ACU', 'ALJ', 'AIL', 'AGB', 'AIO', 'ARB', 'ARF', 'AAQ', 'AOG', 'ATL', 'AKC', 'ADD', 'ATS']
['AOH', 'AGV', 'AHM', 'ANQ', 'AKQ', 'ARP', 'ATP', 'AKA', 'AMP', 'AKS', 'AKM', 'AIR', 'ASL']
['ANU', 'ALK', 'AGR', 'AHS', 'AGY', 'APA', 'ASB', 'ACM', 'AID', 'AES', 'ABT', 'ALI', 'ATR']
['AOV', 'ATT', 'ANV', 'ANI', 'AEA', 'AKV', 'ATK', 'AMU', 'AJO', 'ASH', 'AIJ', 'ATQ']
['APJ', 'ADT', 'ALO', 'ANC', 'AJR', 'AIA', 'AFH', 'AIT', 'AAD', 'AFA', 'ARI', 'ALV']
['ASK', 'ALN', 'AKO', 'AMK', 'ACT', 'AGT', 'AGS', 'AKN', 'AEC', 'AOS', 'AAH', 'ACK']
['AND', 'AGE', 'AQD', 'ARM', 'AOF', 'ASC', 'ASR', 'ALM', 'ABC', 'AII', 'ABO', 'ABB']
['ALQ', 'ALE', 'ATU', 'AMD', 'APC', 'AEE', 'ASG', 'APH', 'AQR', 'ASD', 'ADC', 'AHO']
['ARO', 'ADQ', 'ARG', 'APE', 'ACF', 'ACG', 'AQL', 'AGL', 'AJF', 'AQI', 'ASU', 'ATW']
['AHG', 'ATG', 'AKG', 'APN', 'AQT', 'AFP', 'AIY', 'AHI', 'ABD', 'AEO', 'AAG', 'ANT']
['ARQ', 'ALP', 'ALD', 'AOA', 'AEU', 'ASP', 'APM', 'AEY', 'ABA', 'AMS', 'ALW', 'AGK']
['AJS', 'ALY', 'AJG', 'AHE', 'ARW', 'APR', 'AQH', 'AHX', 'AFQ', 'AGP', 'AFO', 'APF']
['AME', 'AGA', 'ABS', 'ARJ', 'AEN', 'AFN', 'API', 'ACW', 'ASA', 'AJB', 'AKU', 'ACP']
['ASQ', 'ADO', 'ASY', 'ATA', 'ATB', 'AFU', 'AGI', 'AGF', 'ABF', 'AHL', 'ABR', 'AET']
['AJW', 'ABV', 'AHP', 'ARR', 'AOM', 'ADA', 'AIC', 'AHH', 'AJU', 'ARS', 'AGC', 'AHF']
['AIX', 'AAY', 'AHJ', 'ATF', 'AKT', 'ADN', 'AHY', 'AQM', 'AJQ', 'AHV', 'AOX', 'AJJ']
['AKI', 'AMJ', 'AIQ', 'AGH', 'ADH', 'AAA', 'AJM', 'AHU', 'ARX', 'AJP', 'AQQ', 'ACS']
['ADI', 'AAX', 'ADR', 'ASV', 'AAJ', 'ACQ', 'ANY', 'AAV', 'AKB', 'AHT', 'AKW', 'AMM']
['ARL', 'ARC', 'AFC', 'AEM', 'ALL', 'AQG', 'ACV', 'ABE', 'ACR', 'AAW', 'AOU', 'AJE']
['ASF', 'AIV', 'AOW', 'AQF', 'APU', 'AAC', 'ATI', 'ARY', 'ANR', 'ABI', 'ASE', 'ANH']
['ABW', 'ART', 'AHQ', 'ASS', 'AIN', 'AGG', 'APD', 'APP', 'ADP', 'AAU', 'ATC', 'AIF']
['ANO', 'AGD', 'AGJ', 'AOK', 'ADM', 'AON', 'ABX', 'ACD', 'AAL', 'ARA', 'ANJ', 'AML']
['AJI', 'ABU', 'ANW', 'ALT', 'ADX', 'ADV', 'ASW', 'AEQ', 'ADF', 'ABL', 'ABN', 'ABP']
