['Adam', 'Daniel', 'Bobby', 'Stacy', 'Morris']
['Victor', 'Walter', 'Gilda', 'Beth', 'Martha']
['Patricia', 'Keri', 'Rosa', 'Donna']
['Dana', 'Jacque', 'Deborah', 'Selina']
['Michele', 'Gerald', 'Albert', 'Antonio']
['Raul', 'Alison', 'Jonathan', 'Cassie']
['Kerrie', 'Frank', 'Evelyn', 'Krysten']
['Maureen', 'Phyllis', 'Freda', 'Thelma']
['Blair', 'Kristine', 'Ollie', 'Marlene']
['Inez', 'Doris', 'Andrea', 'Christopher']
['Jodi', 'Randolph', 'Cheryl', 'Wanda']
['Jimmy', 'Frederick', 'Philip', 'Catherine']
['Nicole', 'April', 'Stanley', 'Jacob']
['Priscilla', 'David', 'Eric', 'Ryan']
['Sarita', 'Christine', 'Ray', 'Deanna']
['Nola', 'Ralph', 'Warren', 'Josephine']
['Joann', 'Rebecca', 'Ellis', 'Cindy']
['Tim', 'Elizabeth', 'Karen', 'Rafael']
['Ronald', 'Viola', 'Emily', 'Gladys']
['Virginia', 'Raphael', 'Winnifred', 'Edwin']
['Charles', 'Kelly', 'Marian', 'Jose']
['Dean', 'Marilyn', 'Bruce', 'Roger']
['Reinaldo', 'Stephen', 'Don', 'Darlene']
['Sam', 'Glen', 'Lawrence', 'Nina']
['Tracy', 'Therese', 'Marcelino', 'Fred']
['Ouida', 'Rosie', 'Alfred', 'Wesley']
['Laurie', 'Amos', 'Betty', 'Christina']
['Ward', 'Patrick', 'Phillip', 'Lucy']
['Myriam', 'Miguel', 'Pamela', 'Beverly']
['Andre', 'John', 'Marquerite', 'Lahoma']
['Carl', 'Mike', 'Suzie', 'Clayton']
['Judith', 'Berta', 'Everett', 'Del']
['Glenna', 'Brenda', 'James', 'Rosalee']
['Mildred', 'Ronda', 'Melissa', 'Robert']
['Louis', 'Pat', 'Adele', 'Juan']
['Barbara', 'Bethany', 'Mable', 'Larry']
['Cesar', 'Dorothy', 'Lynne', 'Tommy']
['Kellie', 'Gregory', 'Dawna', 'Belinda']
['Darrell', 'Jeanine', 'Georgette', 'Curtis']
['Elsie', 'Kathryn', 'Ernestine', 'Lloyd']
['Martin', 'Dennis', 'Craig', 'Samuel']
['Peter', 'Booker', 'Jeffery', 'Seth']
['Rhonda', 'Grant', 'Eura', 'Peggy']
['Carol', 'Ellen', 'Laurence', 'Roberto']
['Mark', 'Glennie', 'Alice', 'Toni']
['Wilma', 'Rolf', 'Karren', 'Jennifer']
['Francisco', 'Maryann', 'Fredda', 'Mack']
['Norma', 'Laura', 'Timothy', 'Erik']
['Lucille', 'Teresa', 'Donald', 'Joe']
['Selma', 'Bernard', 'Tamika', 'Moses']
['Hugh', 'Willis', 'Caridad', 'Rick']
['Marie', 'Sharon', 'Natalie', 'Diana']
['Travis', 'Mabel', 'Carmen', 'Gary']
['Ursula', 'Ruby', 'Fernando', 'Marco']
['Bertha', 'Lucie', 'Ernest', 'Norman']
['Veronica', 'Kerri', 'Amy', 'Lyle']
['Angela', 'Maria', 'Kristin', 'Christian']
['Roosevelt', 'Cassandra', 'Monica', 'Lena']
['Derrick', 'Gertrude', 'Domingo', 'Charlotte']
['Stacie', 'Jeff', 'Anthony', 'Connie']
['Elia', 'Annalee', 'Cathy', 'Brandon']
['Bessie', 'Sylvia', 'Gloria', 'Raeann']
['Roberta', 'Kaitlyn', 'Leona', 'Sofia']
['Ida', 'Marcella', 'Carlos', 'Carole']
['Debra', 'Clyde', 'Carmelita', 'Stephany']
['Wayne', 'Anna', 'Mary', 'Paul']
['Esther', 'Molly', 'Rachel', 'Pamella']
['Alvin', 'Leanne', 'Juanita', 'Margarito']
['Dawn', 'Ann', 'Morgan', 'Sally']
['George', 'Tony', 'Ivonne', 'Pauline']
['Jo', 'Rosalyn', 'Leigh', 'Miles']
['Paula', 'Latisha', 'Joni', 'Pablo']
['Terry', 'Joshua', 'Calvin', 'Andrew']
['Angelica', 'Emery', 'Helen', 'Willie']
['Marion', 'Kenneth', 'Emmie', 'Cecilia']
['Susan', 'Tara', 'Gordon', 'Polly']
['Jesus', 'Arturo', 'Fredrick', 'Eleanor']
['Olivia', 'Roy', 'Ashley', 'Eva']
['Winifred', 'Melanie', 'Irene', 'Beulah']
['Ingeborg', 'Imogene', 'Loraine', 'Janet']
['Douglas', 'Jesse', 'Jayme', 'Ruth']
['Dale', 'Scot', 'Andres', 'Danny']
['Katherine', 'Gerardo', 'Kimberly', 'Kisha']
['Lulu', 'Michelle', 'Cecile', 'Chris']
['Lori', 'Lessie', 'Constance', 'Audrey']
['Brian', 'Marjorie', 'Alicia', 'Justin']
['Corey', 'Theresa', 'Kirk', 'Wilson']
['Sheryl', 'Kevin', 'Margert', 'Clarence']
['Lillian', 'Reginald', 'Margaret', 'Alexander']
['Eugenia', 'Susanna', 'Kathleen', 'Jeremy']
['Shannon', 'Matthew', 'Lorraine', 'Eugene']
['Kim', 'Jorge', 'Joanne', 'Robin']
['Cornelius', 'Nancy', 'Guy', 'Reggie']
['Judy', 'Irving', 'Tanya', 'Wallace']
['Quintin', 'Troy', 'Jessica', 'Mario']
['Annette', 'Richard', 'Crystal', 'Lane']
['Alex', 'Sherri', 'Steve', 'William']
['Dorothea', 'Cory', 'Shirley', 'Pete']
['Gwen', 'Janene', 'Lisha', 'Clarissa']
['Nelson', 'Kylie', 'Burl', 'Ricky']
['Jason', 'Bonnie', 'Stephanie', 'Mae']
['Lewis', 'Edward', 'Bradley', 'Matt']
['Ana', 'Lana', 'Derek', 'Harvey']
['Marlin', 'Thomas', 'Herbert', 'Michael']
['Lonnie', 'Harold', 'Jane', 'Sylvester']
['Hedwig', 'Leticia', 'Lydia', 'Jeffrey']
['Reuben', 'Theodore', 'Linda', 'Raymond']
['Garrett', 'Gail', 'Lilian', 'Tuan']
['Jean', 'Will', 'Steven', 'Robyn']
['Vella', 'Myron', 'Joseph', 'Geraldine']
['Mireya', 'Wendy', 'Danielle', 'Heather']
