['Xavier', 'Kris', 'Altagracia', 'Trey', 'Clarence', 'Caitlyn', 'Alane', 'Ella', 'Lizabeth', 'Vernon', 'Tyisha', 'Imogene']
['Michaela', 'Byron', 'Darrel', 'Emmanuel', 'Bonnie', 'Loura', 'Chang', 'Destiny', 'Almeta', 'Alexa', 'Sharell', 'Eugene']
['Amada', 'Earnest', 'Naomi', 'Lana', 'Esperanza', 'Kim', 'Kitty', 'Jami', 'Toya', 'Kareem', 'Cortney', 'Carolee']
['Merrill', 'Latoya', 'Hillary', 'Deirdre', 'Marcie', 'Jina', 'Leila', 'Sharlene', 'Kimbra', 'Brendon', 'Piedad', 'Annamarie']
['Arcelia', 'Hayden', 'Hui', 'Glenna', 'Chas', 'Hilario', 'Jacque', 'Russell', 'Carson', 'Clarice', 'Janetta', 'Chun']
['Isabel', 'Tressa', 'Marci', 'Jade', 'Sherwood', 'Dagmar', 'Porter', 'Inga', 'Angeline', 'Gerardo', 'Murray', 'Sharan']
['Margart', 'Audie', 'Tracie', 'Louise', 'Heide', 'Marvin', 'Charmaine', 'Kurtis', 'Marcos', 'Nadia', 'Neida', 'Alicia']
['Danial', 'Theo', 'Debora', 'Clyde', 'Chance', 'Lezlie', 'Hiroko', 'Felix', 'Dewayne', 'Clifton', 'Lucas', 'Olevia']
['Joan', 'Kasey', 'Elvia', 'Honey', 'Elfrieda', 'Meagan', 'Tammi', 'Chester', 'Tarah', 'Garret', 'Clarinda', 'Sharilyn']
['Naida', 'Mariah', 'Marquis', 'Sheldon', 'Hyun', 'Dong', 'Jan', 'Aaron', 'Nickolas', 'Tina', 'Alvin', 'Adah']
['Deana', 'Vernia', 'Raul', 'Renetta', 'Marvis', 'Tamala', 'Lola', 'Artie', 'Elena', 'Terry', 'Elvie', 'Rodrigo']
['Lyndon', 'Eustolia', 'Clinton', 'Princess', 'Kendall', 'Junior', 'Millicent', 'Aretha', 'Retta', 'Tiffani', 'Frederic']
['Loren', 'Rachel', 'Tai', 'Randall', 'Reita', 'Leonida', 'Leontine', 'Stanford', 'Laticia', 'Dora', 'Wes']
['Dewitt', 'Cassie', 'Helene', 'Louella', 'Allena', 'Kirstin', 'Jama', 'Marilynn', 'Annabel', 'Osvaldo', 'Nicole']
['Marcella', 'Lyn', 'Delmar', 'Son', 'Chan', 'Horace', 'Jeremy', 'Jeanette', 'Ambrose', 'Oscar', 'Spencer']
['Carmon', 'Shavon', 'Alvera', 'Camelia', 'Claudie', 'Susan', 'Madison', 'Latia', 'Jennie', 'Tanisha', 'Vivien']
['Logan', 'Garland', 'Susannah', 'Rima', 'Tameika', 'An', 'Bertha', 'Treena', 'Alfred', 'Darnell', 'Rosalba']
['Freddie', 'Christiane', 'June', 'Randa', 'Taneka', 'Raleigh', 'In', 'Trena', 'Pa', 'Antonina', 'Alton']
['Griselda', 'Cleotilde', 'Kelly', 'Florencio', 'Herlinda', 'Elicia', 'Marion', 'Lashay', 'Nathalie', 'Roxane', 'Eloisa']
['Charisse', 'Joye', 'Rita', 'Johnny', 'Cristi', 'Milissa', 'Rolando', 'Pearlie', 'Lisa', 'Phylis', 'Dorthea']
['Shonda', 'Shelton', 'Lasonya', 'Florinda', 'Clara', 'Harvey', 'Vincenzo', 'Darwin', 'Verona', 'Hassan', 'Enola']
['Shaun', 'Ryann', 'Eufemia', 'Lue', 'Joanne', 'Fanny', 'Eve', 'Selma', 'Ocie', 'Ron', 'Yevette']
['Glenda', 'Clarissa', 'Grant', 'Saul', 'Angella', 'Rachael', 'Marlo', 'Renea', 'Beverley', 'Oma', 'Kylie']
['Riley', 'Elliott', 'Vada', 'Jesus', 'Sharla', 'Ema', 'Zoraida', 'Gerard', 'Nieves', 'Alexandra', 'Dusti']
['Leilani', 'Leonard', 'Jay', 'Gisela', 'Miranda', 'Winford', 'Lorelei', 'Irena', 'Hortense', 'Pinkie', 'Juliet']
['Jeffrey', 'Antoinette', 'Alex', 'Stanley', 'Savanna', 'Houston', 'Alethia', 'Stephani', 'Elenora', 'Irma', 'Dorene']
['Robert', 'Mariano', 'Zena', 'Loria', 'Percy', 'Lilly', 'German', 'Kristopher', 'Whitney', 'Valorie', 'Rosalee']
['Claretha', 'Lamonica', 'Oswaldo', 'Edmond', 'Refugio', 'Odell', 'Danita', 'Jefferey', 'Kay', 'Hershel', 'Marquitta']
['Orval', 'Oneida', 'Joelle', 'Lucia', 'Xuan', 'Tamisha', 'Mariette', 'Ok', 'Easter', 'Laraine', 'Nohemi']
['Anabel', 'Flavia', 'Martin', 'Antonette', 'Doyle', 'Dion', 'Kyung', 'Lauren', 'Kristi', 'Jae', 'Travis']
