['AJU', 'APF', 'AIO', 'AGG', 'ABS', 'AJV', 'AOJ', 'AIY', 'AJS', 'AHV', 'AGB', 'ABA', 'AEH', 'AJI', 'ACR', 'ADE', 'API', 'AOS', 'AOR']
['AAM', 'ADJ', 'ADH', 'AHE', 'AFT', 'ABQ', 'ACE', 'AEY', 'ABX', 'AAC', 'ALC', 'ACI', 'AAT', 'AHC', 'AHN', 'AHK', 'APX', 'AMC', 'ADU']
['ANG', 'ACH', 'APH', 'ACC', 'ACV', 'APS', 'AFM', 'AOZ', 'AKT', 'APT', 'AKK', 'AMG', 'AMQ', 'AIQ', 'AEB', 'AGQ', 'AIS', 'ABJ', 'ACF']
['AHH', 'AAI', 'AEI', 'AMI', 'AMB', 'ACN', 'AMY', 'AOW', 'AHJ', 'AGK', 'APU', 'ADC', 'ADA', 'ALJ', 'ACK', 'APP', 'AQG', 'ACX', 'ABM']
['AKP', 'AJZ', 'AKM', 'AKI', 'AJA', 'ANU', 'AEL', 'AFK', 'AGX', 'AIX', 'AIJ', 'AON', 'AOK', 'ACL', 'ADS', 'AQE', 'AFP', 'AQN', 'ACS']
['AHW', 'APV', 'AGE', 'ANV', 'AHX', 'ABC', 'ADF', 'ALH', 'ADW', 'ALD', 'ALS', 'ALW', 'AFO', 'ABW', 'AMF', 'APQ', 'AOB', 'AEP', 'AEW']
['AKY', 'ANO', 'AGF', 'AIR', 'AHB', 'AAY', 'AOU', 'AND', 'AEG', 'AFI', 'ALK', 'ABD', 'AJT', 'AER', 'AIP', 'AGN', 'ANC', 'AIC', 'AOM']
['ACY', 'ALL', 'AHQ', 'AJR', 'ACP', 'AEQ', 'ANJ', 'APE', 'AOX', 'AIK', 'AIM', 'ALA', 'AHO', 'AOQ', 'ALX', 'AGV', 'AII', 'AJY', 'APK']
['AHI', 'AOH', 'AMZ', 'AQC', 'AOI', 'AGO', 'AFF', 'AEX', 'APR', 'AJE', 'AIT', 'AGL', 'AAH', 'AAD', 'ALO', 'AGS', 'AFW', 'AHG', 'AEK']
['AQF', 'ABZ', 'AJX', 'ALE', 'ADI', 'ANP', 'AKQ', 'AOC', 'AGD', 'AQA', 'AMK', 'AQD', 'AAO', 'ADX', 'ANH', 'AJD', 'APL', 'AKL', 'AOP']
['AKF', 'AES', 'AKE', 'ANL', 'AOE', 'AJN', 'ANQ', 'AAK', 'AJF', 'AHR', 'AGT', 'AQJ', 'ACB', 'AKO', 'AFY', 'AJQ', 'AIE', 'ANN', 'ABR']
['AFV', 'AJB', 'ADQ', 'ACO', 'APC', 'AOY', 'ALT', 'ALB', 'AOT', 'AAX', 'AMR', 'ADP', 'AOO', 'ABY', 'APD', 'AMN', 'AAB', 'ANR', 'ABE']
['ABG', 'APW', 'AFD', 'AAR', 'ANZ', 'ALR', 'APM', 'AEC', 'AKS', 'AJJ', 'ACM', 'ADZ', 'ACW', 'ADT', 'AIH', 'ACD', 'AIB', 'AFZ', 'AIN']
['AAU', 'ACZ', 'ALQ', 'AJM', 'AMV', 'ABF', 'AHP', 'AIZ', 'AMO', 'AGH', 'AJW', 'AAW', 'ABK', 'APB', 'ADK', 'AHT', 'AQL', 'ACJ', 'AEN']
['ANW', 'AEZ', 'ALZ', 'AMM', 'AOD', 'AJH', 'ABP', 'AFH', 'ABN', 'AFG', 'ADN', 'AGA', 'ABI', 'AME', 'ADL', 'AHL', 'AIW', 'ANE', 'AJP']
['APO', 'AQI', 'ANK', 'ABB', 'AJO', 'ANM', 'AGC', 'ALU', 'AGJ', 'APG', 'AEU', 'AJL', 'AMP', 'AKZ', 'AHZ', 'AJK', 'AHY', 'ALG', 'AML']
['AKB', 'ADD', 'AFJ', 'ALP', 'ANY', 'AGR', 'ABO', 'AKN', 'AMT', 'AAP', 'AOG', 'AOF', 'ANF', 'AAG', 'AGP', 'AKG', 'AAQ', 'AMX', 'ABV']
['ADR', 'AQM', 'AGW', 'AMJ', 'ANI', 'ADY', 'AID', 'AHD', 'ANS', 'ANA', 'AIU', 'AAJ', 'AEM', 'AKC', 'AMD', 'AFL', 'AMH', 'APJ']
['ALV', 'ALY', 'AKJ', 'AEE', 'AFQ', 'APN', 'AHA', 'ALN', 'AED', 'AKH', 'ADM', 'ALI', 'AFR', 'AFU', 'AGI', 'ACQ', 'AMS', 'AET']
['AAZ', 'ADO', 'AQK', 'AKW', 'ADB', 'AFA', 'AHS', 'AGU', 'ALF', 'ANX', 'AHF', 'AFE', 'AAA', 'ABL', 'AKV', 'AFS', 'AIG', 'ABU']
['AMU', 'AQO', 'AOV', 'AIL', 'AQB', 'AKA', 'AAN', 'AMA', 'AIF', 'APY', 'AEO', 'APA', 'AKR', 'AMW', 'AEF', 'ADV', 'AAV', 'AEV']
['ABH', 'AIA', 'AFC', 'ABT', 'APZ', 'ADG', 'AEA', 'AIV', 'ACT', 'AFN', 'AKX', 'AFX', 'AOA', 'AGY', 'AKD', 'AGM', 'ACA', 'AAF']
['AQH', 'ACU', 'ANB', 'ACG', 'AAE', 'AHM', 'AJC', 'AFB', 'AGZ', 'AOL', 'AKU', 'AJG', 'ALM', 'AEJ', 'AAS', 'AAL', 'ANT', 'AHU']
