['HZGVK', 'GBEQY', 'TJFHX', 'NGBWQ', 'QFSQF', 'IBFSE', 'MQWLN', 'NTGQJ', 'XMZUX', 'DWGDE', 'VMRKJ', 'GDZSX', 'FSIEJ', 'IYMNE', 'UDFVU', 'ZSYGC', 'VLACB', 'VKHOX']
['KIEKF', 'VHWPC', 'RLKNU', 'JPWDA', 'RVMXY', 'FKMPO', 'AAEBS', 'VZFUK', 'REVQE', 'WGNBW', 'UHFXM', 'RMHZI', 'PBAWW', 'SPSXT', 'ROVKN', 'XTFTT', 'YYNPW', 'PQYKQ']
['LMDUZ', 'WTAGZ', 'CCHLM', 'ZNEQL', 'IEEVC', 'QSAIM', 'FWKYL', 'XOUQG', 'KRMMY', 'QACAX', 'UZTYA', 'MCXWP', 'JDDRN', 'NZQNY', 'ABQJV', 'SWZLI', 'FRHWO', 'NLPHM']
['VSEBO', 'PKUWP', 'WZJYQ', 'GWEZA', 'KEDYT', 'JCTBB', 'FIIIX', 'FPFHY', 'SIWEE', 'SUEUT', 'OBCSZ', 'BREAU', 'JMNIF', 'TPIHD', 'NZQKM', 'IXEZM', 'WHBFR', 'NKEPZ']
['YMAKV', 'LJQBN', 'KEPXD', 'ENHUS', 'BEFRL', 'IHIWD', 'KFWQL', 'ZLMYN', 'NZAXS', 'MLWLT', 'XHKTV', 'CZNRV', 'JJDHO', 'FFZNI', 'QVEIA', 'FYSSP', 'XOUQM', 'BCTKV']
['KQZVU', 'RUSXV', 'YQBLY', 'BCKDA', 'MUUIL', 'EBQJA', 'JMPSL', 'WEYKU', 'STJMV', 'PQEKQ', 'NCWPX', 'RCWOS', 'TJLUN', 'LYFLA', 'BHECC', 'CZQAC', 'BXGAG', 'KCWNV']
['UXUZX', 'ZCMCP', 'KDMQW', 'XVOGO', 'YSBTR', 'HVAAR', 'JXKSJ', 'LEYDX', 'SOVUQ', 'ZXEUD', 'HAYKV', 'WTMZW', 'MIMWO', 'SEVGN', 'OHEWR', 'VQUBW', 'AHXXM', 'SPROB']
['GKPPL', 'AZDHE', 'JCWPV', 'OEEYW', 'PEIBF', 'VLXZD', 'JGGQM', 'NCXIY', 'HDFES', 'IYGUJ', 'HXGTU', 'XMJJP', 'ASGXO', 'QQCGU', 'MRNHH', 'JAGAT', 'CALHI', 'SEUJM']
['XYABI', 'JCAYK', 'TWVAR', 'ELBRQ', 'VYUHL', 'DQJYE', 'WAZOJ', 'TPIXY', 'YHWVK', 'LHFOM', 'JWNLZ', 'PKECO', 'QUGAX', 'WWCYP', 'DFNDO', 'EIALG', 'VUZHE', 'VISUM']
['CTLHM', 'XIGOI', 'VWLQP', 'DRVVY', 'NCCJD', 'AXIHL', 'WEDAM', 'ZZKGQ', 'EXSFL', 'XPMAC', 'KXFFP', 'XADCG', 'ENWEC', 'FXFHY', 'QMBKL', 'FIBZD', 'DPJHM', 'VSARS']
['GXAOE', 'RNMID', 'PPAYR', 'FESAS', 'QSIZR', 'LPRGT', 'TEYRZ', 'YKOFS', 'VGWZF', 'PUWYW', 'AIWJE', 'UNSUE', 'WLODL', 'NHBOU', 'OYGNB', 'AALPZ', 'GAQXI', 'SDCRN']
['SLHLJ', 'QHQUF', 'POXWS', 'FHCPP', 'KCPYN', 'TLKIE', 'EHCWU', 'ZRLGV', 'YPRRC', 'XQYCU', 'QYCKH', 'RAAAY', 'DNOMK', 'FKSNY', 'FCFIW', 'LQGAI', 'VFWVV', 'UTYHJ']
['BKFQR', 'UYUIP', 'QMJUD', 'EYYNC', 'DREMQ', 'RQZDB', 'NPJSC', 'ZNTDR', 'RKMOC', 'CSILO', 'NLQWV', 'SMDTK', 'HIBFR', 'UTQPU', 'VKBEF', 'ELRTK', 'VFXSF', 'XQUPB']
['DJQYY', 'EPEAQ', 'QJRDV', 'ZUYFN', 'XZTVE', 'OVNTP', 'JGIMA', 'RISKG', 'RMNKI', 'GUGKR', 'NEQMO', 'ZMCMD', 'JPLIB', 'LQJNK', 'NKLCQ', 'SURGB', 'RFDDK', 'SACPU']
['AUIRW', 'FMMZU', 'TQUPW', 'ALNHK', 'KGDBH', 'OPZLD', 'LFYYV', 'GPAYG', 'NRRFB', 'CRSZF', 'TARGC', 'RDCHE', 'ABAQL', 'OXZCV', 'SUNJN', 'GJYBX', 'PBEOM', 'JFKWJ']
['VNNEP', 'AEHLI', 'FRVNO', 'VVMSW', 'SCMKV', 'NSSHB', 'QFZCO', 'DYIYS', 'ZKMSA', 'PDSZU', 'IPLJJ', 'GPHCZ', 'EXERI', 'LCYZY', 'CASYZ', 'PPBBM', 'CYRFR', 'MSZXR']
['PUJOM', 'YTVYR', 'XGXRC', 'FLAIE', 'HAPCQ', 'OENOT', 'ERXLL', 'FWTXB', 'VBXTL', 'USRDK', 'UMQRP', 'XGCQB', 'CXMEP', 'DOXUP', 'FIPGX', 'PUFAY', 'RSYQC']
['IAASE', 'PAVOS', 'DUQLN', 'ADKIG', 'LYSRO', 'QLDQR', 'FBZDZ', 'EAHZI', 'DBXJE', 'LGPGN', 'CRKWH', 'DFZLH', 'BWKXY', 'URMYA', 'JRNKY', 'RRDGL', 'RSFHX']
['YPSZJ', 'ZOHDS', 'XDBSH', 'EGYBS', 'MMHOG', 'BVKPC', 'JECON', 'CYVWU', 'DBPXU', 'UPNVV', 'POYSB', 'BNPMH', 'OJTYX', 'GAUGX', 'WNGHY', 'GKYTD', 'CHCYT']
['GKOUL', 'ILRGH', 'CWKNX', 'KBDMG', 'NMUXG', 'JGBOH', 'OYLVF', 'XYVAU', 'TKEWX', 'BOOKC', 'GRUYQ', 'TYYLF', 'MTXFY', 'SHEUT', 'VXNNV', 'LBYAL', 'GUJWW']
['DWCIC', 'YVMFJ', 'EIREK', 'FIUZZ', 'YTTKI', 'HKBNA', 'DDGZR', 'JTKTH', 'ZRFKN', 'TIZZI', 'SSZXS', 'UQJJY', 'GFWZF', 'UHIOD', 'RWIWJ', 'VZNGS', 'KTXRI']
['BXGFY', 'VGTYI', 'OZSQX', 'WMAOH', 'KEUTQ', 'BHFJC', 'ZOVBE', 'AXICB', 'JLETC', 'SLYUO', 'SAOVB', 'LESUW', 'MCVPN', 'RZJZX', 'WNDOP', 'IVYZR', 'IUTYE']
['MQEVZ', 'IPMBX', 'BFHEV', 'WFPUN', 'QJUJE', 'IQLHD', 'REFDA', 'NLQQX', 'GKLKQ', 'DAPHY', 'UEFBC', 'GZWND', 'CWZDH', 'VCMUY', 'OMNEY', 'HOCJP', 'GPKTZ']
['XLWDU', 'FQYNK', 'MBBZL', 'BSOUP', 'UDEWT', 'SEJRA', 'SYRST', 'EFRTR', 'PRFNT', 'YIQHC', 'PSMNV', 'GJCQK', 'ZYEMW', 'NHZCJ', 'FSYHN', 'TMCLZ', 'KSGPB']
['EFPNV', 'AQEWE', 'PADSR', 'FYAYI', 'CYMCE', 'DOYMU', 'LCGFN', 'LMZAF', 'ZMWJB', 'HKSDK', 'UMQSO', 'XBVDI', 'QBYJR', 'IOHXF', 'EWIJA', 'BBIGY', 'VQTXV']
['BBDFQ', 'IDOHH', 'SSWHW', 'QZGLO', 'BMNGE', 'PDNXQ', 'XQQNM', 'PPGSA', 'KDZDK', 'PARXO', 'TJTMV', 'DTPHQ', 'GRIBM', 'VNIQM', 'PHXOS', 'TDICM', 'VUTIQ']
['ZPWCF', 'AEXQY', 'STZIM', 'JEHBC', 'GUJWH', 'CSGGY', 'VUPAV', 'QNXTS', 'KZBFF', 'RWOPE', 'QBGLN', 'RRFYM', 'PREHL', 'HAKPT', 'YTXXV', 'HUNXU', 'PCOTH']
['NMWYK', 'METWY', 'JLTJR', 'YRTTG', 'WNBOI', 'TLAOJ', 'QXETJ', 'JFOPY', 'FMFZO', 'HGAWC', 'NNLIE', 'UOYAH', 'YVULZ', 'LRCXZ', 'LVMLT', 'DZGQX', 'GNDQJ']
