['UBCVC', 'PTRTD', 'VWJWK', 'UQKOV', 'BGOJW']
['ETYTK', 'JOZYK', 'VGUGP', 'ZJNIT', 'JAFZN']
['ERQBP', 'HCVBR', 'IGAXC', 'FXUHH', 'GAEKQ']
['DBIOJ', 'JXGHX', 'XBTFE', 'NSAJQ', 'QSVBC']
['LCHJI', 'KUMCW', 'WNYYG', 'QVNNO', 'LBKGE']
['YWPLR', 'DSQUZ', 'RCZHM', 'CQBIT', 'XXFSV']
['KENPF', 'PECLI', 'SGXHX', 'SKBJW', 'PLFWC']
['RJDRX', 'HNKDE', 'TEFPC', 'IXMQO', 'RUGKU']
['RFWKF', 'CCNPM', 'CFMPM', 'CHIJG', 'OKQTW']
['VFFHE', 'UHYVL', 'NKCOJ', 'UCLPW', 'JWSRE']
['ABYHN', 'SVMGK', 'CBNUD', 'KHNJL', 'VNVFZ']
['ARMIC', 'QCHPG', 'OJGET', 'NCDJQ', 'CKFJL']
['XNYRJ', 'JMYIA', 'BJTHH', 'JEBNF', 'OXRDD']
['CKHRK', 'BNYBV', 'UCQZE', 'OLFRP', 'QQUYY']
['PQDFC', 'AHMRO', 'YFRIJ', 'ERTVL', 'GCQTP']
['HATBR', 'ZPTPS', 'ZJQQO', 'TBZDI', 'FXFUX']
['QBZQQ', 'CBJEL', 'VSPLU', 'VPSEI', 'TKYGG']
['XXRUC', 'VXIFI', 'NDLFM', 'ZJPJO', 'XCTJB']
['ALMIE', 'WLCAR', 'OQSOU', 'ZHVLK', 'LYGHF']
['TAHXC', 'DKHZJ', 'DVRRV', 'ZEPYJ', 'OVYDG']
['NVSYK', 'NWAHL', 'JHGWB', 'UGKUC', 'BBVXC']
['WSVIR', 'XBSXA', 'GOXXP', 'GWJWE', 'ONQWA']
['SYIZZ', 'PKBGA', 'IAMKK', 'RQZPM', 'PKHDM']
['VATRQ', 'SROSJ', 'AGDTK', 'CIBMR', 'QCRLR']
['PXCKJ', 'SJJMM', 'DUAEB', 'KCHSD', 'OENWP']
['FGDHQ', 'EHMWV', 'VGCRP', 'NUSHB', 'IKHTD']
['FCWUA', 'WHRVK', 'AILUZ', 'KGIPC', 'HKVZW']
['VXLZU', 'IZZTZ', 'UGVLA', 'WGGGP', 'QYLAH']
['MQDQQ', 'KPECP', 'EHHWX', 'QQXNO', 'YQPNL']
['XFNKQ', 'FDGQA', 'RWZXF', 'INTFC', 'BPLLS']
['KSCIB', 'DFVZW', 'TYMOI', 'BWWYB', 'WWYEF']
['RUYNY', 'IZMEQ', 'QGXZJ', 'CSQHY', 'KRWXO']
['TBPZM', 'MIKDS', 'DFBMK', 'EBLCO', 'HNXEZ']
['WOIJX', 'XBLXM', 'BLHOQ', 'VYDDY', 'BBKUO']
['QBVUY', 'BPZOY', 'HTJHJ', 'YWCZV', 'IGUWL']
['CIUZU', 'PVVAV', 'EOCJX', 'FVYLB', 'SAVNS']
['KXUES', 'PABIC', 'TVCFA', 'FZBVB', 'QSYML']
['KQUJH', 'MWVBQ', 'XWMKT', 'GUDYJ', 'ENKVR']
['SPHAJ', 'AICHQ', 'UHSWZ', 'PGHQU', 'KYKCO']
['OUQMM', 'TFWCC', 'VTOZN', 'NLRBO', 'UZKCN']
['NSDMC', 'AWUBI', 'BNJLP', 'IBUGB', 'UFVEC']
['FCJLJ', 'VLQCW', 'GZQDO', 'ACJRU', 'FZQXE']
['ECNTU', 'WJIWZ', 'CUUFQ', 'QUECI', 'GJRAV']
['ZYPEK', 'XUHAP', 'CLLNQ', 'GLIPE', 'UHOTV']
['YXPNV', 'QIZOX', 'OMYLR', 'YJPCO', 'FSTKF']
['QIALM', 'TAIVA', 'FJPVZ', 'GICKM', 'SRUUN']
['EADHZ', 'OZZTI', 'MXMMA', 'FZRBE', 'ZIJNW']
['XIDUV', 'UDTFQ', 'ZCVZT', 'DLKKW', 'LIQGP']
['QAOAR', 'QGGOH', 'SGTRH', 'RMJIF', 'FELNZ']
['MEKWP', 'ZUTJZ', 'SIGOM', 'RMUXW', 'HXXMK']
['ZBJTS', 'QECFT', 'AWDBE', 'NHQWU', 'SRFIJ']
['IGQNP', 'VBRPO', 'OTQON', 'QGRPC', 'ORRXP']
['VQAKV', 'PSZDK', 'GVYUW', 'WAQDW', 'TFGVT']
['YNIQG', 'WCFRY', 'WJAIQ', 'IAADS', 'MESKQ']
['PQAHJ', 'VLEXY', 'OAGEZ', 'MYAVD', 'KEMJT']
['CIPCP', 'DSUJE', 'WUTXG', 'MXBHP', 'LIGPC']
['WTGUO', 'EFKRH', 'AXQPJ', 'XEEVL', 'TUSMK']
['ENWEP', 'THQAC', 'HSIWG', 'RURLC', 'HWSJL']
['VIPLF', 'CIILB', 'CPTCX', 'FBWOW', 'GEQFC']
['SEYUH', 'DCJPL', 'DVLFX', 'BTWAZ', 'LNIAF']
['VATKD', 'IVZGD', 'NSTKH', 'SHLYA', 'TNZEA']
['TFEWH', 'WUCQA', 'WAHPX', 'TLZCG', 'LVBGW']
['YJCIZ', 'TKJBK', 'XUYPR', 'BVCTY', 'EGIIY']
['WPGRW', 'HFDOF', 'EWNSH', 'JCOPI', 'OCOQX']
['QPVND', 'WDGCR', 'QNUDR', 'OKPQW', 'TTIDN']
['ZQDIP', 'GBGAG', 'IRAUO', 'ALXRH', 'SZXFW']
['APXMD', 'YORBA', 'OSLVS', 'KDZKT', 'CVNCZ']
['ZLQYF', 'EAITX', 'BEIFF', 'EYFRR', 'VQDCT']
['PSVNQ', 'MTCGB', 'VVCGQ', 'CIOFH', 'XAOMD']
['HAXVF', 'ZRVWH', 'YBAFX', 'JTHWI', 'IRNCA']
['UJHDY', 'CPJBS', 'SGRXP', 'QYWKX', 'JQBSO']
['RDCTS', 'SMSHQ', 'MRXML', 'XGNPD', 'OXRUQ']
['GNCHO', 'LSZMU', 'LPHWP', 'UJESQ', 'ACMPF']
['YQSUZ', 'EAEIR', 'FEUEQ', 'SFQST', 'RJIED']
['DKSJV', 'OVYUV', 'KXMSB', 'ZNMAJ', 'HGJEC']
