['Summons', 'Joed', 'Clymer', 'Berneta', 'Tuttle', 'Toh', 'Costin', 'Hako', 'Uchida', 'Montagna', 'Augustina', 'Klapp', 'Ginzburg', 'McCullough', 'Paulita', 'Hillel', 'Meingolda', 'Colly', 'Kanya', 'Les', 'Merola', 'Norean', 'Swanhilda', 'Yasu', 'Wunder']
['Balling', 'Love', 'Lamb', 'Volkan', 'Chemush', 'Woodhead', 'Starinsky', 'Lacy', 'Noyes', 'Japeth', 'Maye', 'Hittel', 'McIntosh', 'Melisa', 'Tonya', 'Debera', 'Lauree', 'Pryce', 'Myrvyn', 'Crean', 'Pontius', 'Kronick', 'Ebneter', 'Javler', 'Felise']
['Ainslee', 'Uzzia', 'Janerich', 'Rik', 'Mikol', 'Worlock', 'Billy', 'Kudva', 'Deni', 'Oakes', 'Busey', 'Nannette', 'Ferullo', 'Atkins', 'Barby', 'Caines', 'Bluhm', 'Mathur', 'Lou', 'Gunn', 'Saudra', 'Australia', 'Danais', 'McClimans', 'Mackenzie']
['Cardwell', 'Tennes', 'Yim', 'Ammadis', 'Chae', 'Lorilyn', 'Thorman', 'Ciapas', 'Edrick', 'Florentia', 'Proudfoot', 'Mushro', 'Gombosi', 'Puklich', 'Lunetta', 'Hermon', 'Placido', 'Enid', 'Kerianne', 'Ferro', 'Hakim', 'Balcer', 'Nath', 'Foulk', 'McKinney']
['Grimona', 'Stearns', 'Manaker', 'Janaya', 'Shannah', 'Emmer', 'Leiser', 'Fifine', 'Gowrie', 'Kinzer', 'Rani', 'Erlewine', 'Zandt', 'Ashling', 'Durante', 'Ace', 'Hotze', 'Marina', 'Grochow', 'Rocray', 'Chaddie', 'Basso', 'Rue', 'Brazee', 'Fadiman']
['Saylor', 'Hong', 'Ebba', 'Ursola', 'Sigsmond', 'Coumas', 'Kassi', 'Vesta', 'Farro', 'Robbin', 'Flemming', 'Hadleigh', 'Tay', 'Galligan', 'Derinna', 'Neveda', 'Oscar', 'Shanly', 'Prebo', 'Renick', 'Fabrice', 'Shea', 'Larson', 'Towne', 'Nanette']
['Converse', 'Dowlen', 'Acacia', 'Schreck', 'Demetria', 'Jobyna', 'Milore', 'Perloff', 'Dott', 'Antonino', 'Nance', 'Clea', 'Cutty', 'Cristiona', 'Gloriana', 'Eleni', 'Minier', 'Nisse', 'Danna', 'Willis', 'Girardo', 'Griswold', 'Celestyn', 'Astto', 'Desi']
['Nafis', 'Nessy', 'Latimer', 'Avril', 'Sosanna', 'Leod', 'Tarkany', 'Danita', 'Sandeep', 'Kylah', 'Jason', 'Cheria', 'Marijn', 'Darsie', 'Holton', 'Polish', 'Behlau', 'Carlick', 'Dela', 'Lawler', 'Benilda', 'Ruyle', 'Fruin', 'Candyce', 'Lyle']
['Clovah', 'Harmony', 'Pippo', 'Neille', 'Lenhart', 'Haldane', 'Jenness', 'Till', 'Lamson', 'Wing', 'Scherman', 'Jehiel', 'Bruns', 'Hannover', 'Reste', 'Morville', 'Wight', 'Earlene', 'Hawger', 'Utica', 'Odin', 'Balliett', 'Quitt', 'Corkhill', 'Alvinia']
['Akeyla', 'Gerianne', 'Jillana', 'Elihu', 'Salomi', 'Biggs', 'Questa', 'Bernj', 'Coh', 'Uta', 'Tristam', 'Sachi', 'Ng', 'Wendye', 'Holey', 'Buxton', 'Tutankhamen', 'Prince', 'Druce', 'Harland', 'Dearman', 'Ubana', 'Fitz', 'Hillegass', 'Nari']
['Rombert', 'Vikky', 'Zobe', 'Dimitry', 'Turrell', 'Crompton', 'Lon', 'Tillford', 'Groh', 'Plantagenet', 'Auroora', 'Nestor', 'Jestude', 'Fokos', 'Elburr', 'Jeniece', 'Tiphane', 'Grath', 'Aviv', 'Ted', 'Karlise', 'Malo', 'Flieger', 'Livingston', 'Merth']
['Ashman', 'Winer', 'Padget', 'Girovard', 'Lynett', 'Felicie', 'Adolphus', 'Gwenette', 'Winebaum', 'Ultun', 'Bello', 'Sinnard', 'Ludovico', 'Janenna', 'Derril', 'Antonetta', 'Pinto', 'Ratcliffe', 'Willetta', 'Catherin', 'Utas', 'Vevay', 'Safire', 'Cicely', 'Rooke']
['Hudis', 'Margeaux', 'Cloots', 'Firman', 'Ardehs', 'Dulcea', 'Halimeda', 'Elmira', 'Emelia', 'Elberta', 'Hook', 'Ursi', 'Cal', 'Fillender', 'Darrow', 'Vaish', 'Arianna', 'Serafine', 'Karon', 'Beaver', 'McCoy', 'Jessalin', 'Tessy', 'Jimmy', 'Eno']
['Bounds', 'Raul', 'Lindell', 'Kerwon', 'Ardys', 'Hanway', 'Donn', 'Yarvis', 'Dietrich', 'Raynor', 'Roanna', 'Freddy', 'Birck', 'Halstead', 'Favian', 'Fausta', 'Rodolphe', 'Lynnelle', 'Delinda', 'Beebe', 'Marilou', 'Maribel', 'Schnabel', 'Griffin', 'Nicolis']
['Franek', 'Kimon', 'Ches', 'Berner', 'Charin', 'Adaurd', 'Sievert', 'Saxen', 'Minda', 'Micheal', 'Faunia', 'Genie', 'Rhonda', 'Danuloff', 'Mitchiner', 'Eudocia', 'Ruhnke', 'Fairfax', 'Mansoor', 'Saville', 'Cerracchio', 'Velda', 'Tavy', 'Barnett', 'Woo']
['Dotson', 'Hankins', 'Barsky', 'Matthaeus', 'Hamlin', 'Stephenson', 'Dole', 'Arel', 'Lux', 'Matthew', 'Burkhart', 'Adriane', 'Kaufmann', 'Dedric', 'Meras', 'Cherry', 'Cavallaro', 'Mauchi', 'Fidelio', 'Damon', 'Doroteya', 'Lotus', 'Everick', 'Clere', 'Moyers']
['Ber', 'Midian', 'Anuska', 'Formenti', 'Melburn', 'Kile', 'Higgs', 'Sheeran', 'Bui', 'Selma', 'Carrillo', 'Davidde', 'Evangeline', 'Dett', 'Larry', 'Bran', 'Baldridge', 'Hatch', 'Yerxa', 'Monahan', 'Shelby', 'Lombardi', 'Blondell', 'Mokas', 'Gillian']
['Melda', 'Eilis', 'Jorgenson', 'Ottinger', 'Virginia', 'Karie', 'Alf', 'Risteau', 'Sandstrom', 'Leanna', 'Ashford', 'Letta', 'Holofernes', 'Newton', 'Smukler', 'Cyd', 'Hardej', 'Knute', 'Harriet', 'Lentha', 'Henrique', 'Blasius', 'Cristoforo', 'Epstein', 'Vonni']
['Gibun', 'Neva', 'Brittnee', 'Delila', 'Verras', 'Koetke', 'Wistrup', 'Carter', 'Ragland', 'Shelbi', 'Eldwen', 'Lenes', 'Katzir', 'Emelita', 'Watson', 'Glenn', 'Udell', 'Jenkel', 'Tine', 'Fredkin', 'Jori', 'Zelma', 'Osrick', 'Agosto', 'Cataldo']
['Won', 'Shepp', 'Buckler', 'Binette', 'Fast', 'Marijo', 'Bhayani', 'Flo', 'Weirick', 'Hayyim', 'Sumer', 'Groos', 'Bevon', 'Klute', 'Chancellor', 'Dumas', 'Holms', 'Feinstein', 'Maude', 'Pappas', 'Moonier', 'Hett', 'Dare', 'Masterson', 'Krystalle']
