['Amber', 'Madeline', 'Clare', 'Mary', 'Danielle', 'Gabrielle', 'Jordan', 'Brooke', 'Michelle', 'Sierra']
['Katelyn', 'Andrea', 'Faith', 'Sara', 'Kimberly', 'Courtney', 'Erin', 'Brittany', 'Vanessa', 'Jacqueline']
['Jenna', 'Caroline', 'Mariah', 'Makayla', 'Bailey', 'Paige', 'Shelby', 'Melissa', 'Kaylee', 'Christina']
['Trinity', 'Caitlin', 'Claire', 'Autumn', 'Marissa', 'Angela', 'Breanna', 'Catherine', 'Zoe', 'Briana']
['Jada', 'Laura', 'Leah', 'Alexa', 'Kelsey', 'Kathryn', 'Leslie', 'Alexandria', 'Sabrina', 'Mia']
['Isabel', 'Molly', 'Amy', 'Katie', 'Gabriella', 'Cheyenne', 'Cassandra', 'Tiffany', 'Erica', 'Lindsey']
['Kylie', 'Diana', 'Jade', 'Cassidy', 'Mikayla', 'Ariana', 'Margaret', 'Kelly', 'Miranda', 'Maya']
['Melanie', 'Audrey', 'Madelyn', 'Gabriela', 'Caitlyn', 'Angel', 'Jillian', 'Alicia', 'Jocelyn', 'Erika']
['Lily', 'Heather', 'Ana', 'Adriana', 'Arianna', 'Lillian', 'Kiara', 'Riley', 'Crystal', 'Mckenzie']
['Meghan', 'Skylar', 'Hope', 'Britney', 'Angelica', 'Kennedy', 'Chelsea', 'Daisy', 'Kristen', 'Veronica']
['Isabelle', 'Summer', 'Daniela', 'Brittney', 'Lydia', 'Hayley', 'Evelyn', 'Bethany', 'Shannon', 'Michaela']
['Karen', 'Jamie', 'Valerie', 'Angelina', 'Kaitlin', 'Karina', 'Sophie', 'Sofia', 'Diamond', 'Payton']
['Cynthia', 'Alexia', 'Avery', 'Monica', 'Peyton', 'Carly', 'Bianca', 'Hanna', 'Brenda', 'Rebekah']
['Alejandra', 'Mya', 'Jordyn', 'Brooklyn', 'Ashlyn', 'Lindsay', 'Ava', 'Desiree', 'Alondra', 'Camryn']
['Ariel', 'Naomi', 'Amaya', 'Kendra', 'Mckenna', 'Holly', 'Julie', 'Kendall', 'Kara', 'Jasmin']
['Selena', 'Esmeralda', 'Delaney', 'Kylee', 'Maggie', 'Makenzie', 'Claudia', 'Cameron', 'Kyra', 'Karla']
['Kathleen', 'Abby', 'Raven', 'Amelia', 'Casey', 'Serena', 'Savanna', 'Aaliyah', 'Giselle', 'Mallory']
['April', 'Adrianna', 'Jazmin', 'Christine', 'Kristina', 'Asia', 'Nina', 'Natalia', 'Valeria', 'Aubrey']
['Lauryn', 'Kate', 'Katrina', 'Patricia', 'Rachael', 'Katelynn', 'Cierra', 'Alison', 'Macy', 'Nancy']
['Elena', 'Kyla', 'Guadalupe', 'Jazmine', 'Joanna', 'Tara', 'Gianna', 'Juliana', 'Fatima', 'Allyson']
['Gracie', 'Sadie', 'Nadia', 'Genesis', 'Yesenia', 'Julianna', 'Skyler', 'Alexus', 'Tatiana', 'Alana']
['Elise', 'Kirsten', 'Tessa', 'Sandra', 'Dominique', 'Haylee', 'Ruby', 'Jayla', 'Tori', 'Cindy']
['Sidney', 'Ella', 'Kiana', 'Carolina', 'Jaqueline', 'Camille', 'Whitney', 'Carmen', 'Vivian', 'Bridget']
['Priscilla', 'Celeste', 'Reagan', 'Makenna', 'Alissa', 'Madeleine', 'Natasha', 'Miriam', 'Ciara', 'Cecilia']
['Kassandra', 'Mercedes', 'Lisa', 'Aliyah', 'Josephine', 'Charlotte', 'Rylee', 'Shania', 'Kira', 'Meredith']
['Eva', 'Dakota', 'Annie', 'Hallie', 'Anne', 'Rose', 'Liliana', 'Kristin', 'Marisa', 'Imani']
['Kailey', 'Deanna', 'Rosa', 'Nia', 'Carolyn', 'Anastasia', 'Brenna', 'Dana', 'Shayla', 'Kassidy']
['Ashlee', 'Alaina', 'Destinee', 'Wendy', 'Logan', 'Tabitha', 'Paola', 'Callie', 'Addison', 'Lucy']
['Gillian', 'Clarissa', 'Kamryn', 'Josie', 'Denise', 'Katlyn', 'Esther', 'Mariana', 'Bryanna', 'Emilee']
['Georgia', 'Deja', 'Helen', 'Ashleigh', 'Cristina', 'Baylee', 'Heaven', 'Raquel', 'Monique', 'Teresa']
['Ruth', 'Krystal', 'Gina', 'Tiana', 'Cassie', 'Kayleigh', 'Marina', 'Heidi', 'Ivy', 'Ashton']
['Clara', 'Meagan', 'Virginia', 'Linda', 'Gloria', 'Jacquelyn', 'Ellie', 'Jenny', 'Renee', 'Daniella']
['Lizbeth', 'Anahi', 'Kierra', 'Gisselle', 'Kaitlynn', 'Julissa', 'Cheyanne', 'Lacey', 'Haleigh', 'Marie']
['Eleanor', 'Martha', 'Kasey', 'Tiara', 'Talia', 'Kaylie', 'Mikaela', 'Eliza', 'Harley', 'Jaden']
['Madalyn', 'Hailee', 'Litzy', 'Ashlynn', 'Brandi', 'Lesly', 'Elisabeth', 'Allie', 'Viviana', 'Cara']
['Marisol', 'India', 'Tia', 'Tatyana', 'Melody', 'Jessie', 'Brandy', 'Alisha', 'Hunter', 'Noelle']
['Carla', 'Francesca', 'Theresa', 'Layla', 'Krista', 'Zoey', 'Carley', 'Janet', 'Carissa', 'Iris']
['Kaleigh', 'Tyler', 'Alayna', 'Tamara', 'Yasmine', 'Tatum', 'Susan', 'Sharon', 'Alice', 'Yasmin']
['Tamia', 'Abbey', 'Maddison', 'Kali', 'Bailee', 'Lesley', 'Lilly', 'Mckayla', 'Ayanna', 'Serenity']
['Karissa', 'Jane', 'Felicity', 'Precious', 'Jayda', 'Kelsie', 'Lexi', 'Phoebe', 'Halle', 'Kiersten']
['Kiera', 'Annika', 'Joy', 'Tyra', 'Taryn', 'Kaylin', 'Ellen', 'Kiley', 'Jaclyn', 'Rhiannon']
['Madisyn', 'Colleen', 'Angelique', 'Pamela', 'Tania', 'Charity', 'Fiona', 'Alyson', 'Kaila', 'Annabelle']
['Emely', 'Alina', 'Sasha', 'Regan', 'Irene', 'Johanna', 'Janae', 'Janelle', 'Madyson', 'Justine']
['Paris', 'Chelsey', 'Tianna', 'Paulina', 'Mayra', 'Zaria', 'Skye', 'Brisa', 'Cora', 'Emilie']
['Felicia', 'Larissa', 'Jayden', 'Macie', 'Aurora', 'Sage', 'Lucia', 'Alma', 'Chasity', 'Ann']
['Nichole', 'Deborah', 'Sonia', 'Alanna', 'Malia', 'Angie', 'Carlie', 'Nora', 'Kailee', 'Carrie']
['Elaina', 'Sylvia', 'Julianne', 'Genevieve', 'Kenya', 'Piper', 'Marilyn', 'Amari', 'Macey', 'Marlene']
['Tayler', 'Barbara', 'Aileen', 'Brooklynn', 'Lorena', 'Perla', 'Elisa', 'Kaley', 'Leilani', 'Eden']
['Miracle', 'Devin', 'Chyna', 'Athena', 'Esperanza', 'Regina', 'Adrienne', 'Shyanne', 'Luz', 'Tierra']
['Cristal', 'Eliana', 'Kelli', 'Eve', 'Sydnee', 'Madelynn', 'Breana', 'Melina', 'Arielle', 'Toni']
