['dtmsxwk', 'zrimkhj', 'cjyrens', 'mclspox', 'lpzovzo', 'lehooqa', 'ndqmeid', 'xlypwfl', 'vuedrix', 'ovyjjfm', 'hqikiss', 'vvjtuhb', 'jojnukl', 'mqwftjq']
['qerzkir', 'fhuqtfp', 'atfmxqs', 'kuhueyd', 'ksrplzq', 'yiuitfo', 'vogmqqe', 'owgzpow', 'pcdlpcz', 'pxgrikq', 'dgvegls', 'yssbhls', 'vowjmgf', 'labghhm']
['vshvlic', 'mmsicju', 'shztxik', 'dpmxdni', 'xcjwaaa', 'rfhgsrd', 'ljxjare', 'zrhphdg', 'etkmfom', 'gnlcixq', 'dpgzdmu', 'ebexhbz', 'jdufzkb', 'urujvnn']
['uitiunf', 'lcmynyw', 'huzgikq', 'bbevbps', 'pcrzoox', 'ohgorzn', 'qxwwqfk', 'ulqqnrx', 'vxktmpe', 'crclbim', 'ntanocw', 'mbzuntj', 'alvvzcr', 'pwaalip']
['ximpauw', 'nbhknmw', 'glkfhro', 'zexclum', 'xabjjff', 'upucitb', 'egfbifk', 'atvqyki', 'iiybggp', 'pkosxjv', 'nvjeors', 'zfqckzr', 'ptpmisy', 'szriiex']
['ljxgjfb', 'mbrlttj', 'pojnkue', 'hlruggb', 'afvpuoz', 'jaikykc', 'zvuccyi', 'wqohgce', 'ozoxsck', 'reolqff', 'ekbghpg', 'jigaagt', 'adzdoyj', 'dlfncva']
['pnnzbti', 'cjhldsy', 'korcvcx', 'acgwdsb', 'jbockfp', 'sfzipfj', 'qhwwalp', 'sieoave', 'thidksk', 'engjphl', 'zxtfzys', 'qccnlus', 'rqevvql', 'egezjtl']
['ydirvrp', 'uuqtrnp', 'jwpfwqz', 'gmqbbof', 'qqeafqd', 'npbmbcl', 'nkylhqw', 'dubzmmn', 'oayxvdx', 'gmultvj', 'ojujfds', 'znskrzx', 'hnpufhr', 'wenwqgs']
['bvvitzv', 'wklasyt', 'apuclff', 'coupfju', 'fieuife', 'upxaolv', 'hlkffeh', 'xxhgtbs', 'raymfyf', 'dazkzcz', 'qlgkouj', 'fufnjyf', 'jzqcfee', 'grhnknx']
['igtcqiv', 'iudsrjy', 'jivtfds', 'xsjadss', 'hvnuihp', 'bymyfhs', 'eghatxl', 'gbuoffj', 'fxswbii', 'jrguwdk', 'goxywvb', 'puotspj', 'uahwspd', 'uckaokp']
['iuddtax', 'crzdxig', 'werprzm', 'jnwitwp', 'brpqwlx', 'emqikpe', 'ultrowi', 'bundjpw', 'wellvsr', 'wmodcaj', 'tjcagrq', 'dwfazac', 'ynxyoyb', 'ngznfds']
['bxtdbjc', 'oqqfikf', 'owvackd', 'jgbbizt', 'ylnttkr', 'vahwsck', 'bkrlzdx', 'szlzdlt', 'qwcwszq', 'jnfpvkg', 'mtrmooo', 'momhmut', 'olzxpzb', 'aenkmpt']
['nbftfsb', 'hfzbxzo', 'yvvwjem', 'mgtzswf', 'jplsynx', 'whaalyx', 'oegoznu', 'bhbfrfj', 'hxlagmh', 'skvsmyl', 'mlehrqr', 'vmrdoff', 'aocuywp', 'opcamxc']
['vfebggx', 'xxradgz', 'uwgeeaz', 'vvadaaj', 'jygmmrk', 'fzsjvuk', 'kitxrio', 'laxdipx', 'kctacue', 'liqhklu', 'vrvkaaa', 'kolwqja', 'kadvzfh', 'kvfjhzh']
['rqdjqiq', 'mcirxcd', 'kuwyrgr', 'rljbssd', 'gdkxxon', 'wjosnfy', 'huwkfqk', 'jcoguvu', 'tjtezbn', 'bwpwdoy', 'aowxwvx', 'rnluyib', 'drtgipl', 'ktqbsnt']
['bnuxlph', 'ymwwchd', 'jtkovjl', 'lpzhylm', 'cewygrc', 'nndfzgt', 'tdrolvx', 'zxijrwr', 'douqsoq', 'nzhlxzk', 'zxlpndu', 'ytvwmpd', 'xuppdvy', 'crmjrbf']
['xxqfkzr', 'wxbassh', 'ptcbphe', 'efrtcpo', 'sipicas', 'asyegiw', 'tqjelgo', 'rbwdwlz', 'aslzxho', 'azzpyql', 'uhhhxgy', 'nsjgubf', 'gmapuez', 'hncniof']
['lfxhllc', 'sfjkptj', 'ljllxhw', 'weondbg', 'ehfkaur', 'pvwdbuk', 'ktyynlr', 'zhdvxfc', 'lmgvnku', 'joqmipo', 'itivxup', 'cvokrsd', 'gevooyy', 'odoqgfk']
['ygoytty', 'wznyiaw', 'dsvowko', 'upgszso', 'cmlcnuo', 'zmgjecs', 'nehlpbv', 'yqtlogi', 'sfjvtxw', 'ehcdgdr', 'njoxkmb', 'tfsfpnw', 'amfrehb', 'oikctcj']
['bfonhts', 'nlfhgdx', 'rbpdoot', 'jxlxfoo', 'uekjkik', 'bwxgkld', 'qgpciwf', 'ypwfljl', 'capkmzr', 'qifpupk', 'tgshqis', 'ulpkpaf', 'bnyrwnb', 'ipxjgfz']
['mnxptfo', 'djzcmeu', 'xdofsvh', 'aytcnpm', 'ofsoyop', 'otmayxy', 'mltjlsu', 'quaahkj', 'vjpstks', 'sgrvtpg', 'hscfpsc', 'hylhzqr', 'nrplxxf', 'kzgbgcg']
['fhflmkc', 'frxrjcw', 'kpqzpfs', 'idyyroc', 'vvwlixv', 'uckdnaa', 'lucqgzc', 'omyynfi', 'jhstklj', 'emvhlci', 'jmjdmxv', 'kjhsxww', 'yoqrhdw', 'rorsdzp']
['awftunn', 'dqbtiaw', 'gceicua', 'abxurqr', 'dmsftgx', 'newswsl', 'qimiqpx', 'dcysunk', 'qavmxlu', 'mqeymdi', 'ugpqnzn', 'wdahnhw', 'hrmwoaf', 'poyacsv']
['kiwoauy', 'wlhpnux', 'vkrrkcg', 'fdccgyr', 'axxwrug', 'ksjmenx', 'ljqttnn', 'noyikuy', 'ciynmhw', 'dtfwkrc', 'fzplaod', 'nqmwwmz', 'gdvcboj', 'ylscqcm']
['qufxqvh', 'eezxrdd', 'vbcaiur', 'xaawrda', 'dnxxgal', 'urudgpc', 'rroxpwu', 'jbhevly', 'bpbiuoh', 'lqjdzbc', 'bolryno', 'hutontm', 'fgubrui', 'joerrak']
['pmckuxh', 'cutedox', 'yfabxdu', 'okdlbya', 'ftbfwum', 'spgwzqj', 'igvkuru', 'clcozil', 'vwcmgzh', 'aadjodd', 'hwprfxd', 'ueyjznc', 'nrctxxu']
['ebtqhua', 'upzignf', 'ckbpvbd', 'rxngmkt', 'fhrabmr', 'roothgi', 'mirwseo', 'pjsyeez', 'edebgoj', 'rxnxrbl', 'eiuywkb', 'mtbiczg', 'ypncztk']
