['TaureanWallerPrince', 'GoranDragic']
['DennisSchroder', 'TylerJohnson']
['KentBazemore', 'WayneEllington']
['JohnCollins', 'JamesJohnson']
['DewayneDedmon', 'KellyOlynyk']
['MarcoBelinelli', 'JustiseWinslow']
['ErsanIlyasova', 'BamAdebayo']
['IsaiahTaylor', 'HassanWhiteside']
['MikeMuscala', 'DionWaiters']
['MalcolmDelaney', 'KhrisMiddleton']
['JaysonTatum', 'GiannisAntetokounmpo']
['AlHorford', 'EricBledsoe']
['JaylenBrown', 'TonySnell']
['TerryRozier', 'JohnHenson']
['KyrieIrving', 'MalcolmBrogdon']
['MarcusSmart', 'ThonMaker']
['AronBaynes', 'JasonTerry']
['MarcusMorris', 'SterlingBrown']
['SemiOjeleye', 'JabariParker']
['DanielTheis', 'AndrewWiggins']
['SpencerDinwiddie', 'KarlAnthonyTowns']
['AllenCrabbe', 'TajGibson']
['DeMarreCarroll', 'JeffTeague']
['JoeHarris', 'JimmyButler']
['RondaeHollisJefferson', 'JamalCrawford']
['CarisLeVert', 'TyusJones']
['JarrettAllen', 'NemanjaBjelica']
['QuincyAcy', 'GorguiDieng']
['DAngeloRussell', 'ShabazzMuhammad']
['TylerZeller', 'JrueHoliday']
['KembaWalker', 'AnthonyDavis']
['DwightHoward', 'ETwaunMoore']
['MarvinWilliams', 'DariusMiller']
['NicolasBatum', 'DeMarcusCousins']
['JeremyLamb', 'RajonRondo']
['MichaelKiddGilchrist', 'IanClark']
['FrankKaminsky', 'DanteCunningham']
['TreveonGraham', 'JameerNelson']
['MalikMonk', 'NikolaMirotic']
['MichaelCarterWilliams', 'CourtneyLee']
['JustinHoliday', 'TimHardaway']
['DenzelValentine', 'EnesKanter']
['LauriMarkkanen', 'FrankNtilikina']
['RobinLopez', 'MichaelBeasley']
['JerianGrant', 'KristapsPorzingis']
['DavidNwaba', 'JarrettJack']
['BobbyPortis', 'KyleOQuinn']
['KrisDunn', 'LanceThomas']
['CristianoFelicio', 'DougMcDermott']
['PaulZipser', 'RussellWestbrook']
['LeBronJames', 'PaulGeorge']
['JRSmith', 'CarmeloAnthony']
['JeffGreen', 'StevenAdams']
['KevinLove', 'JeramiGrant']
['KyleKorver', 'RaymondFelton']
['JaeCrowder', 'PatrickPatterson']
['TristanThompson', 'AlexAbrines']
['DwyaneWade', 'AndreRoberson']
['JoseCalderon', 'JoshHuestis']
['CediOsman', 'JonathonSimmons']
['HarrisonBarnes', 'AaronGordon']
['YogiFerrell', 'EvanFournier']
['WesleyMatthews', 'DJAugustin']
['DennisSmith', 'NikolaVucevic']
['DirkNowitzki', 'MarioHezonja']
['DwightPowell', 'BismackBiyombo']
['JJBarea', 'ShelvinMack']
['MaxiKleber', 'ElfridPayton']
['DevinHarris', 'WesleyIwundu']
['SalahMejri', 'BenSimmons']
['WillBarton', 'RobertCovington']
['JamalMurray', 'DarioSaric']
['NikolaJokic', 'JJRedick']
['WilsonChandler', 'JoelEmbiid']
['GaryHarris', 'TJMcConnell']
['MasonPlumlee', 'AmirJohnson']
['TreyLyles', 'JerrydBayless']
['PaulMillsap', 'TimotheLuwawuCabarrot']
['EmmanuelMudiay', 'RichaunHolmes']
['TorreyCraig', 'TJWarren']
['AndreDrummond', 'DraganBender']
['IshSmith', 'JoshJackson']
['StanleyJohnson', 'DevinBooker']
['AnthonyTolliver', 'TylerUlis']
['ReggieBullock', 'TroyDaniels']
['LukeKennard', 'MarqueseChriss']
['AveryBradley', 'AlexLen']
['ReggieJackson', 'TysonChandler']
['LangstonGalloway', 'JaredDudley']
['TobiasHarris', 'CJMcCollum']
['LouWilliams', 'DamianLillard']
['DeAndreJordan', 'JusufNurkic']
['AustinRivers', 'AlFarouqAminu']
['WesleyJohnson', 'EvanTurner']
['MontrezlHarrell', 'ShabazzNapier']
['SindariusThornwell', 'PatConnaughton']
['BlakeGriffin', 'EdDavis']
['MilosTeodosic', 'MauriceHarkless']
['SamDekker', 'ZachCollins']
['KlayThompson', 'BogdanBogdanovic']
['KevinDurant', 'WillieCauleyStein']
['DraymondGreen', 'DeAaronFox']
['StephenCurry', 'BuddyHield']
['AndreIguodala', 'GarrettTemple']
['NickYoung', 'ZachRandolph']
['ShaunLivingston', 'JustinJackson']
['DavidWest', 'KostaKoufos']
['ZazaPachulia', 'SkalLabissiere']
['PatrickMcCaw', 'GeorgeHill']
['JamesHarden', 'LaMarcusAldridge']
['PJTucker', 'PattyMills']
['TrevorAriza', 'KyleAnderson']
['EricGordon', 'PauGasol']
['ClintCapela', 'DannyGreen']
['ChrisPaul', 'DejounteMurray']
['RyanAnderson', 'BrynForbes']
['LucMbahaMoute', 'ManuGinobili']
['GeraldGreen', 'RudyGay']
['NeneHilario', 'DavisBertans']
['ThaddeusYoung', 'DeMarDeRozan']
['VictorOladipo', 'KyleLowry']
['BojanBogdanovic', 'SergeIbaka']
['CoryJoseph', 'JonasValanciunas']
['DarrenCollison', 'PascalSiakam']
['LanceStephenson', 'JakobPoeltl']
['MylesTurner', 'FredVanVleet']
['DomantasSabonis', 'OGAnunoby']
['JoeYoung', 'DelonWright']
['AlJefferson', 'CJMiles']
['KentaviousCaldwellPope', 'DonovanMitchell']
['KyleKuzma', 'JoeIngles']
['JuliusRandle', 'RickyRubio']
['BrandonIngram', 'DerrickFavors']
['LonzoBall', 'RudyGobert']
['BrookLopez', 'RoyceONeale']
['JoshHart', 'JonasJerebko']
['JordanClarkson', 'RodneyHood']
['LarryNance', 'AlecBurks']
['CoreyBrewer', 'EkpeUdoh']
['MarcGasol', 'BradleyBeal']
['DillonBrooks', 'OttoPorter']
['JarellMartin', 'KellyOubre']
['TyrekeEvans', 'MarcinGortat']
['JaMychalGreen', 'MarkieffMorris']
['MarioChalmers', 'TomasSatoransky']
['AndrewHarrison', 'JohnWall']
['BenMcLemore', 'MikeScott']
['JamesEnnis', 'IanMahinmi']
['DeyontaDavis', 'JodieMeeks']
['JoshRichardson']
