['Harry', 'Delia', 'Houston', 'Evelyn']
['Doris', 'Brittany', 'Bonita', 'Frank']
['Regina', 'Pamela', 'Melanie', 'Fletcher']
['Krista', 'Bernard', 'Lorenzo', 'Christian']
['Maureen', 'Daniel', 'Johnny', 'Juan']
['Fredrick', 'Matilda', 'Ernest', 'Karen']
['Cindy', 'Michelle', 'Katrina', 'Gerard']
['Joan', 'Katie', 'Kyle', 'Eva']
['Bernadette', 'Billie', 'Emerson', 'Ruth']
['Stanley', 'Edward', 'Heather', 'Ivan']
['Albert', 'Joy', 'Pauline', 'Brooks']
['Alex', 'Melvin', 'Argentina', 'Cleo']
['Margaret', 'Derrick', 'Judith', 'Wanda']
['Craig', 'Megan', 'Peggy', 'Larry']
['Antoinette', 'Lydia', 'Vicente', 'Salvatore']
['Harriett', 'Hillary', 'Charlotte', 'Jami']
['Allen', 'Corinne', 'Darryl', 'Raquel']
['Ralph', 'Catherine', 'Maryann', 'Dena']
['Weldon', 'Virgie', 'Mavis', 'Tiara']
['Maria', 'Paul', 'Merle', 'Matt']
['Sandra', 'Eric', 'Jacqueline', 'Jewell']
['Johnnie', 'Gregory', 'Nellie', 'Janice']
['Deandre', 'Shirley', 'Quentin', 'Myra']
['Linda', 'Kathleen', 'Sam', 'Lena']
['Lorena', 'Devon', 'Gordon', 'Mei']
['Abdul', 'Marybeth', 'Wilfredo', 'Tommie']
['Stephen', 'Cameron', 'Hazel', 'Mark']
['Gene', 'Adam', 'Patrice', 'Philip']
['Donna', 'Ray', 'Brian', 'Rueben']
['Alberta', 'Carla', 'Matthew', 'Phillip']
['Laura', 'Marcus', 'Gary', 'Kristen']
['Beatrice', 'Curtis', 'Trenton', 'Robin']
['Byron', 'Reggie', 'Bruce', 'Newton']
['Russel', 'Wade', 'Lucy', 'Erica']
['Stephanie', 'Erik', 'Jim', 'Walter']
['Tomas', 'Gale', 'Samantha', 'Anthony']
['Felipe', 'Keith', 'Monica', 'Martha']
['Barbra', 'Carolyn', 'Maxine', 'Guadalupe']
['Molly', 'Nicholas', 'Theresa', 'Roy']
['Barry', 'Aileen', 'Lorene', 'Elizabeth']
['Frida', 'Sheryl', 'Richard', 'Kurt']
['Thomas', 'Manuel', 'Isaac', 'Susan']
['Kim', 'Cheryl', 'Loretta', 'Thelma']
['Rocio', 'Minnie', 'Tanya', 'Tom']
['Dennis', 'Jayne', 'Lottie', 'Sheila']
['Lakesha', 'Benjamin', 'Claire', 'Shawn']
['Mildred', 'Jeremy', 'Shane', 'Olive']
['Hugo', 'David', 'Jodi', 'Lori']
['Jewel', 'Earl', 'Josie', 'Melissa']
['William', 'Diane', 'Cedric', 'Lizzie']
['Brett', 'Julius', 'Mae', 'Arthur']
['Antonio', 'Leigh', 'Bernie', 'Douglas']
['Rick', 'Debbie', 'Rachel', 'Rod']
['Debra', 'Hector', 'Vickie', 'Hilton']
['Oscar', 'Grace', 'Gladys', 'Joe']
['Lauren', 'Joel', 'Octavia', 'Clifford']
['Mireya', 'Raymond', 'Julia', 'Cesar']
['Lela', 'Beverly', 'Evan', 'Ella']
['Lucille', 'Carlos', 'Toni', 'Antonietta']
['Ericka', 'Clyde', 'Brenda', 'Leola']
['Laurie', 'Sara', 'Kelly', 'Kristine']
['Christopher', 'Angel', 'Leo', 'Martin']
['Jonathan', 'Johnathan', 'Dottie', 'Helen']
['Sally', 'Roger', 'Maybell', 'Betty']
['Eduardo', 'Sheldon', 'Lester', 'Norma']
['Steve', 'Danielle', 'Harold', 'Ladonna']
['Jessica', 'Randy', 'Renee', 'Christiana']
['Luis', 'Eunice', 'Nancy', 'Patsy']
['Bobby', 'Casandra', 'Crystal', 'Kathryn']
['Chester', 'Aron', 'Miriam', 'Gilbert']
['Tammy', 'Shaun', 'Arturo', 'Annie']
['Jason', 'Irene', 'Alonzo', 'Shelly']
['Pat', 'Andre', 'Chelsea', 'Michael']
['Henry', 'Cheri', 'Wilbur', 'Carrie']
['Tonya', 'Lowell', 'Tabatha', 'Jammie']
['Carl', 'Lillie', 'Ashley', 'Rena']
['Jessie', 'Kimberly', 'Carol', 'Carina']
['Melony', 'Paula', 'Marla', 'Sulema']
['Samuel', 'Timothy', 'Joseph', 'Dolores']
['Vera', 'Jasmine', 'Frances', 'James']
['Doretha', 'Heidi', 'Cathleen', 'Terry']
['Geraldine', 'Rafael', 'Robert', 'Joshua']
['Cara', 'Fay', 'Dewayne', 'Anna']
['Cynthia', 'Barbara', 'Claudia', 'Kristina']
['Rebecca', 'Donald', 'Esta', 'Jerome']
['Joyce', 'Gail', 'Daphne', 'Erma']
['Shawna', 'Lacey', 'Lawrence', 'Nathaniel']
['Jeffery', 'Todd', 'Ricardo', 'Alice']
['Anne', 'Jeff', 'Gloria', 'Janet']
['Virginia', 'Dawn', 'Mona', 'Dorothy']
['Mitchell', 'Latonya', 'Kenneth', 'Warren']
['Austin', 'Damian', 'Josephine', 'Kay']
['Marta', 'Mary', 'Ethel', 'Vance']
['Ruthie', 'Victor', 'Marge', 'Victoria']
['Pearl', 'Christine', 'Stacy', 'Colleen']
['Patricia', 'Fred', 'Louis', 'Darrin']
['Lucia', 'Emily', 'Tim', 'Mario']
['Sarah', 'Colin', 'Phyllis', 'Rhonda']
['Vicky', 'George', 'Kelvin', 'Peter']
['John', 'Gerald', 'Marjorie', 'Julie']
['Marie', 'Shante', 'Edwin', 'Charles']
['Justin', 'Bessie', 'Lisa', 'Jonathon']
['Lidia', 'Chris', 'Sharon', 'Desiree']
['Adrian', 'Bernice', 'Jennifer', 'Anita']
['Iris', 'Jeanette', 'Jeffrey']
['Jean', 'Jerry', 'Vanessa']
['Rory', 'Carroll', 'Tracy']
['Tommy', 'Kelli', 'Alvin']
['Carlton', 'Roberta', 'Mamie']
['Emilee', 'Randall', 'Cyndy']
['Roberto', 'Harriet', 'Ronald']
['Teresa', 'Carole', 'Porfirio']
['Kenny', 'Arline', 'Patrick']
['Hildegard', 'Ted', 'Justine']
['Brandon', 'Levi', 'Noma']
['Dan', 'Isabelle', 'Lexie']
['Carmen', 'Katherine', 'Andrea']
['Scotty', 'Esther', 'Dwayne']
['Kathryne', 'Zachary', 'Alan']
['Ada', 'Horace', 'Marion']
['Amanda', 'Blanche', 'Milton']
['Louise', 'Clara', 'Jane']
['Beatriz', 'Esperanza', 'Elvera']
['Mari', 'Deborah', 'Steven']
