['Orsa', 'Nedda', 'Kaitlin', 'Nissie', 'Tarra', 'Kathryn', 'Charmine', 'Gale', 'Nancie', 'Sileas', 'Madelena', 'Melinde', 'Jen', 'Allie', 'Brigitte']
['Rosene', 'Yovonnda', 'Briny', 'Rhody', 'Georgeanne', 'Daphene', 'Collete', 'Yoshi', 'Malva', 'Antonietta', 'Aviva', 'Mirna', 'Katti', 'Stefa', 'Andromache']
['Lorena', 'Carla', 'Stephannie', 'Drusy', 'Krissy', 'Rhodia', 'Kathleen', 'Marisa', 'Gavra', 'Lira', 'Rosana', 'Marcie', 'Noell', 'Amalee', 'Bonita']
['Bernice', 'Birgitta', 'Anastassia', 'Risa', 'Fran', 'Noreen', 'Frankie', 'Alyson', 'Britteny', 'Ansley', 'Tani', 'Angelica', 'Opal', 'Leda', 'Brear']
['Agnes', 'Cathryn', 'Rowena', 'Reggi', 'Marijo', 'Anabelle', 'Nicki', 'Sandie', 'Dena', 'Veradis', 'Jesse', 'Kania', 'Brook', 'Shoshana', 'Marcella']
['Fawnia', 'Erminia', 'Eran', 'Charita', 'Alexandrina', 'Rosamond', 'Kellie', 'Ruperta', 'Jorrie', 'Doris', 'Edith', 'Pammy', 'Valli', 'Faythe', 'Babara']
['Mariellen', 'Morena', 'Ulrike', 'Xylina', 'Lulu', 'Meggi', 'Tallie', 'Dominica', 'Lydie', 'Tiphanie', 'Jacqui', 'Fernande', 'Terese', 'Allene', 'Harriet']
['Jaynell', 'Hedwiga', 'Nanon', 'Cristionna', 'Dee', 'Clemmie', 'Sadye', 'Maddalena', 'Zulema', 'Jemie', 'Joelly', 'Estella', 'Helyn', 'Hortense', 'Gaby']
['Ronnica', 'Camala', 'Rita', 'Belle', 'Annice', 'Estele', 'Dita', 'Brunhilda', 'Nicoli', 'Alia', 'Mechelle', 'Latisha', 'Marris', 'Arlee', 'Laverne']
['Lotte', 'Tiffany', 'Kellsie', 'Demetria', 'Lani', 'Eulalie', 'Adriane', 'Oliy', 'Vinni', 'Zenia', 'Fania', 'Britney', 'Vanni', 'Delly', 'Marlena']
['Ranice', 'Kaitlynn', 'Corinne', 'Roxane', 'Stesha', 'Cristen', 'Diahann', 'Neile', 'Tamara', 'Cindie', 'Shanie', 'Leanora', 'Paulina', 'Livy', 'Kittie']
['Corly', 'Gae', 'Caryn', 'Anabel', 'Else', 'Lynnet', 'Dyane', 'Lyda', 'Bridgette', 'Sherrie', 'Cassondra', 'Cherilynn', 'Eolanda', 'Sula', 'Idelle']
['Selinda', 'Dotti', 'Peg', 'Josepha', 'Carroll', 'Teddi', 'Tamra', 'Matilde', 'Lorie', 'Mella', 'Fredericka', 'Agatha', 'Casi', 'Agnese', 'Debora']
['Kara', 'Andie', 'Marabel', 'Karie', 'Netty', 'Georgiana', 'Adiana', 'Joanna', 'Carri', 'Lisette', 'Tim', 'Lorain', 'Sada', 'Desiri', 'Johanna']
['Cristabel', 'Bekki', 'Sofie', 'Stormi', 'Gwennie', 'Claudie', 'Silva', 'Bertie', 'Gerry', 'Avivah', 'Natalya', 'Anette', 'Cheslie', 'Colline', 'Flory']
['Agneta', 'Mei', 'Myrtle', 'Doroteya', 'Kathy', 'Sonni', 'Chelsy', 'Oralee', 'Martina', 'Anabal', 'Diane', 'Row', 'Starlin', 'Gabbie', 'Catha']
['Janice', 'Paige', 'Jolie', 'Danni', 'Kiele', 'Mufinella', 'Randie', 'Thia', 'Moyna', 'Yetta', 'Cassandra', 'Eve', 'Roslyn', 'Mair', 'Willi']
['Addi', 'Vicky', 'Sile', 'Idalina', 'Winifred', 'Shirl', 'Inga', 'Maxie', 'Rivkah', 'Conchita', 'Tanitansy', 'Ramonda', 'Haley', 'Quintana', 'Melloney']
['Jessamyn', 'Clarissa', 'Erica', 'Korney', 'Missy', 'Monique', 'Dorine', 'Emelda', 'Elvera', 'Yolanda', 'Marlie', 'Kala', 'Euphemia', 'Sheila', 'Vonni']
['Tiffy', 'Ingunna', 'Austina', 'Beatrice', 'Clemence', 'Serena', 'Della', 'Julie', 'Nelie', 'Brittan', 'Lesly', 'Patty', 'Athena', 'Gianina', 'Millisent']
