['a', 'aaaaa', 'bbbbbbb', 'bbbb', 'bbb', 'bbbbbbbb', 'aaaaaaaa', 'bbbbbb', 'bbbbb', 'bb', 'b', 'aa', 'aaaaaa', 'aaaaaaa', 'aaaa', 'aaa']
['c', 'd', 'ccccccc', 'dddddddd', 'ddd', 'dd', 'cc', 'cccccccc', 'ddddd', 'ccccc', 'dddddd', 'ddddddd', 'dddd', 'cccc', 'cccccc', 'ccc']
['e', 'eeeeeee', 'ee', 'ffffff', 'eee', 'eeeeeeee', 'f', 'fff', 'eeeee', 'eeee', 'ff', 'eeeeee', 'fffff', 'ffff', 'fffffff', 'ffffffff']
['g', 'hhhhhh', 'hhhhh', 'gggggg', 'ggggg', 'hhhh', 'gggg', 'gggggggg', 'ggggggg', 'h', 'hh', 'hhhhhhh', 'hhh', 'gg', 'hhhhhhhh', 'ggg']
['i', 'jjjj', 'jjjjjjj', 'jj', 'iiiiiiii', 'iii', 'j', 'iiii', 'jjjjj', 'jjjjjj', 'ii', 'iiiii', 'jjj', 'iiiiiii', 'jjjjjjjj', 'iiiiii']
['k', 'lllllll', 'llll', 'llllll', 'll', 'kkkk', 'kkk', 'kkkkkkk', 'lllll', 'l', 'kk', 'llllllll', 'kkkkkk', 'lll', 'kkkkk', 'kkkkkkkk']
['m', 'nnnnn', 'mmmmmmm', 'nnnnnnnn', 'mmmm', 'nnnnnn', 'mmmmmmmm', 'n', 'mm', 'mmmmm', 'nnnn', 'mmm', 'mmmmmm', 'nnnnnnn', 'nn', 'nnn']
['o', 'oooooo', 'p', 'ppppp', 'ppp', 'oooooooo', 'pp', 'ppppppp', 'ooooo', 'oo', 'ooo', 'oooo', 'pppppppp', 'pppppp', 'ooooooo', 'pppp']
['q', 'qqqqqqq', 'r', 'qqqqqq', 'qq', 'rrrrrrr', 'rrrrrr', 'rrr', 'rr', 'rrrrr', 'qqqqq', 'qqqqqqqq', 'rrrrrrrr', 'rrrr', 'qqqq', 'qqq']
['s', 'tttttt', 'ssssss', 'ttttt', 'tt', 'ssssssss', 'ssss', 'ss', 't', 'ttttttt', 'ttt', 'tttt', 'sssss', 'tttttttt', 'sssssss', 'sss']
['u', 'uu', 'v', 'uuu', 'uuuu', 'vvvvvv', 'vvvv', 'uuuuuuu', 'vvvvv', 'vv', 'uuuuuuuu', 'vvvvvvvv', 'uuuuuu', 'vvvvvvv', 'uuuuu', 'vvv']
['w', 'wwww', 'xx', 'xxx', 'wwwww', 'x', 'xxxxxx', 'wwwwwwww', 'ww', 'xxxxxxxx', 'xxxxx', 'xxxxxxx', 'wwwwwww', 'xxxx', 'www', 'wwwwww']
['y', 'yyyy', 'zzz', 'zzzzzzz', 'z', 'zzzz', 'zzzzz', 'yyyyyyy', 'yyyyy', 'yyyyyy', 'yy', 'zz', 'zzzzzz', 'yyy', 'yyyyyyyy', 'zzzzzzzz']
['A', 'BBBBBB', 'AA', 'B', 'AAA', 'BBBBBBB', 'BBBB', 'AAAAAAA', 'BBBBB', 'BB', 'BBB', 'AAAA', 'BBBBBBBB', 'AAAAAAAA', 'AAAAA', 'AAAAAA']
['C', 'DDDD', 'CCCC', 'D', 'CCCCCC', 'CCCCC', 'CCCCCCC', 'DDDDDDDD', 'CC', 'DDDDD', 'DD', 'DDDDDDD', 'CCCCCCCC', 'CCC', 'DDDDDD', 'DDD']
['E', 'EE', 'FFFFFFF', 'FFF', 'EEEE', 'F', 'EEEEEEEE', 'FFFFFFFF', 'EEE', 'FFFF', 'FF', 'EEEEE', 'FFFFF', 'EEEEEEE', 'EEEEEE', 'FFFFFF']
['G', 'HHH', 'H', 'GGGG', 'HHHHHH', 'GGGGGGGG', 'GGGGGG', 'HHHH', 'HHHHHHH', 'HHHHHHHH', 'GGG', 'GGGGGGG', 'HHHHH', 'GG', 'HH', 'GGGGG']
['I', 'II', 'IIIIIII', 'III', 'IIIIIIII', 'JJJJJ', 'IIII', 'JJJ', 'J', 'JJJJJJ', 'JJJJJJJ', 'IIIII', 'IIIIII', 'JJ', 'JJJJJJJJ', 'JJJJ']
['K', 'KKKKKKKK', 'KKKKK', 'LLL', 'LLLLLLL', 'LLLLLL', 'KKKK', 'LLLLLLLL', 'KKKKKK', 'L', 'LLLLL', 'KK', 'LLLL', 'LL', 'KKK', 'KKKKKKK']
['M', 'NNNNNNN', 'MMM', 'NNN', 'MMMMMM', 'MMMMM', 'N', 'NNNNNN', 'MMMM', 'MMMMMMMM', 'MMMMMMM', 'MM', 'NNNNNNNN', 'NN', 'NNNN', 'NNNNN']
['O', 'OOOO', 'P', 'PP', 'PPPPPPP', 'OOOOOOOO', 'OO', 'PPPPPPPP', 'OOO', 'PPPPPP', 'PPP', 'PPPP', 'OOOOO', 'PPPPP', 'OOOOOO', 'OOOOOOO']
['Q', 'QQQQQQQ', 'QQQQ', 'RRRRRR', 'QQQQQQQQ', 'RR', 'QQQQQ', 'RRRR', 'QQQQQQ', 'R', 'QQQ', 'QQ', 'RRRRRRR', 'RRRRRRRR', 'RRRRR', 'RRR']
['S', 'TTT', 'T', 'TTTTTTTT', 'SSSS', 'TTTTTTT', 'TTTTT', 'SSSSSSSS', 'SSS', 'SS', 'TTTTTT', 'SSSSS', 'TTTT', 'SSSSSS', 'TT', 'SSSSSSS']
['U', 'VVVVV', 'VVVVVVV', 'UUU', 'UUUU', 'VVV', 'VVVVVV', 'UU', 'V', 'VVVVVVVV', 'UUUUUUUU', 'UUUUUUU', 'VV', 'VVVV', 'UUUUUU', 'UUUUU']
['W', 'XXXXXXX', 'XXXX', 'WW', 'WWWWWWW', 'WWW', 'WWWW', 'X', 'XX', 'XXXXXXXX', 'WWWWW', 'WWWWWWWW', 'WWWWWW', 'XXXXX', 'XXXXXX', 'XXX']
['Y', 'ZZZZZZZZ', 'ZZZZZZZ', 'ZZZZ', 'YYYYYYY', 'ZZZZZ', 'Z', 'ZZZ', 'YYYYYYYY', 'YYYY', 'YYYYY', 'ZZZZZZ', 'YY', 'YYY', 'YYYYYY', 'ZZ']
['1', '2222', '222', '111111', '2', '11', '1111', '2222222', '11111111', '22222', '22', '11111', '22222222', '1111111', '111', '222222']
['3', '44444444', '3333333', '33', '33333333', '4', '3333', '44', '444444', '444', '44444', '333333', '4444444', '33333', '333', '4444']
['5', '666', '66666666', '66', '555', '5555555', '666666', '6', '5555', '55555', '555555', '66666', '55', '55555555', '6666666', '6666']
['7', '8888', '777777', '888888', '88888888', '888', '8', '77777777', '77777', '8888888', '7777', '77', '88888', '777', '88', '7777777']
