['Jarno1', 'Davide5', 'Emanuel1', 'Walter1', 'Isabel1', 'Elsa0', 'Ian0', 'Arturo8', 'Fatima9', 'Sasha7', 'Caligola0', 'Teseo4', 'Eriberto9', 'Kris2', 'Albino1', 'Lidia6', 'Rosaria8', 'Santo9', 'Donatella7', 'Odino6']
['Ruth1', 'Liborio8', 'Vinicio8', 'Brigitta5', 'Sarita4', 'Ubaldo1', 'Davide8', 'Carmela3', 'Edilio6', 'Marieva7', 'Giorgio3', 'Gianleonardo6', 'Cleopatra1', 'Erminio9', 'Armando8', 'Miriana7', 'Giorgio6', 'Alan9', 'Isabel6', 'Ludovico9']
['Mirko4', 'Amedeo1', 'Gianriccardo3', 'Eustachio2', 'Bortolo9', 'Rosalino2', 'Mariagiulia4', 'Oretta5', 'Bortolo5', 'Moreno5', 'Fortunata0', 'Giorgio2', 'Iacopo1', 'Laerte5', 'Arduino5', 'Cleros7', 'Fabio8', 'Tancredi6', 'Pierfrancesco0', 'Jari2']
['Romeo2', 'Rocco9', 'Karim1', 'Doriana2', 'Ercole2', 'Sibilla4', 'Domiziano7', 'Joseph3', 'Trevis2', 'Gianantonio5', 'Guido1', 'Fabio9', 'Claudia1', 'Muzio8', 'Fiorenzo7', 'Marino8', 'Dante0', 'Antimo9', 'Caio6', 'Xavier7']
['Jole3', 'Ivano3', 'Bibiana4', 'Quarto3', 'Erminia2', 'Noel4', 'Demi6', 'Nestore5', 'Noah0', 'Rodolfo9', 'Miriam7', 'Penelope7', 'Orfeo9', 'Vania3', 'Gaetano5', 'Gelsomina6', 'Terzo7', 'Enzo6', 'Ermes9', 'Luigi7']
['Luigi4', 'Alessandro3', 'Tristano8', 'Ercole1', 'Nathan9', 'Carmela6', 'Alberto5', 'Matteo9', 'Maggiore2', 'Luce0', 'Mattia1', 'Celeste3', 'Cleopatra8', 'Elio8', 'Gaetano4', 'Dante5', 'Laura9', 'Tazio1', 'Laerte9', 'Edipo4']
['Ian2', 'Siro9', 'Mietta0', 'Giovanna3', 'Lidia0', 'Sesto4', 'Kai5', 'Mariagiulia0', 'Radames4', 'Erminio4', 'Iacopo2', 'Ursula5', 'Gregorio7', 'Fernando8', 'Gilda2', 'Umberto6', 'Danthon5', 'Primo9', 'Sesto8', 'Lino4']
['Sebastian2', 'Ferdinando0', 'Ione9', 'Mirko6', 'Vera2', 'Rosalba1', 'Deborah2', 'Giacobbe7', 'Monia6', 'Tancredi5', 'Costanzo6', 'Marvin0', 'Tolomeo6', 'Demis1', 'Loretta4', 'Ercole4', 'Trevis8', 'Vania2', 'Rita6', 'Miriam8']
['Amedeo6', 'Marina6', 'Loris4', 'Maika9', 'Fiorentino3', 'Costantino7', 'Nestore6', 'Fatima2', 'Nestore8', 'Pietro1', 'Jacopo3', 'Arduino8', 'Radames7', 'Osea9', 'Carlo1', 'Siro3', 'Miriana9', 'Ermes4', 'Lauro5', 'Anselmo9']
['Ulrico6', 'Assia4', 'Giacinto6', 'Tommaso8', 'Anastasio7', 'Oretta9', 'Erminia5', 'Nathan3', 'Renzo6', 'Damiana2', 'Egisto1', 'Azue3', 'Thea5', 'Timoteo5', 'Nabil5', 'Elga3', 'Concetta9', 'Samira4', 'Karim8', 'Mattia9']
['Tolomeo0', 'Cirino1', 'Marina7', 'Umberto0', 'Gerlando9', 'Marina4', 'Sue0', 'Michael9', 'Erminia8', 'Edilio5', 'Pablo7', 'Gianriccardo2', 'Laura1', 'Furio5', 'Ariel9', 'Filomena3', 'Giobbe6', 'Benedetta4', 'Sabatino1', 'Rebecca6']
['Guendalina3', 'Filomena4', 'Emanuel7', 'Enzo0', 'Alessio7', 'Genziana8', 'Folco4', 'Fiorenzo1', 'Cira8', 'Dylan9', 'Cassiopea3', 'Osea1', 'Tancredi4', 'Kayla3', 'Irene7', 'Marianita7', 'Elio3', 'Penelope5', 'Prisca2', 'Arcibaldo8']
['Joseph7', 'Radames1', 'Odone4', 'Sue2', 'Lamberto6', 'Akira3', 'Xavier5', 'Quirino1', 'Ercole9', 'Priamo8', 'Alighiero7', 'Armando5', 'Avide3', 'Ercole8', 'Eusebio6', 'Kris3', 'Piersilvio0', 'Orfeo4', 'Benedetta5', 'Enzo3']
['Primo3', 'Elda2', 'Renzo5', 'Ludovico2', 'Amedeo5', 'Marzio4', 'Lisa0', 'Concetta5', 'Italo9', 'Raniero0', 'Marianita8', 'Marcella3', 'Baldassarre3', 'Fatima0', 'Cira7', 'Olimpia3', 'Nazzareno0', 'Prisca3', 'Edipo5', 'Folco3']
['Mauro7', 'Raoul7', 'Luce6', 'Nestore7', 'Maruska3', 'Diamante6', 'Manfredi5', 'Sebastian4', 'Artes8', 'Nestore4', 'Valdo2', 'Eusebio3', 'Lidia4', 'Assia0', 'Fabiano3', 'Thea4', 'Loredana0', 'Marcella0', 'Rosalino0', 'Concetta1']
['Lazzaro2', 'Adriano1', 'Audenico0', 'Emidio9', 'Deborah4', 'Giordano5', 'Cleros4', 'Romeo4', 'Marianita5', 'Elda4', 'Eustachio1', 'Leonardo7', 'Mecren9', 'Gioacchino6', 'Cassiopea9', 'Michele7', 'Giulio2', 'Adriano0', 'Elsa1', 'Guido6']
['Maggiore3', 'Monia8', 'Armando0', 'Oreste0', 'Orfeo1', 'Mariano0', 'Mecren5', 'Miriana4', 'Sasha9', 'Antonino6', 'Samira6', 'Jack2', 'Pacifico0', 'Bettino8', 'Siro2', 'Demis2', 'Cleros5', 'Alighieri1', 'Lia2', 'Cosetta2']
['Rosalba8', 'Siro8', 'Osvaldo5', 'Clodovea1', 'Celeste4', 'Clodovea2', 'Joshua3', 'Ileana5', 'Modesto4', 'Zelida4', 'Gilda5', 'Santo3', 'Anselmo8', 'Bibiana6', 'Nestore3', 'Augusto8', 'Pablo9', 'Cassiopea8', 'Anastasio3', 'Loredana6']
['Michael4', 'Valdo9', 'Lorenzo9', 'Silvano4', 'Nathan2', 'Jari0', 'Edilio2', 'Sesto2', 'Sirio6', 'Sirio1', 'Violante6', 'Leonardo1', 'Ausonio0', 'Marianita1', 'Mietta2', 'Evangelista9', 'Alessio3', 'Fiorenzo8', 'Walter3', 'Cleros2']
['Ettore0', 'Zaccaria2', 'Ilario9', 'Carmelo4', 'Claudia6', 'Folco6', 'Marieva8', 'Ferdinando6', 'Gianmaria7', 'Mariagiulia9', 'Italo5', 'Giovanna5', 'Matilde9', 'Gianantonio6', 'Battista3', 'Nayade9', 'Demis3', 'Giancarlo3', 'Benedetta1', 'Ethan9']
['Marino4', 'Jacopo4', 'Sabino2', 'Nico1', 'Sarita7', 'Osea0', 'Timoteo4', 'Rebecca5', 'Mattia6', 'Odino9', 'Fabiano1', 'Gianantonio3', 'Marzio5', 'Amerigo5', 'Graziano0', 'Gioacchino7', 'Eliziario6', 'Brigitta8', 'Leonardo0', 'Sandro2']
['Laerte0', 'Cleopatra7', 'Cleros6', 'Rebecca2', 'Davide1', 'Enrico1', 'Secondo0', 'Joannes5', 'Jelena1', 'Rosita1', 'Gregorio2', 'Odone9', 'Rufo5', 'Joshua0', 'Ubaldo2', 'Serse1', 'Timoteo9', 'Deborah9', 'Umberto9', 'Gianmarco5']
['Eriberto7', 'Walter7', 'Tristano5', 'Folco0', 'Priamo0', 'Giulietta7', 'Antonio9', 'Danuta0', 'Caligola7', 'Gavino8', 'Lauro3', 'Bettino1', 'Marzio7', 'Pacifico5', 'Diamante4', 'Liborio4', 'Flaviana6', 'Demi9', 'Kayla9', 'Soriana6']
['Orfeo7', 'Enzo7', 'Ethan3', 'Folco8', 'Caio2', 'Amerigo1', 'Mariagiulia3', 'Loretta1', 'Piersilvio3', 'Emanuel3', 'Costanzo4', 'Nicoletta3', 'Fortunata6', 'Siro0', 'Patrizio4', 'Cesidia8', 'Tazio7', 'Marzio6', 'Cleopatra5', 'Marcella4']
['Hector0', 'Ethan7', 'Nico6', 'Orfeo5', 'Damiana9', 'Anselmo3', 'Elga8', 'Maika6', 'Odone8', 'Rosolino0', 'Quasimodo0', 'Max1', 'Trevis3', 'Renato5', 'Primo1', 'Secondo5', 'Eriberto1', 'Aroldo4', 'Noah6', 'Mietta1']
