['Elinor', 'Laverne', 'Giselle', 'Billy', 'Emmalynne', 'Jane', 'AnnaDiane', 'Nora', 'Phedra', 'Meggy', 'Myrilla', 'Rachel', 'Cordie', 'Paula', 'Garland', 'Brigid', 'Carmelia', 'Marley']
['Alyce', 'Lanni', 'Alvina', 'Esmaria', 'Kay', 'Bessy', 'Kiersten', 'Romonda', 'Toni', 'Tanya', 'Siusan', 'Deeann', 'Anthe', 'Lila', 'HelenElizabeth', 'Noelyn', 'Moyra', 'Dulcie']
['Jeannie', 'Madonna', 'Idell', 'Vivia', 'Imogen', 'Aubrette', 'Geri', 'Suellen', 'Dianna', 'Cecelia', 'Bonnee', 'Tanhya', 'Melodie', 'Corella', 'Delila', 'Fayth', 'Prudi', 'Ula']
['Gaynor', 'Miquela', 'Dolores', 'Valerie', 'Ethelind', 'Susana', 'Lynnett', 'Susi', 'Carline', 'Kania', 'Jeralee', 'Henrietta', 'Sharla', 'Christabel', 'Barbe', 'Lorraine', 'Livia', 'Brynne']
['Kettie', 'Yalonda', 'SheilaKathryn', 'Bria', 'Brynna', 'Willabella', 'Hatty', 'Laureen', 'Idalina', 'Anya', 'Lona', 'Gussy', 'Erna', 'Koressa', 'Eve', 'Devinne', 'Arliene', 'Neilla']
['Camilla', 'Rasla', 'Arleyne', 'Kippy', 'Danell', 'Cristina', 'Inna', 'Riannon', 'Ortensia', 'Corinna', 'Kellen', 'Honey', 'Joleen', 'Thalia', 'Gabriell', 'Nelia', 'Serena', 'Jess']
['Thomasina', 'Lillis', 'Tammy', 'Barbaraanne', 'Essa', 'Gerianna', 'Tersina', 'Dana', 'Tiffani', 'Nicoli', 'Constantia', 'Coral', 'Maryl', 'Lois', 'Katha', 'Jodi', 'Donella', 'Karol']
['Lisabeth', 'Wilow', 'Toma', 'Ivie', 'Pippy', 'Cinnamon', 'Minnnie', 'Kelcey', 'Katleen', 'Courtnay', 'Lauretta', 'Pia', 'Laraine', 'Rosene', 'Sibylle', 'Vallie', 'Kaylyn', 'Siobhan']
['Licha', 'Claudina', 'Madalena', 'Mable', 'Ashlen', 'Lisbeth', 'Mariette', 'Christina', 'Nerissa', 'Roseann', 'Faith', 'Amitie', 'Ginger', 'Almeda', 'Jsandye', 'Genna', 'Annalee', 'Pierrette']
['Janette', 'Marice', 'Lina', 'Vickie', 'Libbi', 'Janey', 'Debby', 'Kylen', 'Nadine', 'Brandie', 'Lorinda', 'Shelby', 'Gwenette', 'Shayne', 'Nomi', 'Katalin', 'Goldi', 'Carlye']
['Sophie', 'Mehetabel', 'Kial', 'Bibbie', 'Clemmie', 'Sharron', 'Tressa', 'Ellie', 'Jeannette', 'Jada', 'Ondrea', 'Tova', 'Linette', 'Stepha', 'Zita', 'Tamarra', 'Martguerita', 'Misti']
['Laverna', 'Raine', 'Erma', 'Kathlin', 'Cayla', 'Callie', 'Wilone', 'Trista', 'Chris', 'Sheree', 'Marylou', 'Joycelin', 'Analise', 'Gwendolen', 'Debbie', 'Melva', 'Nolana', 'Coretta']
['Zorana', 'Shay', 'Johnette', 'Nevsa', 'Heidie', 'Milena', 'Loria', 'Charis', 'Bell', 'Lyn', 'Andriette', 'Silva', 'Goldina', 'Clari', 'Sephira', 'Edi', 'Darcee', 'Ardine']
['Hyacinth', 'Sara', 'Randene', 'Fawne', 'Amabel', 'Freda', 'Lacey', 'Ray', 'Helenka', 'Kinna', 'Pandora', 'Rebbecca', 'Lilla', 'Blake', 'Jacquenette', 'Ashely', 'Carree', 'Phillis']
['Rozanna', 'Veronike', 'Rosalind', 'Tessy', 'Lettie', 'Jorey', 'Sheeree', 'Merline', 'Shani', 'Saundra', 'Laurice', 'Renelle', 'Mariejeanne', 'Joly', 'Lindsy', 'Frankie', 'Cate', 'Sallyanne']
['Madelin', 'Eula', 'Penny', 'Trude', 'Ardenia', 'Lia', 'Caryn', 'Cynde', 'Elisabet', 'Pollyanna', 'Elayne', 'Tilda', 'Lori', 'Libby', 'Kristin', 'Constantina', 'Maddalena', 'Jeannine']
['Kassia', 'Shayna', 'Marcia', 'Phil', 'Drucill', 'Tresa', 'Paulette', 'Leora', 'Madelyn', 'Jessika', 'Geralda', 'Natalina', 'Patti', 'Emilee', 'Avivah', 'Mina', 'Denyse', 'Una']
['Sue', 'Jobina', 'Raye', 'Marigold', 'Sheena', 'Sherline', 'Grazia', 'Fredelia', 'Brandise', 'Nerta', 'Flori', 'Marjie', 'Jenna', 'Costanza', 'Isabelle', 'Keri', 'Gayle', 'Vanessa']
['Genni', 'Evangeline', 'Edeline', 'Brenn', 'Terra', 'Gigi', 'Starr', 'Meris', 'Rosina', 'Marla', 'Merrielle', 'Jasmin', 'Reta', 'Joannes', 'Laura', 'Liz', 'Eadie', 'Karlotta']
['Zoe', 'Jaclyn', 'Mia', 'Kerstin', 'Pansie', 'Henriette', 'Camille', 'Lorrin', 'Kata', 'Allsun', 'Reeva', 'Feliza', 'Kacey', 'Dayle', 'Cordy', 'Dulcia', 'Corey', 'Dulcea']
['Di', 'Verina', 'Hendrika', 'Midge', 'Ashli', 'Annie', 'Valentine', 'Natka', 'Kora', 'Daisi', 'Wendeline', 'Betteanne', 'Herminia', 'Anjanette', 'Therine', 'Harriett', 'Deny', 'Raven']
['Reggi', 'Crystie', 'Andree', 'Jolie', 'Evvy', 'Stefa', 'Biddie', 'Chelsea', 'Jennica', 'Chrystel', 'Fayina', 'Mareah', 'Matilda', 'Uta', 'Leilah', 'Christin', 'Tybi', 'Maryjo']
['Kalindi', 'Vi', 'Cherry', 'Eddi', 'Philomena', 'Emmy', 'Jeniffer', 'Pavla', 'Oliy', 'Bobbie', 'Heather', 'Giralda', 'Jessamyn', 'Tobi', 'Tamarah', 'Catina', 'Marlyn', 'Karisa']
['Ealasaid', 'Jaime', 'Leona', 'Erinna', 'Rosalinde', 'Vonny', 'Lavinia', 'Tatiana', 'Lorena', 'Paulina', 'Sofia', 'Clemmy', 'Shaina', 'Vin', 'Renae', 'Lorna', 'Natala', 'Cory']
['Megan', 'Robena', 'Emelina', 'Winifred', 'Sheilah', 'Harrie', 'Magdaia', 'Shelli', 'Sayre', 'Vilma', 'Patience', 'Gerrilee', 'Cammie', 'AnnaDiana', 'Lita', 'Shelia', 'Viva', 'Neila']
