['Lucio', 'Pedro', 'Lacey', 'Staci', 'Donna', 'Mable', 'Arlen', 'Patti', 'Jayne', 'Della', 'Leila', 'Kathy', 'Marci']
['Mitzi', 'Devin', 'Daisy', 'Terry', 'Adela', 'Zelma', 'Verna', 'Renee', 'Donny', 'Wyatt', 'Darin', 'Tanya', 'Tessa']
['April', 'Julia', 'Maura', 'Sonja', 'Ellen', 'Gayle', 'Fidel', 'Naomi', 'Leona', 'Jaime', 'Sheri', 'Candy', 'Lorna']
['Willy', 'Becky', 'Kirby', 'Queen', 'Jonah', 'Ronny', 'Tasha', 'Louis', 'Aaron', 'Adele', 'Clark', 'David', 'Roxie']
['Merle', 'Dwain', 'Steve', 'Kevin', 'Erick', 'Carly', 'Corey', 'Melba', 'Elmer', 'Bryon', 'Benny', 'Ariel', 'Sybil']
['Janis', 'Issac', 'Allan', 'Marty', 'Lorie', 'Bruno', 'Emery', 'Nadia', 'Garry', 'Nelda', 'Elvin', 'Mason', 'Mitch']
['Pearl', 'Sadie', 'Jamel', 'Rhoda', 'James', 'Janet', 'Karin', 'Tommy', 'Doris', 'Grant', 'Tracy', 'Olive', 'Wanda']
['Lydia', 'Betsy', 'Cindy', 'Jamar', 'Terri', 'Ollie', 'Rhett', 'Hilda', 'Kayla', 'Sofia', 'Bryan', 'Casey', 'Tammi']
['Daron', 'Britt', 'Bryce', 'Jared', 'Robyn', 'Quinn', 'Kelly', 'Tonya', 'Roger', 'Amber', 'Tonia', 'Leroy', 'Debra']
['Marla', 'Dante', 'Ervin', 'Felix', 'Essie', 'Josie', 'Mikel', 'Moshe', 'Leann', 'Aline', 'Hazel', 'Moses', 'Emily']
['Clint', 'Cliff', 'Nancy', 'Ilene', 'Trent', 'Wally', 'Brock', 'Audra', 'Orval', 'Robin', 'Linda', 'Margo']
['Malik', 'Dixie', 'Dusty', 'Cesar', 'Greta', 'Marcy', 'Maude', 'Brent', 'Mamie', 'Brian', 'Wendi', 'Flora']
['Mandy', 'Alvin', 'Alice', 'Bette', 'Lanny', 'Laura', 'Micah', 'Teddy', 'Cyrus', 'Lauri', 'Bobbi', 'Sammy']
['Ebony', 'Ahmad', 'Julio', 'Dario', 'Sandy', 'Annie', 'Ruben', 'Deann', 'Chang', 'Claud', 'Shaun', 'Basil']
['Berta', 'Perry', 'Amado', 'Roman', 'Peter', 'Clara', 'Carla', 'Eddie', 'Vilma', 'Nikki', 'Elsie', 'Timmy']
['Joann', 'Monty', 'Lyman', 'Tyron', 'Sally', 'Helga', 'Billy', 'Rufus', 'Maria', 'Elena', 'Elias', 'Erica']
['Shane', 'Wilma', 'Brant', 'Freda', 'Odell', 'Chase', 'Danny', 'Twila', 'Alton', 'Fritz', 'Percy', 'Rusty']
['Chong', 'Karen', 'Craig', 'Davis', 'Clyde', 'Wendy', 'Katie', 'Brady', 'Randy', 'Elvia', 'Effie', 'Major']
['Jacob', 'Sonny', 'Homer', 'Mario', 'Hyman', 'Pansy', 'Randi', 'Jason', 'Misty', 'Barry', 'Ernie', 'Myron']
['Vicky', 'Josef', 'Erika', 'Irvin', 'Viola', 'Holly', 'Chris', 'Avery', 'Paige', 'Edwin', 'Joyce', 'Buddy']
