['am', 'Alexander', 'Elias', 'Kaiden', 'Richard', 'Ace', 'Jacob', 'Jack', 'Maxwell', 'Karter']
['Eric', 'Jude', 'Xander', 'River', 'Brooks', 'Judah', 'Brady', 'Kameron', 'Nash', 'Tristan']
['Theo', 'Noah', 'George', 'Beau', 'Dawson', 'Brandon', 'Cole', 'Iker', 'Rafael', 'Barrett']
['William', 'Isaac', 'Christopher', 'Griffin', 'Luke', 'Maverick', 'Chase', 'Zachary', 'Wesley', 'Adriel']
['Bennett', 'Brantley', 'James', 'Joshua', 'Kayden', 'Jameson', 'Nathaniel', 'Gabriel', 'Micah', 'Cash']
['Amari', 'Logan', 'Aaron', 'Ezra', 'Harrison', 'Braxton', 'Emiliano', 'Killian', 'Cody', 'Ian']
['David', 'Jason', 'Rhett', 'Charlie', 'Jorge', 'Reid', 'Benjamin', 'Christian', 'Roman', 'Leon']
['Matias', 'Owen', 'Leonardo', 'Damian', 'Camden', 'Elliot', 'Zane', 'Paxton', 'Mason', 'Aidan']
['Bradley', 'Andrew', 'Cameron', 'Elijah', 'Michael', 'Dylan', 'Lincoln', 'Jeremiah', 'Everett', 'Legend']
['Diego', 'Alan', 'Oliver', 'Riley', 'Beckham', 'Colton', 'Cooper', 'Bryce', 'Carter', 'King']
['Leo', 'Francisco', 'Adam', 'Evan', 'Axel', 'Rowan', 'Giovanni', 'Lucas', 'Ryan', 'Tobias']
['Abraham', 'Brian', 'Thomas', 'August', 'Nicolas', 'Karson', 'Carson', 'Jesus', 'Paul', 'Kaden']
['Gavin', 'Emmanuel', 'Edward', 'Dean', 'Israel', 'Enzo', 'Simon', 'Ethan', 'Derek', 'Beckett']
['Chance', 'Wyatt', 'Jace', 'Austin', 'Calvin', 'Graham', 'Miles', 'Jayce', 'Marcus', 'Kyle']
['Daniel', 'Anthony', 'Parker', 'Maddox', 'Gael', 'Caden', 'Grayson', 'Levi', 'Victor', 'Clayton']
['Avery', 'Lorenzo', 'Lukas', 'Eduardo', 'Matthew', 'Emilio', 'Andre', 'Nicholas', 'Santiago', 'Kingston']
['Abel', 'Aiden', 'Jose', 'Jonah', 'Kyrie', 'Knox', 'Sean', 'Walter', 'Holden', 'Zayden']
['Henry', 'Jonathan', 'Joel', 'Blake', 'Alex', 'Joseph', 'Brayden', 'Kaleb', 'Jeremy', 'Hayden']
['Josiah', 'Jackson', 'Ivan', 'Timothy', 'Patrick', 'Steven', 'Stephen', 'Samuel', 'Brody', 'Tucker']
['Milo', 'Sebastian', 'Juan', 'Malachi', 'Andres', 'Tanner', 'John', 'Greyson', 'Zion', 'Preston']
['Hudson', 'Sawyer', 'Ayden', 'Kenneth', 'Emerson', 'Justin', 'Erick', 'Colt', 'Peter', 'Phoenix']
['Arthur', 'Elliott', 'Jax', 'Isaiah', 'Jayden', 'Miguel', 'Gunner', 'Bentley', 'Weston']
['Finley', 'Caleb', 'Alejandro', 'Jaden', 'Emmett', 'Jaxon', 'Theodore', 'Mark', 'Landon']
['Ryder', 'Adrian', 'Felix', 'Martin', 'Luca', 'Connor', 'Kai', 'Carlos', 'Cayden']
['Corbin', 'Declan', 'Waylon', 'Myles', 'Jordan', 'Grant', 'Jasper', 'Omar', 'Javier']
['Jaxson', 'Julian', 'Asher', 'Maximus', 'Jesse', 'Dominic', 'Nolan', 'Luis', 'Archer']
['Robert', 'Max', 'Amir', 'Dallas', 'Louis', 'Silas', 'Hunter', 'Mateo', 'Ryker']
['Antonio', 'Thiago', 'Angel', 'Kevin', 'Jake', 'Nathan', 'Josue', 'Tyler', 'Finn']
['Charles', 'Xavier', 'Rylan', 'Colin', 'Ezekiel', 'Remington', 'Easton', 'Eli', 'Oscar']
['Ashton', 'Messiah', 'Zander', 'Bryson', 'Damien', 'Matteo', 'Bryan', 'Vincent', 'Manuel']
