['Takia', 'Lealand', 'Ilyn', 'Alyze', 'Laticia', 'Gunther', 'Rosalio', 'Anadalay', 'Ally', 'Dea', 'Tralyn']
['Adriene', 'Ailene', 'Dainen', 'Dorcas', 'Makyra', 'Jamaine', 'Markise', 'Marck', 'Aizik', 'Tahir', 'Alieyah']
['Abaan', 'Zykerria', 'Gracia', 'Chanze', 'Emmely', 'Endi', 'Evia', 'Noha', 'Donnelle', 'Gertrude', 'Rayne']
['Terriona', 'Jdan', 'Demetreus', 'Ganon', 'Kalum', 'Adysen', 'Lada', 'Katalina', 'Venezia', 'Amritha', 'Oviya']
['Loni', 'Niemah', 'Adaley', 'Malaja', 'Spartan', 'Kay', 'Kaeley', 'Miley', 'Oluwatobi', 'Charlett', 'Marcellius']
['Aleiyah', 'Lynia', 'Deliany', 'Lilienne', 'Vinnie', 'Avigail', 'Amr', 'Meryl', 'Fidel', 'Jaleesa', 'Sevren']
['Olive', 'Taye', 'Jaaziah', 'Fe', 'Zahriyah', 'Lukis', 'Larrissa', 'Jalilah', 'Sanae', 'Mikea', 'Mailen']
['Daxen', 'Andriy', 'Kinzie', 'Cicily', 'Trenise', 'Coulson', 'Brydan', 'Daxx', 'Timia', 'Aarohi', 'Kyston']
['Apollonia', 'Sihaam', 'Zolin', 'Basha', 'Ingrid', 'Shardae', 'Zinia', 'Carena', 'Nakeya', 'Adanna', 'Helaman']
['Montana', 'Hesham', 'Selena', 'Kvaughn', 'Mariaelena', 'Dereck', 'Kirubel', 'Doyle', 'Shannel', 'Quintavious', 'Ettel']
['Michaell', 'Jophy', 'Mikyla', 'Emmanuela', 'Deidre', 'Alayasia', 'Lauralynn', 'Jakelin', 'Jeremias', 'Eeliyah', 'Shelbee']
['Jema', 'Mykaylah', 'Aylana', 'Kariana', 'Janine', 'Jovey', 'Dhyan', 'Giannie', 'Jaleena', 'Jerriah', 'Adaisha']
['Antonin', 'Khila', 'Cliff', 'Monserath', 'Keyvin', 'Mezmariah', 'Alainna', 'Seleen', 'Asha', 'Saheim', 'Arsalan']
['Jamaad', 'Sevastian', 'Carine', 'Dairon', 'Salmaan', 'Shahid', 'Jasahn', 'Dessie', 'Yonason', 'Kellon', 'Trystian']
['Satomi', 'Zoiee', 'Michai', 'Hayven', 'Jayme', 'Ahnaya', 'Navia', 'Dhalia', 'Camill', 'Inaki', 'Bright']
['Guy', 'Alyiana', 'Kamora', 'Kaleo', 'Tayseer', 'Leni', 'Abdulraheem', 'Cordai', 'Tralaya', 'Shakila', 'Suri']
['Shanaiya', 'Sagan', 'Mylie', 'Aley', 'Hakop', 'Tobias', 'Tacori', 'Samauri', 'Jemiah', 'Zackrey', 'Kenzo']
['Trinitey', 'Lamariah', 'Caliegh', 'Atika', 'Sharlene', 'Natasia', 'Hannelore', 'Lazaria', 'Rohil', 'Shalonda', 'Shamaiya']
['Kaymi', 'Jalyiah', 'Jirah', 'Leib', 'Jandre', 'Aysenur', 'Coi', 'Abhinav', 'Shamyia', 'Asa', 'Anastacio']
['Quentyn', 'Jaydah', 'Seiry', 'Donnovan', 'Nakari', 'Dell', 'Jomary', 'Khamil', 'Kairy', 'Jailon', 'Yavian']
['Kaira', 'Treyson', 'Elway', 'Deriyon', 'Braeley', 'Coraline', 'Dajana', 'Azeriah', 'Anouk', 'Jos', 'Kaymarie']
['Osmin', 'Vivica', 'Ishmel', 'Jaquan', 'Zuzanna', 'Avielle', 'Yajahira', 'Leilah', 'Keion', 'Veena', 'Jerel']
['Casondra', 'Srinath', 'Joed', 'Johnavan', 'Carsten', 'Jekeria', 'Katarina', 'Ameerah', 'Raphael', 'Citlally', 'Kyo']
['Nohely', 'Delara', 'Estephanie', 'Liat', 'Dashun', 'Jameisha', 'Marnae', 'Casandra', 'Shamiyah', 'Gwendolynn', 'Alaija']
['Nishta', 'Kenzington', 'Marwan', 'Jebediah', 'Prakruti', 'Masud', 'Marcellino', 'Jatziry', 'Yarithza', 'Benito', 'Ayahna']
['Kameryn', 'Jarem', 'Davidjr', 'Lizmari', 'Fox', 'Maude', 'Jahred', 'Crystina', 'Serenety', 'Soriya', 'Shiala']
['Bristol', 'Eleah', 'Lailani', 'Julia', 'Jaquis', 'Merissa', 'Rock', 'Fabrizzio', 'Xaviel', 'Nakaya', 'Farha']
['Stefanny', 'Tyannah', 'Sameeha', 'Larry', 'Ori', 'Khloee', 'Iris', 'Byron', 'Raymir', 'Marifer', 'Rey']
['Kitty', 'Ancel', 'Gyzelle', 'Griffon', 'Mircale', 'Abdulrehman', 'Anela', 'Cynae', 'Juliano', 'Jacob', 'Orren']
['Armita', 'Halo', 'Khalee', 'Dyami', 'Jamear', 'Brinleigh', 'Denize', 'Thadius', 'Shanell', 'Harlem', 'Derionna']
['Blaine', 'Deedra', 'Jarrell', 'Sabastion', 'Nayara', 'Marialy', 'Jesus', 'Sheniyah', 'Eliziah', 'Ellarie']
['Tam', 'Shy', 'Aryeh', 'Sinia', 'Elisah', 'Sincere', 'Treyonna', 'Lakiyah', 'Liann', 'Rielly']
['Milene', 'Yu', 'Kenzlie', 'Gauge', 'Devaun', 'Kobe', 'Bailynn', 'Nalaya', 'Thaddius', 'Kaushik']
['Anwesha', 'Aanyah', 'Giankarlo', 'Antwane', 'Jabes', 'Jeru', 'Emilie', 'Abriyana', 'Azzareya', 'Brenya']
['Colie', 'Jasiya', 'Dragon', 'Merary', 'Mikelle', 'Yarisbel', 'Jax', 'Taegan', 'Desteni', 'Charlize']
['Jaimarie', 'Nitzia', 'Farah', 'Vyncent', 'Mumin', 'Stafford', 'Guadalupe', 'Merlina', 'Thien', 'Sussy']
['Adeleine', 'Dusan', 'Sayd', 'Keili', 'Lilyonna', 'Azavier', 'Kemily', 'Quintasia', 'Jahlen', 'Jazir']
['Aayana', 'Mylez', 'Bailei', 'Serra', 'Jersi', 'Aman', 'Kaeleen', 'Noami', 'Tafari', 'Nidhi']
['Reynaldo', 'Zayquan', 'Tobechi', 'Handsome', 'Tayyab', 'Leighann', 'Matt', 'Artie', 'Kensleigh', 'Sashya']
['Kayliann', 'Ryleeann', 'Artyom', 'Vedika', 'Hugo', 'Emree', 'Kimball', 'Anagha', 'Litsy', 'Hallei']
['Natsumi', 'Jamonte', 'Kenniyah', 'Chidi', 'Keni', 'Detravion', 'Mckaylin', 'Haya', 'Jezzelle', 'Feven']
['Keemya', 'Ramses', 'Nancy', 'Vanesa', 'Mykenna', 'Analiah', 'Raeleigh', 'Dominika', 'Taigen', 'Bow']
['Tanyla', 'Cylah', 'Janesha', 'Marrius', 'Mylani', 'Eddieberto', 'Hashem', 'Elysha', 'Zyeir', 'Kapena']
['Jesalyn', 'Jamiyla', 'Britnee', 'Ebany', 'Isaak', 'Alison', 'Margie', 'Mikaelah', 'Rexford', 'Yaire']
['Amonti', 'Chyna', 'Gor', 'Tajuan', 'Cyris', 'Ricky', 'Keyin', 'Tashvi', 'Evangelyne', 'Jaeline']
['Zaahir', 'Siena', 'Nethra', 'Amor', 'Danyca', 'Renyah', 'Abdoulaziz', 'Antrone', 'Aibhilin', 'Zamyah']
['Salif', 'Kirrah', 'Marik', 'Soniah', 'Cisco', 'Akasha', 'Ron', 'Tasi', 'Delisha', 'Sydelle']
