['afh', 'aey', 'ade', 'ach', 'arn', 'aag', 'acm', 'ahb', 'asf', 'alr']
['aeq', 'apx', 'aoa', 'ald', 'ajm', 'ajb', 'agk', 'arw', 'aif', 'act']
['ahz', 'amz', 'akn', 'adx', 'aew', 'aqh', 'afk', 'arc', 'ahn', 'apf']
['aau', 'aki', 'ael', 'aal', 'abu', 'abq', 'asr', 'ara', 'amq', 'anq']
['anp', 'aoi', 'ajv', 'alp', 'ant', 'aaw', 'aao', 'aqy', 'api', 'aod']
['aax', 'aru', 'akx', 'arj', 'adu', 'ank', 'aof', 'agc', 'abz', 'ago']
['aro', 'abf', 'abm', 'anu', 'aop', 'alx', 'aac', 'all', 'adz', 'aho']
['aov', 'acu', 'aqa', 'adg', 'afd', 'aon', 'asc', 'aad', 'apu', 'ace']
['aqf', 'afw', 'aot', 'afv', 'agt', 'afe', 'aft', 'ako', 'arm', 'aoz']
['akp', 'anr', 'aht', 'akv', 'aqu', 'aix', 'aqx', 'aig', 'acz', 'afa']
['afx', 'aia', 'ajw', 'afz', 'ata', 'aqj', 'aiy', 'aoh', 'afg', 'apt']
['asx', 'aih', 'acc', 'aql', 'aah', 'asp', 'agv', 'atb', 'aoy', 'ale']
['ash', 'aks', 'ahp', 'agx', 'ajz', 'alf', 'ann', 'amh', 'ahl', 'ams']
['aat', 'acs', 'atf', 'aom', 'aqd', 'apn', 'ait', 'anc', 'aly', 'acv']
['ahi', 'akl', 'aox', 'ans', 'ane', 'apg', 'ajo', 'acg', 'anb', 'aib']
['aca', 'acq', 'abg', 'aie', 'ass', 'abo', 'aex', 'alq', 'adi', 'ali']
['aea', 'akh', 'aol', 'aem', 'aso', 'aiv', 'ajj', 'acp', 'aay', 'agp']
['aou', 'ajt', 'ajf', 'ari', 'anj', 'alm', 'abv', 'abn', 'asz', 'arq']
['alg', 'aij', 'aet', 'akt', 'aja', 'afb', 'aed', 'asi', 'afq', 'aqp']
['akc', 'agn', 'afs', 'ahj', 'ana', 'akw', 'ahf', 'adk', 'agz', 'asm']
['amd', 'aiz', 'alb', 'asd', 'agg', 'anm', 'amk', 'apb', 'asu', 'agm']
['aku', 'apm', 'abx', 'asq', 'amg', 'aae', 'anw', 'aio', 'aoc', 'ajs']
['aep', 'afy', 'adw', 'aai', 'akf', 'ahc', 'ase', 'alz', 'adr', 'aam']
['ape', 'afi', 'apo', 'aek', 'asl', 'asb', 'aeb', 'acb', 'alw', 'akm']
['ala', 'apk', 'atd', 'ajn', 'aph', 'abt', 'ake', 'aba', 'akz', 'aim']
['adp', 'adj', 'aln', 'ahk', 'arx', 'and', 'aqo', 'ado', 'anz', 'aps']
['ask', 'amw', 'ang', 'ahr', 'als', 'aby', 'adc', 'ail', 'asa', 'agj']
['aan', 'ais', 'akk', 'asw', 'agl', 'ate', 'afo', 'aqq', 'aqn', 'agh']
['ajk', 'abk', 'alv', 'aos', 'aeg', 'aoe', 'aco', 'adt', 'alh', 'amt']
['apy', 'aik', 'ahy', 'akj', 'aar', 'arg', 'asy', 'alo', 'anh', 'amc']
['aqw', 'aen', 'acy', 'aqv', 'adf', 'afl', 'aci', 'agi', 'aec', 'aeh']
['apl', 'aez', 'aha', 'agd', 'aky', 'aqz', 'aee', 'apd', 'are', 'aqg']
['ajy', 'aqs', 'ajc', 'agy', 'arf', 'afc', 'amp', 'akb', 'aei', 'atc']
['apr', 'alu', 'apv', 'afj', 'arv', 'acx', 'abj', 'ady', 'adq', 'aka']
['aaz', 'akd', 'ahe', 'arz', 'amx', 'aqt', 'aqk', 'ahs', 'aow', 'aer']
['add', 'abh', 'apj', 'amn', 'ahv', 'aqm', 'aiw', 'aqe', 'akq', 'age']
['aaf', 'art', 'ani', 'adm', 'adh', 'aqc', 'arl', 'adv', 'adl', 'abl']
['anf', 'ads', 'abp', 'ark', 'ary', 'amu', 'agq', 'acj', 'acw', 'arp']
['aip', 'ama', 'ain', 'aaj', 'agb', 'arh', 'apq', 'adn', 'afm', 'aoq']
['ajq', 'ajr', 'akr', 'acn', 'aiq', 'ahu', 'apc', 'alt', 'abw', 'abr']
['apa', 'afu', 'ags', 'ack', 'aid', 'ajg', 'ars', 'aqr', 'akg', 'app']
['acf', 'ajl', 'aml', 'aes', 'anl', 'air', 'abi', 'aqb', 'anx', 'ame']
['ahw', 'agw', 'ahd', 'ahg', 'agr', 'arr', 'afr', 'alj', 'aii', 'amj']
['asj', 'aok', 'aog', 'aoo', 'acd', 'amy', 'acl', 'asv', 'alc', 'aaq']
['abe', 'amm', 'ahh', 'amf', 'aji', 'afp', 'anv', 'abd', 'aga', 'aiu']
['ajh', 'aju', 'aak', 'ano', 'aje', 'ajx', 'aef', 'ahq', 'afn', 'aaa']
['alk', 'aej', 'amr', 'agu', 'asn', 'aqi', 'abc', 'aev', 'aob', 'ard']
['agf', 'aoj', 'aab', 'aap', 'any', 'abs', 'amb', 'aas', 'aeu', 'amv']
['amo', 'ast', 'apw', 'aor', 'acr', 'abb', 'aic', 'ami', 'apz', 'aeo']
['ahm', 'ahx', 'ajd', 'aav', 'aff', 'ada', 'adb', 'asg', 'ajp', 'arb']
