['TJU', 'JCM', 'TTV', 'AY', 'TQWWLG', 'QROYGT', 'SU', 'SEWIVO', 'BW', 'AR', 'OL', 'KFBC', 'FCB', 'LJSX', 'HHCPMB', 'HTA']
['T', 'X', 'EVDQNK', 'WAXWZU', 'ICLIT', 'CTRFIJ', 'QGUYKQ', 'GDFI', 'NGUN', 'SY', 'MM', 'TUB', 'C', 'HJW', 'MV', 'WZ']
['AL', 'ZHCQG', 'J', 'KKFPQ', 'UHTMG', 'ODIF', 'WPRTBZ', 'XT', 'DLJMZC', 'QIZWG', 'ORJB', 'VCFLXV', 'AQDX', 'FAL', 'EJOR', 'HPXSSF']
['OEJ', 'SK', 'NBJL', 'AEV', 'XVU', 'ETSAG', 'S', 'TYQL', 'TXNP', 'MYN', 'NMU', 'GUOYX', 'WBPB', 'ZHDBW', 'ZYFXQ', 'ZTK']
['FVMBV', 'TAN', 'RWHILI', 'JN', 'KBV', 'PE', 'PBRPX', 'V', 'IGSXN', 'ZDYFZU', 'HH', 'ARYSPZ', 'NJAA', 'FGPZAA', 'RQRWJT', 'OVM']
['OYDEJ', 'EWAZF', 'OIA', 'GI', 'Y', 'BAVHR', 'IWP', 'WFWU', 'LZLFY', 'BBB', 'CRAQYE', 'OYJLB', 'NAIN', 'JBJS', 'RKCPEP', 'N']
['QREJV', 'VHUHI', 'GDGZN', 'JP', 'ACYQN', 'WK', 'XLVUF', 'EDAKUV', 'TB', 'CAED', 'CHR', 'LHILT', 'THMU', 'FP', 'IMB', 'OC']
['AZGCQ', 'ZVKC', 'XINMR', 'OQV', 'Z', 'RZU', 'FAF', 'NO', 'YO', 'VL', 'OHZYQ', 'BJ', 'QBB', 'EYEWXP', 'SRJZQ', 'DEXTSN']
['POL', 'IU', 'RUC', 'FJTW', 'TZTCA', 'PIGBG', 'UBYG', 'LY', 'ET', 'OTXCZH', 'ZW', 'WTGA', 'AB', 'WELF', 'QKT', 'YDDS']
['QNKIQE', 'MRT', 'BFZ', 'MICOE', 'KFYTH', 'A', 'B', 'DJC', 'GFNZL', 'AFH', 'PHS', 'LZQ', 'OFIPP', 'EVTLXI', 'SBM', 'YQ']
['BPZAJ', 'YII', 'JJ', 'GBSI', 'QREJG', 'HDJIQ', 'KPXJFJ', 'TRXUD', 'KJHR', 'PJG', 'XLWRB', 'MK', 'CMB', 'AJDT', 'UJ', 'MMUK']
['BNC', 'JMYQEA', 'RM', 'TOR', 'BGB', 'XS', 'ZQAULZ', 'UIUBC', 'USZM', 'WCZSB', 'NDZ', 'LTHESD', 'BQIFGG', 'LQ', 'FPPMUW', 'FXAQ']
['UU', 'KMU', 'ZVWR', 'M', 'AZN', 'PQ', 'SGY', 'L', 'EMP', 'ZIIN', 'EU', 'ETBLO', 'DCBWSF', 'CNYXMO', 'FLLJ', 'IE']
['O', 'ZJUCNC', 'XEAARR', 'E', 'TXCK', 'UXBDM', 'P', 'TGKUE', 'NDF', 'MWKWWN', 'HO', 'NS', 'PRYXX', 'CVSPP', 'NVLNXP', 'EHXPLS']
['ERR', 'G', 'MYSMZ', 'I', 'EP', 'JL', 'SHT', 'ANW', 'DBGM', 'KAZEK', 'UK', 'HLT', 'YOGJ', 'TSSNJ', 'XU', 'JNJNE']
['D', 'UI', 'JUXOIJ', 'CCIYM', 'BHT', 'W', 'MLDT', 'KW', 'MPYJWG', 'COYVMU', 'MOOKF', 'YXEJT', 'LWIA', 'XFGUIZ', 'MXSFK', 'FBW']
['JCEYOL', 'UBWSTW', 'JSMAHJ', 'KLQR', 'DFGWZZ', 'HMURVX', 'KCQRDN', 'RWO', 'YK', 'TN', 'NZDAU', 'VYGES', 'ZTR', 'DJS', 'EM', 'KRXDGO']
['CFG', 'NDLUNW', 'HDJL', 'BSAEQ', 'AW', 'TGDTND', 'UVUBDR', 'EYVVY', 'WVHKC', 'WWF', 'UXXBYF', 'YEBV', 'AH', 'QE', 'IYCHS', 'H']
['MY', 'DRLM', 'YFFNQ', 'SUPLJO', 'CN', 'QDMX', 'BHKK', 'FWRV', 'MISGHL', 'ZULMQ', 'QNN', 'QYC', 'VYBQIM', 'DQQ', 'LNMCTV', 'NP']
['ZAP', 'HSHY', 'U', 'TCBKQ', 'NTMT', 'DVVKX', 'LW', 'BX', 'FSZNT', 'HOQPX', 'VOLULU', 'VWK', 'HGT', 'GCSAZH', 'UEKXJH', 'NDMQJ']
