['AGY', 'AMA', 'ARV', 'ACC', 'ASD', 'APX', 'ADA', 'AMN', 'APB', 'ASB', 'AEM', 'AOV', 'ASA']
['ATT', 'ACQ', 'ANK', 'AEL', 'ALG', 'AKL', 'AQO', 'ASS', 'AHA', 'ADB', 'ATF', 'AGE', 'AKW']
['AGN', 'AAJ', 'AIQ', 'AAN', 'ANB', 'ALX', 'ATJ', 'AAK', 'ASR', 'AIY', 'ABE', 'AKI', 'ACM']
['AEP', 'AJP', 'AHJ', 'AEY', 'AFF', 'ATI', 'ASM', 'AIA', 'ANU', 'AFO', 'ABQ', 'AFS', 'ADF']
['ACX', 'AGJ', 'ARF', 'AMV', 'AKE', 'AJR', 'AJC', 'ANO', 'AKO', 'ASX', 'ABX', 'AAW', 'ALA']
['ANJ', 'ARQ', 'ACD', 'ACF', 'AGF', 'AAR', 'AQE', 'AKT', 'AGG', 'AEE', 'AEJ', 'AHE', 'AHI']
['ARN', 'AGL', 'AKP', 'ALJ', 'ACP', 'ADN', 'AGQ', 'AMB', 'AER', 'AMI', 'AND', 'APW', 'ATV']
['API', 'ANI', 'ALF', 'ANM', 'ATK', 'ARG', 'ASL', 'AET', 'ADW', 'AJU', 'ART', 'ARU', 'AAT']
['ASH', 'AJH', 'AKK', 'AEX', 'ANT', 'AGU', 'ABH', 'AGB', 'AST', 'AON', 'AMQ', 'AQY', 'AAQ']
['APV', 'AOD', 'ALU', 'ATD', 'AMP', 'ANG', 'APQ', 'AAP', 'ASO', 'ANE', 'AFR', 'AFI', 'AHS']
['ASY', 'ASU', 'ADU', 'ASQ', 'ADY', 'AKY', 'ALH', 'AAE', 'ALB', 'ANA', 'AMC', 'AGK', 'AJF']
['AQV', 'AFE', 'ADS', 'AGP', 'AJV', 'ABL', 'AFY', 'AIT', 'ALI', 'AJW', 'AQF', 'AJS', 'AIE']
['AIU', 'ATW', 'ALR', 'ARE', 'AKD', 'APH', 'AIB', 'ARL', 'AOY', 'AKG', 'AHH', 'ANV', 'AMG']
['ACB', 'ABG', 'ABN', 'ADP', 'AJT', 'ASF', 'AAH', 'APN', 'AHO', 'AFL', 'ATR', 'AQU', 'AMH']
['ABJ', 'ASE', 'ACH', 'ADD', 'AQG', 'AEK', 'ARH', 'ADI', 'ALL', 'AOM', 'ARM', 'ATE', 'AES']
['AIW', 'AIR', 'ATY', 'AHR', 'ALM', 'AOF', 'ADT', 'ATQ', 'ANY', 'AKN', 'AKQ', 'AQA', 'AFK']
['ATG', 'ATS', 'AFP', 'AGX', 'AKF', 'AKB', 'AEV', 'ABS', 'ANF', 'AGV', 'ANC', 'AHG', 'ADR']
['AEW', 'AHT', 'AHK', 'AFM', 'AAG', 'ASG', 'AHC', 'AAL', 'AIV', 'AID', 'ASP', 'ARJ', 'APR']
['AKV', 'ABM', 'ARX', 'AOJ', 'AOW', 'AEO', 'AOT', 'ATU', 'AOR', 'AOA', 'ATH', 'AJM', 'ANH']
['AHL', 'AKX', 'ARK', 'AAB', 'AMS', 'AIM', 'AGI', 'ANW', 'AAV', 'AMM', 'AIJ', 'ATM', 'AMJ']
['ATO', 'AOP', 'AEG', 'AOX', 'AED', 'AIX', 'ALP', 'ADM', 'AKS', 'AOO', 'AAO', 'AMY']
['AMD', 'AQC', 'ADL', 'ACW', 'ATN', 'AIS', 'ALY', 'ANR', 'AFX', 'AEC', 'APL', 'AOC']
['AOK', 'AIP', 'AGS', 'AOQ', 'ADJ', 'ATX', 'AMF', 'ASI', 'APS', 'ALN', 'APY', 'ABP']
['APA', 'AJE', 'AGO', 'ACA', 'ANS', 'ADG', 'ATC', 'ACU', 'AQP', 'AFB', 'ACR', 'AFW']
['AJN', 'AMW', 'AJL', 'ADX', 'AOI', 'APM', 'AHM', 'AAD', 'APG', 'ABD', 'AQR', 'ACS']
['AEQ', 'APT', 'ACG', 'AIN', 'AEI', 'AHX', 'AFA', 'ABI', 'ARP', 'AQH', 'ADH', 'AFN']
['APF', 'AJG', 'AGH', 'ASN', 'APC', 'ALQ', 'ALS', 'AGC', 'AFD', 'AAC', 'ANN', 'ATA']
['ALT', 'ACI', 'ALC', 'ABT', 'AJK', 'AAY', 'AEU', 'ADE', 'ARB', 'ASW', 'AGM', 'AEF']
['AKM', 'AQI', 'ARR', 'APJ', 'ARY', 'AIK', 'ANL', 'ASJ', 'ABR', 'ABC', 'AQS', 'AKC']
['AQT', 'AKU', 'AEB', 'ABA', 'ACK', 'ASC', 'ACV', 'AQB', 'AQN', 'APD', 'AHY', 'AEH']
['AGT', 'AQX', 'ARW', 'AGA', 'AAS', 'APU', 'AOS', 'AML', 'ACN', 'AHP', 'AQJ', 'AMO']
['AEA', 'AGR', 'ANQ', 'ABK', 'ARA', 'APP', 'ALV', 'ABO', 'ADV', 'AQQ', 'ADQ', 'ARC']
['ACO', 'ALK', 'AIH', 'AFQ', 'APO', 'AJA', 'AAU', 'AFU', 'AAF', 'AJY', 'AKA', 'ASV']
['AIG', 'ANX', 'ASK', 'ADC', 'AEN', 'AFV', 'ACL', 'AOG', 'AKH', 'AHF', 'AQM', 'AIC']
['ACY', 'AAI', 'AII', 'ATB', 'AOB', 'AHU', 'AAM', 'AQL', 'ATL', 'AAA', 'AJJ', 'AIL']
['AOL', 'AJQ', 'APE', 'APK', 'ABF', 'ACE', 'ADK', 'ALD', 'ACJ', 'AJB', 'AMK', 'ABU']
['AMR', 'ADO', 'ARO', 'AHD', 'AIO', 'ABW', 'AOU', 'AJI', 'ALE', 'ARS', 'AHV', 'AIF']
['ALO', 'AMU', 'ACT', 'AGD', 'AHN', 'AMT', 'ATP', 'AQD', 'AHQ', 'AHW', 'ABV', 'AQK']
['AFC', 'ANP', 'AJX', 'AGW', 'AFG', 'ARI', 'AKR', 'AHB', 'AOE', 'AOH', 'ALW', 'AFJ']
['AFT', 'AME', 'ABY', 'AJO', 'AKJ', 'AMX', 'ARD', 'ABB', 'AJD', 'AQW', 'AFH', 'AAX']
