['Nola', 'Crystal', 'Theodore', 'Roy', 'Troy']
['Marjorie', 'Evelyn', 'Ida', 'Morgan', 'Pauline']
['Tara', 'Rosa', 'Leticia', 'Bethany']
['Laura', 'Lydia', 'Ryan', 'Steven']
['Marlin', 'Inez', 'Vella', 'Ana']
['Elsie', 'Ursula', 'Eva', 'Ruth']
['Polly', 'Hedwig', 'Cindy', 'Bertha']
['Ernestine', 'Francisco', 'Helen', 'Brian']
['Mae', 'Kristin', 'Connie', 'Jodi']
['Danielle', 'Will', 'Mable', 'Booker']
['Marion', 'Timothy', 'Margert', 'Ivonne']
['Dean', 'Kellie', 'Lahoma', 'Eugene']
['Audrey', 'Ashley', 'Glen', 'Carl']
['Lillian', 'Jeff', 'Bonnie', 'Carmen']
['Eric', 'Karren', 'Tony', 'Ray']
['Juanita', 'Jean', 'Anna', 'Marco']
['Marlene', 'Brenda', 'Rosie', 'Ernest']
['Annalee', 'Katherine', 'Andres', 'Kimberly']
['Lloyd', 'Sarita', 'Albert', 'Dawn']
['Peggy', 'Thelma', 'Joni', 'Pamela']
['Jose', 'Glennie', 'Kirk', 'George']
['Ronda', 'Leigh', 'Gilda', 'Roosevelt']
['Irene', 'Garrett', 'Lawrence', 'Diana']
['Ollie', 'Willie', 'Kerrie', 'Rick']
['Catherine', 'Laurie', 'Warren', 'Marcelino']
['Debra', 'Lynne', 'William', 'Carol']
['Marquerite', 'Steve', 'Gladys', 'Stacie']
['Ann', 'Wilson', 'Bradley', 'Gerald']
['Peter', 'Stacy', 'Corey', 'Betty']
['Arturo', 'Christine', 'Maryann', 'Angela']
['Mark', 'Calvin', 'Joanne', 'Veronica']
['Erik', 'Jesse', 'Quintin', 'Lewis']
['Cornelius', 'Bobby', 'Joe', 'Del']
['Juan', 'Alicia', 'Lane', 'Nina']
['Rafael', 'Joshua', 'Mike', 'Bruce']
['Mireya', 'Hugh', 'Clyde', 'Fernando']
['Susan', 'Gary', 'Cesar', 'Matt']
['Eugenia', 'Sheryl', 'Nelson', 'Patrick']
['Cory', 'Jacob', 'Stephen', 'Jonathan']
['Derek', 'James', 'Charles', 'Gwen']
['Christian', 'Margaret', 'Kerri', 'Angelica']
['Janene', 'Wanda', 'Selma', 'Alice']
['Reggie', 'Amos', 'Christopher', 'Eura']
['Walter', 'Krysten', 'Nancy', 'Jane']
['Seth', 'Ralph', 'Roberto', 'Theresa']
['Cheryl', 'Clarence', 'Jacque', 'Laurence']
['Esther', 'Cassandra', 'Darrell', 'Rachel']
['Gloria', 'Beth', 'Brandon', 'Fredda']
['Mabel', 'Robert', 'Janet', 'Tim']
['Bernard', 'Belinda', 'Lana', 'Jesus']
['Tuan', 'Chris', 'Linda', 'Jimmy']
['Alvin', 'Alfred', 'Maureen', 'Kaitlyn']
['Lena', 'Sally', 'Beulah', 'Josephine']
['Miguel', 'Carlos', 'April', 'Lessie']
['Louis', 'Tamika', 'Edward', 'Karen']
['Donna', 'Fredrick', 'Frederick', 'Maria']
['Reginald', 'Adam', 'Kevin', 'Darlene']
['Kim', 'Mildred', 'Donald', 'Priscilla']
['Raymond', 'Melissa', 'Alex', 'Tommy']
['Daniel', 'Edwin', 'Berta', 'Derrick']
['Emmie', 'Rhonda', 'Ruby', 'Ward']
['Antonio', 'Freda', 'Charlotte', 'Winifred']
['Ellis', 'Frank', 'Rebecca', 'Leona']
['Shirley', 'Glenna', 'Sharon', 'Ingeborg']
['Keri', 'Lyle', 'Mary', 'Jeffrey']
['Roger', 'Pete', 'Burl', 'Viola']
['Gerardo', 'Sherri', 'Alexander', 'Lucy']
['Rolf', 'Curtis', 'Martha', 'Clayton']
['Pablo', 'Randolph', 'Justin', 'Wayne']
['Robyn', 'Cecile', 'Kisha', 'Monica']
['Rosalee', 'Ronald', 'Paul', 'Norman']
['Philip', 'Dorothy', 'Molly', 'Dorothea']
['Joann', 'Jeremy', 'Miles', 'Christina']
['Adele', 'Jo', 'Wallace', 'Carole']
['Ellen', 'Matthew', 'Raul', 'Dennis']
['Judy', 'Martin', 'Dana', 'Selina']
['Joseph', 'Stephanie', 'Andre', 'Herbert']
['Emily', 'Caridad', 'Thomas', 'Teresa']
['Kristine', 'Bessie', 'Wendy', 'Domingo']
['Lorraine', 'Samuel', 'Cassie', 'Margarito']
['Travis', 'Barbara', 'Jayme', 'Michelle']
['Constance', 'Victor', 'Alison', 'Irving']
['Willis', 'Andrew', 'Michele', 'Pat']
['Danny', 'Guy', 'Rosalyn', 'Imogene']
['Kelly', 'Phyllis', 'Patricia', 'Harvey']
['Carmelita', 'Robin', 'Eleanor', 'Marie']
['Douglas', 'Leanne', 'Deanna', 'Don']
['Grant', 'Georgette', 'Marilyn', 'Judith']
['Jessica', 'Lonnie', 'Clarissa', 'Lilian']
['Lulu', 'Susanna', 'Larry', 'Craig']
['Melanie', 'Lucie', 'Beverly', 'Andrea']
['Annette', 'Virginia', 'Kenneth', 'Sylvia']
['Wesley', 'Amy', 'Geraldine', 'Sam']
['Elia', 'Jeanine', 'Everett', 'Stephany']
['Richard', 'Kathryn', 'Nicole', 'Michael']
['Dawna', 'Emery', 'David', 'Cathy']
['Loraine', 'Lisha', 'Marian', 'Sofia']
['Harold', 'Phillip', 'Tanya', 'Lucille']
['Mario', 'Latisha', 'Lori', 'Olivia']
['Jason', 'Moses', 'Roberta', 'Winnifred']
['Terry', 'Natalie', 'Wilma', 'Elizabeth']
['Shannon', 'Doris', 'Ouida', 'Pamella']
['Tracy', 'Suzie', 'Raphael', 'Gail']
['Norma', 'Myriam', 'John', 'Deborah']
['Ricky', 'Anthony', 'Blair', 'Jennifer']
['Raeann', 'Therese', 'Stanley', 'Morris']
['Gertrude', 'Jeffery', 'Gregory', 'Kathleen']
['Mack', 'Paula', 'Heather', 'Reuben']
['Sylvester', 'Fred', 'Myron', 'Kylie']
['Gordon', 'Dale', 'Reinaldo', 'Toni']
['Jorge', 'Marcella', 'Cecilia', 'Scot']
