['Lyn', 'Freddie', 'Marion', 'Elena', 'Stanford', 'Leonard', 'Jeanette', 'Alethia', 'Caitlyn', 'Doyle', 'Princess', 'Lyndon']
['Lasonya', 'Audie', 'Toya', 'Florinda', 'Stanley', 'Ocie', 'Kasey', 'Chun', 'Eugene', 'Alex', 'Eloisa', 'Trey']
['Meagan', 'Claudie', 'Bertha', 'Wes', 'Carmon', 'Jami', 'Dagmar', 'Hershel', 'Lucas', 'Elfrieda', 'Lorelei', 'Dewitt']
['Jade', 'Savanna', 'Clarence', 'Tamala', 'Mariano', 'Dusti', 'Houston', 'Destiny', 'Gisela', 'Phylis', 'Mariette', 'Antonina']
['Hassan', 'Michaela', 'Tina', 'Nieves', 'Heide', 'Sheldon', 'Kristopher', 'Ryann', 'Fanny', 'Camelia', 'Chester', 'Lisa']
['German', 'Kelly', 'Kris', 'Griselda', 'Xavier', 'Lizabeth', 'Gerardo', 'Sharilyn', 'Johnny', 'Jefferey', 'Rachel', 'Treena']
['Honey', 'Tracie', 'Kyung', 'Elvie', 'Clyde', 'Danial', 'Lana', 'Deana', 'Angella', 'Joanne', 'Annabel', 'Joye']
['Jan', 'Byron', 'Piedad', 'Clarissa', 'Beverley', 'Lashay', 'Tameika', 'Kareem', 'Spencer', 'Dion', 'Almeta', 'Vernon']
['Danita', 'Clinton', 'Angeline', 'Sharlene', 'Kay', 'An', 'Ambrose', 'Elliott', 'Shavon', 'Artie', 'Eve', 'Chance']
['In', 'Latoya', 'Charisse', 'Kendall', 'Alvera', 'Dewayne', 'Refugio', 'Cortney', 'Flavia', 'Rodrigo', 'Glenna', 'Raleigh']
['Tarah', 'Vernia', 'Whitney', 'Lola', 'Gerard', 'Clifton', 'Ok', 'Yevette', 'Madison', 'Dong', 'Selma', 'Russell']
['Ron', 'Tai', 'Murray', 'Darwin', 'Rachael', 'Kitty', 'Pinkie', 'Irma', 'Chan', 'Lilly', 'Esperanza']
['Deirdre', 'Christiane', 'Jina', 'Charmaine', 'Trena', 'Randa', 'Retta', 'Amada', 'Marilynn', 'Logan', 'Xuan']
['Lauren', 'Orval', 'Marquitta', 'Nadia', 'Oswaldo', 'Nathalie', 'Cleotilde', 'Enola', 'Marcie', 'Edmond', 'Pearlie']
['Jay', 'Imogene', 'Mariah', 'Isabel', 'Nickolas', 'Sharell', 'Jae', 'Junior', 'Shaun', 'Hyun', 'Marcos']
['Jesus', 'Rita', 'Martin', 'Randall', 'Susan', 'Hayden', 'Riley', 'Chang', 'Inga', 'Reita', 'Kurtis']
['Dorene', 'Leila', 'Joelle', 'Felix', 'Glenda', 'Marquis', 'Horace', 'Tamisha', 'Eustolia', 'Frederic', 'Kirstin']
['Oneida', 'Cassie', 'Sharan', 'Porter', 'Clara', 'Grant', 'Rosalba', 'Travis', 'Allena', 'Brendon', 'Sherwood']
['Oma', 'Marcella', 'Alexa', 'Hillary', 'Vivien', 'Rosalee', 'Theo', 'Renea', 'Tammi', 'Jacque', 'Dorthea']
['Easter', 'Elvia', 'Vada', 'Kristi', 'Bonnie', 'Hilario', 'Stephani', 'Emmanuel', 'Tiffani', 'Carolee', 'Loria']
['Ema', 'Percy', 'Robert', 'Alicia', 'Elicia', 'Arcelia', 'Oscar', 'Millicent', 'Debora', 'Miranda', 'Pa']
['Susannah', 'Juliet', 'Milissa', 'Marci', 'Shonda', 'Florencio', 'Hortense', 'Jeremy', 'Alexandra', 'Sharla', 'Hiroko']
['Naomi', 'Hui', 'Alfred', 'Shelton', 'Latia', 'Aaron', 'Saul', 'Lue', 'Osvaldo', 'Elenora', 'Leontine']
['Winford', 'Alton', 'Darnell', 'Loura', 'Vincenzo', 'Dora', 'June', 'Ella', 'Delmar', 'Adah', 'Marvin']
['Irena', 'Marvis', 'Rolando', 'Jama', 'Olevia', 'Laraine', 'Verona', 'Jennie', 'Tressa', 'Carson', 'Tyisha']
['Eufemia', 'Chas', 'Cristi', 'Harvey', 'Terry', 'Darrel', 'Janetta', 'Louise', 'Lamonica', 'Margart', 'Odell']
['Leilani', 'Helene', 'Loren', 'Antoinette', 'Anabel', 'Naida', 'Garland', 'Raul', 'Alvin', 'Nicole', 'Altagracia']
['Renetta', 'Alane', 'Jeffrey', 'Lezlie', 'Clarinda', 'Lucia', 'Merrill', 'Garret', 'Rima', 'Louella', 'Marlo']
['Leonida', 'Herlinda', 'Son', 'Laticia', 'Neida', 'Earnest', 'Tanisha', 'Aretha', 'Annamarie', 'Kim', 'Nohemi']
['Valorie', 'Joan', 'Zena', 'Kylie', 'Roxane', 'Claretha', 'Antonette', 'Taneka', 'Clarice', 'Zoraida', 'Kimbra']
