['AGY', 'AGS', 'AHE', 'AGJ', 'AGT', 'AGW', 'AHB', 'AIC', 'AHZ', 'AGC', 'AIJ', 'AGE', 'AHC', 'AHS', 'AFO', 'AGU', 'AHQ', 'AHI', 'ADK']
['AIT', 'AHO', 'AGX', 'AIP', 'AGO', 'AHM', 'AIW', 'AIA', 'AHN', 'AIU', 'AIX', 'AFZ', 'AGR', 'AIR', 'AGN', 'AHP', 'AHY', 'AHJ', 'AAP']
['AGG', 'AIO', 'AHT', 'AHA', 'AGP', 'AHW', 'AGB', 'AFT', 'AHD', 'AID', 'AIV', 'AFU', 'AIK', 'AGL', 'AFW', 'AHV', 'AFS', 'AGZ', 'AAT']
['AGK', 'AGV', 'AFX', 'AIB', 'AHL', 'AGH', 'AHK', 'AIF', 'AHH', 'AIQ', 'AFR', 'AIG', 'AGD', 'AGF', 'AII', 'AHG', 'AGA', 'AIS', 'AAR']
['AFQ', 'AGM', 'AHR', 'AGI', 'AFY', 'AIE', 'AFV', 'AIH', 'AIY', 'AIN', 'AHF', 'AFP', 'AIM', 'AGQ', 'AHX', 'AIL', 'AHU', 'ANK', 'AAU']
['AOA', 'ANX', 'AKR', 'ALD', 'ANB', 'AMZ', 'AKQ', 'AMB', 'AKW', 'AJD', 'ALT', 'AOH', 'ALW', 'AOM', 'AJL', 'AKO', 'ANL', 'AJX', 'AAQ']
['ANP', 'AJE', 'ALF', 'AKL', 'ALM', 'AKB', 'AOL', 'ANU', 'AMM', 'AMN', 'AMY', 'ANI', 'ANA', 'ANZ', 'AJR', 'AJW', 'AMD', 'ANF', 'AAN']
['AKT', 'AKX', 'AMU', 'ANW', 'AKG', 'ALZ', 'AKP', 'ALJ', 'ALC', 'AMW', 'ALB', 'AKA', 'ALO', 'AOI', 'AMO', 'AMX', 'AMA', 'AMI', 'AAO']
['ALR', 'AMG', 'AJF', 'AKV', 'AOB', 'AKZ', 'AIZ', 'AJZ', 'AOJ', 'ALI', 'AJA', 'AMS', 'AKS', 'AJQ', 'AJP', 'AJY', 'AKF', 'AKC', 'AAS']
['ANO', 'AND', 'AJT', 'AKM', 'ALK', 'AJH', 'AKK', 'AJG', 'ALH', 'ALE', 'ALL', 'AJN', 'AJU', 'AKI', 'AMC', 'AJB', 'AJJ', 'AKE', 'AAE']
['AML', 'ANQ', 'ANJ', 'AOF', 'ALV', 'AMV', 'AKY', 'ANT', 'AMP', 'AJO', 'AJK', 'AOE', 'AKN', 'ANS', 'ALA', 'AMK', 'ANV', 'ALS', 'AAD']
['ALQ', 'ANC', 'AOD', 'AMT', 'ANY', 'ALU', 'AJI', 'AJV', 'AMJ', 'AMH', 'AJS', 'ALX', 'ANR', 'AME', 'ANM', 'ALY', 'ANG', 'AMR', 'AAH']
['ANN', 'AOC', 'ANH', 'AJM', 'AMQ', 'ALG', 'AMF', 'AKD', 'AOG', 'AKJ', 'AKU', 'AKH', 'ALN', 'AJC', 'AOK', 'ALP', 'ANE', 'AFF', 'AAG']
['AEL', 'AER', 'ADL', 'ADP', 'AEG', 'AEB', 'ADR', 'AED', 'ADW', 'AFH', 'ADM', 'AEC', 'AEO', 'AEX', 'AEI', 'ADX', 'AEY', 'ADN', 'AAF']
['ADO', 'AEE', 'AFI', 'ADQ', 'AEJ', 'ADV', 'AFM', 'ADY', 'AFC', 'AFK', 'AEV', 'ADU', 'ADS', 'AFN', 'AEN', 'ADT', 'ADZ', 'AEK', 'AAC']
['AFD', 'AEM', 'AET', 'AEA', 'AFE', 'AEF', 'AFG', 'AFB', 'AEQ', 'AEZ', 'AES', 'AEP', 'AEU', 'AFJ', 'AFL', 'AEW', 'AEH', 'AFA', 'AAA']
['APK', 'AOP', 'AOR', 'AQA', 'AQI', 'AQE', 'APD', 'AQL', 'AON', 'APC', 'APT', 'AOS', 'AQK', 'AOT', 'APH', 'APA', 'AQJ', 'APE', 'AAB']
['APP', 'AQN', 'AQO', 'APX', 'APN', 'APW', 'API', 'APY', 'AOV', 'APO', 'AQF', 'APJ', 'AQH', 'AOQ', 'AQC', 'APZ', 'AOX', 'APF']
['AOZ', 'AQD', 'APQ', 'APS', 'AQM', 'AOO', 'APM', 'AOU', 'APV', 'AQG', 'AQB', 'AOY', 'APB', 'APU', 'AOW', 'APL', 'APG', 'APR']
['ABG', 'ABB', 'ABD', 'ABA', 'ABF', 'AAW', 'AAY', 'ABH', 'ABE', 'AAX', 'ABC', 'AAV', 'AAZ', 'ACC', 'ABN', 'ABS', 'ABO', 'ABM']
['ABQ', 'ABW', 'ABX', 'ABT', 'ACB', 'ABK', 'ABV', 'ABZ', 'ABI', 'ACA', 'ABJ', 'ABL', 'ABU', 'ABP', 'ABY', 'ABR', 'AAL', 'AAK']
['AAI', 'AAJ', 'AAM', 'ACP', 'ACK', 'ACO', 'ADG', 'ADD', 'ACU', 'ACE', 'ACI', 'ACR', 'ACV', 'ACX', 'ACF', 'ADE', 'ACN', 'ACM']
['ACZ', 'ACH', 'ADF', 'ADC', 'ADH', 'ACS', 'ACG', 'ADJ', 'ACL', 'ADI', 'ADA', 'ADB', 'ACY', 'ACW', 'ACJ', 'ACD', 'ACT', 'ACQ']
