['AZDHE', 'TPIXY', 'XQYCU', 'TQUPW', 'LESUW', 'CZQAC', 'YPSZJ', 'KCPYN', 'JECON', 'EHCWU', 'BWKXY', 'VVMSW', 'SLHLJ', 'HAKPT', 'RKMOC', 'BBIGY', 'AQEWE', 'ASGXO']
['GDZSX', 'ABAQL', 'UDFVU', 'PUFAY', 'DYIYS', 'QBGLN', 'WLODL', 'DPJHM', 'WNGHY', 'GAQXI', 'QLDQR', 'PSMNV', 'PEIBF', 'HAYKV', 'SSWHW', 'PPBBM', 'TEYRZ', 'FESAS']
['CYRFR', 'TLAOJ', 'KEUTQ', 'SPROB', 'LRCXZ', 'FSYHN', 'NKEPZ', 'VUZHE', 'GPAYG', 'XYVAU', 'VGWZF', 'XTFTT', 'PADSR', 'XGXRC', 'EYYNC', 'QXETJ', 'QZGLO', 'VSARS']
['KGDBH', 'GPHCZ', 'PBEOM', 'YVMFJ', 'LYFLA', 'LFYYV', 'KIEKF', 'BHFJC', 'FRHWO', 'NHBOU', 'PAVOS', 'MMHOG', 'QUGAX', 'TIZZI', 'JGBOH', 'NKLCQ', 'XMZUX', 'IEEVC']
['NZQNY', 'VXNNV', 'AIWJE', 'STZIM', 'TWVAR', 'QMJUD', 'GUGKR', 'WFPUN', 'FPFHY', 'RISKG', 'TKEWX', 'DFZLH', 'FKMPO', 'CWZDH', 'ZRFKN', 'LQGAI', 'UQJJY', 'GJCQK']
['BOOKC', 'VUPAV', 'SSZXS', 'BMNGE', 'DJQYY', 'PUJOM', 'OMNEY', 'MTXFY', 'EFRTR', 'EPEAQ', 'QNXTS', 'EIALG', 'YTXXV', 'WNBOI', 'OHEWR', 'BCTKV', 'GKPPL', 'EXSFL']
['XADCG', 'KDZDK', 'SACPU', 'EWIJA', 'YTTKI', 'ZXEUD', 'JLETC', 'DUQLN', 'VSEBO', 'VGTYI', 'JPWDA', 'LPRGT', 'XBVDI', 'BCKDA', 'PKUWP', 'VKBEF', 'ALNHK', 'YRTTG']
['NPJSC', 'BHECC', 'OBCSZ', 'EXERI', 'EBQJA', 'FQYNK', 'WWCYP', 'ZMCMD', 'UNSUE', 'IUTYE', 'IPLJJ', 'LCYZY', 'IOHXF', 'DREMQ', 'UTYHJ', 'WZJYQ', 'FRVNO', 'SHEUT']
['PCOTH', 'ZZKGQ', 'HZGVK', 'MLWLT', 'ZLMYN', 'QACAX', 'UYUIP', 'UTQPU', 'AEHLI', 'FFZNI', 'HDFES', 'QBYJR', 'KCWNV', 'XPMAC', 'TPIHD', 'RMHZI', 'QSAIM', 'XGCQB']
['DOYMU', 'KEDYT', 'NLQWV', 'YPRRC', 'FXFHY', 'LCGFN', 'QQCGU', 'ILRGH', 'JFKWJ', 'QSIZR', 'CYVWU', 'RCWOS', 'KXFFP', 'FYAYI', 'POXWS', 'SOVUQ', 'LMDUZ', 'VMRKJ']
['GPKTZ', 'IHIWD', 'FIUZZ', 'ZMWJB', 'TYYLF', 'ZNTDR', 'LYSRO', 'IPMBX', 'DWCIC', 'CALHI', 'HXGTU', 'XLWDU', 'HUNXU', 'USRDK', 'OXZCV', 'QVEIA', 'TDICM', 'PUWYW']
['MCXWP', 'TJFHX', 'AHXXM', 'AALPZ', 'ZKMSA', 'XIGOI', 'FBZDZ', 'IQLHD', 'GUJWH', 'NGBWQ', 'GUJWW', 'PKECO', 'UXUZX', 'BXGAG', 'ZUYFN', 'VNIQM', 'ABQJV', 'PDNXQ']
['CSGGY', 'NNLIE', 'NRRFB', 'JEHBC', 'DBPXU', 'SEJRA', 'BBDFQ', 'RFDDK', 'WAZOJ', 'PQYKQ', 'XVOGO', 'JWNLZ', 'SCMKV', 'JLTJR', 'CZNRV', 'CSILO', 'YKOFS', 'JCAYK']
['VZNGS', 'WTMZW', 'ZYEMW', 'HGAWC', 'PQEKQ', 'LBYAL', 'IXEZM', 'RSYQC', 'NSSHB', 'SIWEE', 'VZFUK', 'LJQBN', 'IYMNE', 'STJMV', 'SWZLI', 'AUIRW', 'NCWPX', 'METWY']
['WHBFR', 'OVNTP', 'VLXZD', 'YSBTR', 'DWGDE', 'SUNJN', 'IVYZR', 'XHKTV', 'DDGZR', 'HAPCQ', 'BSOUP', 'PDSZU', 'TMCLZ', 'JGIMA', 'VYUHL', 'GKOUL', 'SEUJM', 'JPLIB']
['BVKPC', 'IYGUJ', 'KTXRI', 'WMAOH', 'SPSXT', 'FMMZU', 'RAAAY', 'AAEBS', 'LEYDX', 'GFWZF', 'DNOMK', 'YYNPW', 'RRDGL', 'HOCJP', 'FIIIX', 'VISUM', 'SDCRN', 'XYABI']
['RDCHE', 'SURGB', 'DTPHQ', 'WNDOP', 'OZSQX', 'MUUIL', 'QJRDV', 'NTGQJ', 'BNPMH', 'AXICB', 'TLKIE', 'GJYBX', 'AXIHL', 'JJDHO', 'OJTYX', 'DBXJE', 'YQBLY']
['SAOVB', 'FWTXB', 'UEFBC', 'VQUBW', 'ERXLL', 'RVMXY', 'REFDA', 'HKSDK', 'TARGC', 'NCXIY', 'GZWND', 'MRNHH', 'JCWPV', 'VQTXV', 'VLACB', 'FYSSP', 'RNMID']
['WTAGZ', 'GKYTD', 'DQJYE', 'QMBKL', 'MIMWO', 'ZRLGV', 'JFOPY', 'WGNBW', 'NMUXG', 'YVULZ', 'MQEVZ', 'MCVPN', 'FSIEJ', 'OENOT', 'XDBSH', 'OYLVF', 'HIBFR']
['SYRST', 'GKLKQ', 'XQUPB', 'BFHEV', 'CHCYT', 'GRIBM', 'OPZLD', 'LQJNK', 'ELBRQ', 'QFZCO', 'BEFRL', 'RSFHX', 'SUEUT', 'CXMEP', 'NEQMO', 'VUTIQ', 'NZAXS']
['YIQHC', 'URMYA', 'UHIOD', 'EFPNV', 'BXGFY', 'XOUQG', 'KSGPB', 'ROVKN', 'GWEZA', 'CRSZF', 'MBBZL', 'GBEQY', 'CCHLM', 'IAASE', 'JXKSJ', 'OYGNB', 'GNDQJ']
['LVMLT', 'XMJJP', 'XZTVE', 'REVQE', 'KQZVU', 'QYCKH', 'ELRTK', 'DAPHY', 'CYMCE', 'MQWLN', 'NZQKM', 'RZJZX', 'EIREK', 'RWIWJ', 'JMNIF', 'JCTBB', 'CTLHM']
['NCCJD', 'JAGAT', 'UHFXM', 'WEYKU', 'IDOHH', 'UMQSO', 'FIBZD', 'VNNEP', 'NMWYK', 'KRMMY', 'UPNVV', 'VFWVV', 'SEVGN', 'IBFSE', 'PPGSA', 'DRVVY', 'ADKIG']
['QFSQF', 'UOYAH', 'DZGQX', 'RLKNU', 'RRFYM', 'ENHUS', 'GRUYQ', 'ZOVBE', 'WEDAM', 'KEPXD', 'SLYUO', 'GAUGX', 'DOXUP', 'JMPSL', 'POYSB', 'EAHZI', 'KDMQW']
['FHCPP', 'YMAKV', 'BREAU', 'JDDRN', 'TJTMV', 'NLQQX', 'RQZDB', 'MSZXR', 'PREHL', 'JTKTH', 'FWKYL', 'FCFIW', 'PHXOS', 'SMDTK', 'UDEWT', 'HVAAR', 'KFWQL']
['LMZAF', 'ZCMCP', 'FLAIE', 'ZOHDS', 'GXAOE', 'LGPGN', 'EGYBS', 'FKSNY', 'JGGQM', 'NHZCJ', 'YHWVK', 'VCMUY', 'BKFQR', 'VKHOX', 'ZPWCF', 'NLPHM', 'YTVYR']
['ZSYGC', 'OEEYW', 'DFNDO', 'VHWPC', 'AEXQY', 'QHQUF', 'FIPGX', 'KZBFF', 'UZTYA', 'RWOPE', 'CASYZ', 'VBXTL', 'XOUQM', 'PARXO', 'FMFZO', 'PRFNT', 'ZNEQL']
['UMQRP', 'VWLQP', 'KBDMG', 'PBAWW', 'PPAYR', 'CWKNX', 'LHFOM', 'HKBNA', 'CRKWH', 'JRNKY', 'TJLUN', 'VFXSF', 'ENWEC', 'QJUJE', 'RUSXV', 'RMNKI', 'XQQNM']
