['Earlene', 'Biggs', 'Gombosi', 'Paulita', 'Hayyim', 'Kinzer', 'Hatch', 'Serafine', 'Lynnelle', 'Ubana', 'Danna', 'Carlick', 'Kerianne', 'Converse', 'Damon', 'Nafis', 'Woo', 'Yerxa', 'Formenti', 'Towne', 'Moonier', 'Holms', 'Buckler', 'Jenkel', 'Blondell']
['Mansoor', 'Nestor', 'Matthaeus', 'Tessy', 'Mathur', 'Lou', 'Bruns', 'Questa', 'Fruin', 'Clovah', 'Evangeline', 'Bluhm', 'Matthew', 'Tiphane', 'Adriane', 'Jori', 'Neille', 'Selma', 'Ottinger', 'Tuttle', 'Karlise', 'Franek', 'Marijn', 'Minier', 'Maribel']
['Hermon', 'Raynor', 'Kerwon', 'Roanna', 'Newton', 'Montagna', 'Kimon', 'Minda', 'Corkhill', 'Sandeep', 'Swanhilda', 'Berner', 'Wight', 'Udell', 'Acacia', 'Carrillo', 'Letta', 'Shanly', 'Wistrup', 'Cal', 'Kile', 'Elberta', 'Griswold', 'Merth', 'Darrow']
['Japeth', 'Freddy', 'Willis', 'Dett', 'Verras', 'Buxton', 'Mokas', 'Saudra', 'Coh', 'Antonino', 'Holton', 'Rooke', 'Cardwell', 'Zandt', 'Debera', 'Lauree', 'Yarvis', 'Lotus', 'Dumas', 'Chemush', 'Knute', 'Eilis', 'Maye', 'Schreck', 'Arel']
['Katzir', 'Baldridge', 'Gerianne', 'Ebneter', 'Love', 'Mikol', 'Ace', 'Eldwen', 'Danita', 'McCoy', 'Vikky', 'Ted', 'Farro', 'Shea', 'Melisa', 'Chancellor', 'Hett', 'Darsie', 'Melda', 'Nisse', 'Livingston', 'Hamlin', 'Norean', 'Cristoforo', 'Barnett']
['Placido', 'Tillford', 'Monahan', 'Danuloff', 'Avril', 'Henrique', 'Epstein', 'Clere', 'Morville', 'Stearns', 'Dole', 'Ebba', 'Noyes', 'Emmer', 'Vesta', 'Shelby', 'Bello', 'Lentha', 'Sosanna', 'Cicely', 'Fredkin', 'Lacy', 'Hillel', 'Yasu', 'Adaurd']
['Sievert', 'Jestude', 'Osrick', 'Jeniece', 'Ashling', 'Dowlen', 'Dedric', 'Krystalle', 'Pappas', 'Stephenson', 'Elmira', 'Cutty', 'Prince', 'Groos', 'Quitt', 'Coumas', 'Risteau', 'Mitchiner', 'Janerich', 'Ultun', 'Higgs', 'Dulcea', 'Nance', 'Birck', 'Klapp']
['Brazee', 'Gwenette', 'Shannah', 'Florentia', 'Fausta', 'Janaya', 'Crean', 'Hotze', 'Saylor', 'Ratcliffe', 'Dott', 'Worlock', 'Volkan', 'Felicie', 'Reste', 'Hillegass', 'Catherin', 'Holey', 'Dearman', 'Meingolda', 'Malo', 'Celestyn', 'Flieger', 'McKinney', 'Hawger']
['Barby', 'Yim', 'Oakes', 'Perloff', 'Ragland', 'Brittnee', 'Rani', 'Agosto', 'Marijo', 'Genie', 'Fidelio', 'Janenna', 'Rocray', 'Flemming', 'Jobyna', 'Fillender', 'Wendye', 'Favian', 'Bernj', 'Carter', 'Velda', 'Bevon', 'Beaver', 'Zobe', 'Thorman']
['Leod', 'Zelma', 'Halstead', 'Harriet', 'Durante', 'Polish', 'Mauchi', 'Tay', 'Dotson', 'Hook', 'Bounds', 'Lon', 'Micheal', 'Gloriana', 'Meras', 'Candyce', 'Padget', 'Summons', 'Hadleigh', 'Ches', 'Tarkany', 'Akeyla', 'Delinda', 'Karon', 'Robbin']
['Glenn', 'Les', 'Balcer', 'Marina', 'Cristiona', 'Koetke', 'Dietrich', 'Klute', 'Cataldo', 'Gowrie', 'Crompton', 'Saville', 'Kronick', 'Hako', 'Astto', 'Lenes', 'Nari', 'Flo', 'Tennes', 'Davidde', 'Fast', 'Gibun', 'Kassi', 'Jehiel', 'Weirick']
['Ashman', 'Winer', 'Marilou', 'Hittel', 'Firman', 'Elihu', 'Bhayani', 'Antonetta', 'Hong', 'Vaish', 'Jason', 'Bui', 'Tristam', 'Everick', 'Halimeda', 'Ruhnke', 'Hannover', 'McCullough', 'Ber', 'Fitz', 'Galligan', 'Leiser', 'Arianna', 'Gillian', 'Augustina']
['Delila', 'Doroteya', 'Edrick', 'Girovard', 'Eudocia', 'Costin', 'Margeaux', 'Cherry', 'Cheria', 'Ferullo', 'Blasius', 'Safire', 'Uchida', 'Cerracchio', 'Fokos', 'Masterson', 'Dimitry', 'Tine', 'Rodolphe', 'Pryce', 'Holofernes', 'Oscar', 'Lombardi', 'Kaufmann', 'Binette']
['Griffin', 'Schnabel', 'Elburr', 'Won', 'Renick', 'Maude', 'Erlewine', 'Ardys', 'Deni', 'Cavallaro', 'Melburn', 'Winebaum', 'Salomi', 'Foulk', 'Sinnard', 'Clea', 'Lorilyn', 'Barsky', 'Eleni', 'Fadiman', 'Mackenzie', 'Sumer', 'Ammadis', 'Starinsky', 'Puklich']
['Anuska', 'Jillana', 'Sachi', 'Behlau', 'Haldane', 'Sheeran', 'Shepp', 'Fairfax', 'Kanya', 'Clymer', 'Utas', 'Bran', 'Dela', 'Danais', 'Druce', 'Pontius', 'Adolphus', 'Charin', 'Hankins', 'Larson', 'Nanette', 'Balliett', 'Myrvyn', 'Derinna', 'Gunn']
['Ciapas', 'Rhonda', 'Lenhart', 'Milore', 'Emelita', 'Eno', 'Latimer', 'Lynett', 'Manaker', 'Pippo', 'Enid', 'Willetta', 'Scherman', 'Grath', 'Jenness', 'Lux', 'Hanway', 'Ursola', 'Odin', 'Virginia', 'Cyd', 'Vonni', 'Sandstrom', 'Chaddie', 'Burkhart']
['Saxen', 'Australia', 'Merola', 'Groh', 'Ardehs', 'Smukler', 'Ng', 'Harland', 'Prebo', 'Sigsmond', 'Watson', 'Harmony', 'Woodhead', 'Nicolis', 'Nessy', 'Plantagenet', 'Uzzia', 'Billy', 'Alvinia', 'Leanna', 'Benilda', 'Dare', 'Rue', 'Lindell', 'Mushro']
['Donn', 'Midian', 'Tutankhamen', 'Karie', 'Nath', 'Ashford', 'Ursi', 'McClimans', 'Ginzburg', 'Wunder', 'Kudva', 'Berneta', 'Beebe', 'Tonya', 'Joed', 'Moyers', 'Cloots', 'Rik', 'Shelbi', 'Basso', 'Ludovico', 'Chae', 'Utica', 'Colly', 'Desi']
['Lamson', 'Hudis', 'Jorgenson', 'Ainslee', 'Neveda', 'Larry', 'Lawler', 'Lyle', 'Turrell', 'Vevay', 'Uta', 'Toh', 'Grochow', 'McIntosh', 'Derril', 'Feinstein', 'Proudfoot', 'Rombert', 'Hakim', 'Aviv', 'Wing', 'Alf', 'Grimona', 'Javler', 'Hardej']
['Lunetta', 'Neva', 'Ruyle', 'Jimmy', 'Tavy', 'Girardo', 'Balling', 'Raul', 'Faunia', 'Jessalin', 'Ferro', 'Pinto', 'Demetria', 'Caines', 'Kylah', 'Atkins', 'Felise', 'Fifine', 'Fabrice', 'Auroora', 'Lamb', 'Till', 'Emelia', 'Nannette', 'Busey']
