['UGVLA', 'QGRPC', 'YWCZV', 'ONQWA', 'JXGHX']
['UHOTV', 'KDZKT', 'XWMKT', 'QIZOX', 'XCTJB']
['UBCVC', 'TYMOI', 'PQDFC', 'CKFJL', 'AGDTK']
['TKYGG', 'BWWYB', 'INTFC', 'KHNJL', 'WWYEF']
['MIKDS', 'YORBA', 'VXIFI', 'UJHDY', 'LCHJI']
['RQZPM', 'DKSJV', 'JMYIA', 'BJTHH', 'ACMPF']
['OKQTW', 'YQSUZ', 'TFGVT', 'MEKWP', 'HSIWG']
['ENWEP', 'XBTFE', 'XUHAP', 'HTJHJ', 'KUMCW']
['NKCOJ', 'TFWCC', 'QBZQQ', 'LYGHF', 'JTHWI']
['HXXMK', 'PSZDK', 'CBJEL', 'HFDOF', 'FXFUX']
['PTRTD', 'VBRPO', 'TBZDI', 'VNVFZ', 'MRXML']
['NWAHL', 'QECFT', 'LSZMU', 'OVYDG', 'KXMSB']
['QBVUY', 'EAITX', 'VIPLF', 'VXLZU', 'WJIWZ']
['XIDUV', 'ZCVZT', 'YBAFX', 'RMJIF', 'OUQMM']
['QNUDR', 'SAVNS', 'PABIC', 'SROSJ', 'IZZTZ']
['RMUXW', 'VFFHE', 'UFVEC', 'IGQNP', 'VLQCW']
['DLKKW', 'SIGOM', 'HAXVF', 'AHMRO', 'KENPF']
['IGAXC', 'TAIVA', 'UCLPW', 'GZQDO', 'GOXXP']
['FZBVB', 'KXUES', 'CLLNQ', 'EGIIY', 'QYWKX']
['DSQUZ', 'WAHPX', 'YXPNV', 'OVYUV', 'SMSHQ']
['WJAIQ', 'SZXFW', 'GICKM', 'WNYYG', 'YJCIZ']
['FCWUA', 'VYDDY', 'ARMIC', 'ZJNIT', 'OENWP']
['HGJEC', 'FJPVZ', 'YFRIJ', 'UJESQ', 'OZZTI']
['WAQDW', 'BGOJW', 'VPSEI', 'VSPLU', 'PKHDM']
['ZUTJZ', 'WUTXG', 'BBVXC', 'FZQXE', 'BNJLP']
['ORRXP', 'XXRUC', 'ZIJNW', 'HNKDE', 'QPVND']
['SGRXP', 'JWSRE', 'ZRVWH', 'CIUZU', 'SHLYA']
['DKHZJ', 'OXRDD', 'ZYPEK', 'TLZCG', 'KGIPC']
['SJJMM', 'QYLAH', 'RCZHM', 'RDCTS', 'XFNKQ']
['QCHPG', 'CQBIT', 'VTOZN', 'BBKUO', 'EAEIR']
['YWPLR', 'UGKUC', 'ZPTPS', 'XUYPR', 'CBNUD']
['VLEXY', 'BTWAZ', 'NDLFM', 'HATBR', 'IAADS']
['DVLFX', 'CUUFQ', 'FCJLJ', 'LIGPC', 'ZJQQO']
['YNIQG', 'NSAJQ', 'ECNTU', 'SEYUH', 'PGHQU']
['WUCQA', 'TUSMK', 'WTGUO', 'ZEPYJ', 'XBLXM']
['ABYHN', 'XXFSV', 'IAMKK', 'TAHXC', 'UDTFQ']
['IBUGB', 'ZJPJO', 'SVMGK', 'KRWXO', 'GEQFC']
['AWUBI', 'IKHTD', 'SKBJW', 'EHHWX', 'TNZEA']
['ZHVLK', 'HWSJL', 'TKJBK', 'JOZYK', 'OAGEZ']
['QUECI', 'PVVAV', 'GNCHO', 'WHRVK', 'CFMPM']
['RJIED', 'RFWKF', 'JHGWB', 'XNYRJ', 'OMYLR']
['CPTCX', 'CKHRK', 'PLFWC', 'XBSXA', 'NLRBO']
['GAEKQ', 'EBLCO', 'PSVNQ', 'MTCGB', 'QSYML']
['PQAHJ', 'ERQBP', 'NVSYK', 'AWDBE', 'ETYTK']
['VWJWK', 'ZQDIP', 'CCNPM', 'DVRRV', 'BLHOQ']
['CVNCZ', 'RWZXF', 'QVNNO', 'WLCAR', 'GLIPE']
['NUSHB', 'WCFRY', 'MXMMA', 'HNXEZ', 'LPHWP']
['CHIJG', 'XEEVL', 'APXMD', 'QQUYY', 'TTIDN']
['SFQST', 'QGGOH', 'CSQHY', 'UQKOV', 'SRFIJ']
['JQBSO', 'SGXHX', 'DSUJE', 'THQAC', 'DUAEB']
['IVZGD', 'GJRAV', 'TBPZM', 'QQXNO', 'CIPCP']
['ENKVR', 'LVBGW', 'ALXRH', 'OCOQX', 'NHQWU']
['MESKQ', 'GBGAG', 'ERTVL', 'YQPNL', 'JCOPI']
['OJGET', 'VATRQ', 'DFVZW', 'SGTRH', 'DCJPL']
['LBKGE', 'EHMWV', 'FELNZ', 'MYAVD', 'JEBNF']
['FGDHQ', 'BEIFF', 'PKBGA', 'XAOMD', 'GVYUW']
['OXRUQ', 'VQAKV', 'KYKCO', 'OTQON', 'FVYLB']
['HKVZW', 'FDGQA', 'OQSOU', 'EYFRR', 'NCDJQ']
['QAOAR', 'GUDYJ', 'BPLLS', 'TFEWH', 'ZLQYF']
['ZBJTS', 'GWJWE', 'BPZOY', 'PXCKJ', 'CIOFH']
['BNYBV', 'ACJRU', 'JAFZN', 'WGGGP', 'CIILB']
['MQDQQ', 'WDGCR', 'UZKCN', 'QGXZJ', 'UCQZE']
['AXQPJ', 'CPJBS', 'VGUGP', 'IZMEQ', 'IRNCA']
['FEUEQ', 'NSDMC', 'VQDCT', 'EFKRH', 'RUYNY']
['GCQTP', 'ZNMAJ', 'KPECP', 'MWVBQ', 'IXMQO']
['NSTKH', 'MXBHP', 'TVCFA', 'XGNPD', 'LNIAF']
['RUGKU', 'KSCIB', 'PECLI', 'WOIJX', 'AILUZ']
['BVCTY', 'UHSWZ', 'IRAUO', 'YJPCO', 'EOCJX']
['UHYVL', 'EWNSH', 'DFBMK', 'TEFPC', 'ALMIE']
['RURLC', 'WPGRW', 'KQUJH', 'QSVBC', 'LIQGP']
['RJDRX', 'KCHSD', 'IGUWL', 'QIALM', 'OLFRP']
['QCRLR', 'EADHZ', 'KEMJT', 'HCVBR', 'WSVIR']
['VATKD', 'SRUUN', 'FXUHH', 'CIBMR', 'AICHQ']
['FBWOW', 'VGCRP', 'SYIZZ', 'OSLVS', 'DBIOJ']
['FZRBE', 'SPHAJ', 'VVCGQ', 'FSTKF', 'OKPQW']
