['aly', 'amu', 'afw', 'aet', 'afe', 'aso', 'aoe', 'ach', 'ajj', 'aom']
['aov', 'acp', 'afz', 'ars', 'aqi', 'anh', 'akc', 'aqz', 'acj', 'abu']
['aph', 'amh', 'ajf', 'abh', 'adz', 'alj', 'ako', 'aev', 'aog', 'agw']
['ans', 'adt', 'aoj', 'aek', 'aed', 'ajz', 'ank', 'api', 'abc', 'amp']
['ark', 'arz', 'all', 'afp', 'ano', 'afl', 'adp', 'abd', 'ama', 'agx']
['agm', 'asc', 'aeb', 'aln', 'aaz', 'aol', 'asg', 'akx', 'adv', 'ald']
['aef', 'apy', 'art', 'add', 'ahd', 'acm', 'arj', 'asm', 'asn', 'ags']
['agp', 'afv', 'ari', 'ajp', 'aib', 'alv', 'amw', 'abg', 'aha', 'aex']
['ahv', 'ajc', 'afg', 'aow', 'aes', 'ant', 'ani', 'aau', 'abr', 'ate']
['apt', 'arr', 'aan', 'amm', 'ail', 'agf', 'aeg', 'aqh', 'aqa', 'alh']
['aqq', 'ade', 'aax', 'aky', 'aap', 'agh', 'ard', 'abq', 'anb', 'ago']
['ady', 'aac', 'aho', 'aqk', 'agz', 'aqp', 'aao', 'ang', 'ana', 'act']
['akk', 'alu', 'ata', 'arc', 'aak', 'arh', 'aig', 'ahe', 'abb', 'aiv']
['ace', 'aeo', 'anw', 'aaa', 'amd', 'aik', 'agj', 'ain', 'aix', 'acu']
['aku', 'air', 'akw', 'apd', 'agg', 'aqv', 'aeh', 'aqf', 'afr', 'atf']
['aoc', 'aic', 'aji', 'adk', 'aah', 'asp', 'ask', 'ajl', 'adc', 'acn']
['agn', 'afy', 'apr', 'aoz', 'aee', 'anz', 'alp', 'alc', 'acf', 'apw']
['ajh', 'aif', 'alo', 'anq', 'aaq', 'agt', 'ajq', 'adu', 'amz', 'aqn']
['aod', 'aaf', 'aju', 'ael', 'aff', 'anj', 'akn', 'aqj', 'agu', 'abf']
['akq', 'aox', 'apz', 'afx', 'aqb', 'akh', 'aez', 'afs', 'aqr', 'abt']
['aop', 'ahh', 'ads', 'arb', 'ajk', 'anv', 'aam', 'ajn', 'ape', 'aoo']
['aot', 'acc', 'aiq', 'aag', 'ajt', 'adl', 'aon', 'adb', 'ahx', 'aay']
['atd', 'afo', 'aav', 'apa', 'ajw', 'aqw', 'ahl', 'alg', 'afh', 'agy']
['asl', 'apj', 'amn', 'asv', 'adf', 'akv', 'amc', 'aem', 'ajx', 'abk']
['ala', 'abe', 'anp', 'adn', 'aoi', 'aqt', 'abz', 'amf', 'anu', 'arp']
['aco', 'aqu', 'afj', 'amo', 'alw', 'aqc', 'aea', 'aaj', 'akt', 'alz']
['abn', 'ahg', 'ash', 'ake', 'ahk', 'arg', 'ass', 'akg', 'akz', 'aie']
['abx', 'ann', 'ale', 'anr', 'acd', 'aci', 'aoq', 'apf', 'amt', 'akp']
['aga', 'aec', 'abl', 'alr', 'ahw', 'acv', 'ado', 'aqe', 'asf', 'aob']
['aro', 'ara', 'apq', 'aen', 'asj', 'adw', 'abi', 'aje', 'abw', 'anm']
['aru', 'ahm', 'acg', 'aep', 'acx', 'agl', 'aou', 'akb', 'aqg', 'aew']
['asi', 'abj', 'are', 'apu', 'aks', 'ack', 'aoh', 'anf', 'ajd', 'afd']
['aps', 'ahi', 'aar', 'arm', 'aal', 'akj', 'afa', 'acw', 'asr', 'age']
['atb', 'arv', 'aoa', 'agi', 'aeq', 'apg', 'ase', 'arn', 'aei', 'ahc']
['agq', 'akl', 'asb', 'ahq', 'aor', 'abs', 'aiu', 'apv', 'abv', 'asw']
['aiz', 'aid', 'ahr', 'afi', 'aip', 'abm', 'arf', 'afq', 'ajr', 'aad']
['arq', 'aki', 'ali', 'aqm', 'akd', 'acr', 'any', 'aql', 'apb', 'adm']
['ast', 'alq', 'ajb', 'afu', 'ais', 'arx', 'acq', 'alf', 'ahb', 'apk']
['ajg', 'aqd', 'aht', 'ahn', 'apl', 'apm', 'agc', 'acb', 'ame', 'aos']
['amj', 'app', 'aka', 'adg', 'alm', 'ajo', 'ams', 'afk', 'aej', 'arl']
['aaw', 'ane', 'ahy', 'adr', 'ajm', 'ami', 'and', 'aba', 'ary', 'aae']
['als', 'amk', 'aja', 'ahf', 'alx', 'abo', 'aqs', 'adj', 'asd', 'aij']
['adq', 'alt', 'acy', 'ajv', 'apx', 'aqy', 'aio', 'ait', 'akf', 'aqo']
['acl', 'apc', 'aer', 'abp', 'alb', 'aby', 'agd', 'ahs', 'aai', 'ahz']
['adi', 'amx', 'amr', 'asu', 'ajy', 'ada', 'aia', 'akr', 'aii', 'afn']
['amq', 'aca', 'anx', 'akm', 'amv', 'ahj', 'aat', 'aiy', 'aqx', 'asx']
['amy', 'aok', 'ajs', 'adh', 'aim', 'apo', 'aeu', 'ahp', 'agr', 'asa']
['ahu', 'adx', 'aoy', 'agv', 'amg', 'anc', 'acs', 'asz', 'aab', 'aiw']
['afm', 'aas', 'asy', 'afc', 'amb', 'acz', 'aft', 'apn', 'agk', 'afb']
['aof', 'alk', 'asq', 'agb', 'atc', 'aih', 'anl', 'aml', 'arw', 'aey']
