['BAVHR', 'SU', 'YEBV', 'QIZWG', 'MY', 'UXBDM', 'NP', 'EP', 'XS', 'NDF', 'JJ', 'DRLM', 'YDDS', 'ZQAULZ', 'T', 'KFYTH']
['ZTK', 'KRXDGO', 'NO', 'MYSMZ', 'TYQL', 'EYEWXP', 'EM', 'WWF', 'PE', 'UBYG', 'CN', 'DJC', 'PHS', 'JN', 'EWAZF', 'SGY']
['E', 'ZHDBW', 'ZW', 'OIA', 'HO', 'LWIA', 'MPYJWG', 'SHT', 'RWO', 'NAIN', 'IE', 'WTGA', 'XVU', 'LTHESD', 'TAN', 'Y']
['DEXTSN', 'NDMQJ', 'JSMAHJ', 'VCFLXV', 'XLVUF', 'H', 'USZM', 'RQRWJT', 'YOGJ', 'S', 'TXNP', 'POL', 'BW', 'KPXJFJ', 'TN', 'SY']
['LQ', 'NTMT', 'GUOYX', 'FAL', 'YK', 'OVM', 'IWP', 'V', 'DCBWSF', 'QNN', 'HGT', 'FPPMUW', 'B', 'A', 'GFNZL', 'NVLNXP']
['G', 'FLLJ', 'QYC', 'DQQ', 'TCBKQ', 'UHTMG', 'MXSFK', 'ANW', 'EJOR', 'ACYQN', 'ZJUCNC', 'IGSXN', 'MMUK', 'QNKIQE', 'NGUN', 'RWHILI']
['ZVKC', 'YFFNQ', 'ORJB', 'EDAKUV', 'KCQRDN', 'XFGUIZ', 'NZDAU', 'ZHCQG', 'UVUBDR', 'EVTLXI', 'XU', 'WPRTBZ', 'DBGM', 'GDFI', 'UU', 'XLWRB']
['FWRV', 'HDJIQ', 'HTA', 'I', 'SUPLJO', 'DFGWZZ', 'RZU', 'TOR', 'JBJS', 'EMP', 'ZULMQ', 'QREJG', 'ZVWR', 'QKT', 'DVVKX', 'OYDEJ']
['UBWSTW', 'IYCHS', 'QE', 'YXEJT', 'PBRPX', 'J', 'ZYFXQ', 'ZDYFZU', 'OEJ', 'MV', 'XINMR', 'QGUYKQ', 'WZ', 'ETBLO', 'FVMBV', 'O']
['ETSAG', 'WK', 'MYN', 'KBV', 'GI', 'VHUHI', 'U', 'NBJL', 'GDGZN', 'XEAARR', 'LZLFY', 'JNJNE', 'ERR', 'LY', 'NMU', 'WVHKC']
['ARYSPZ', 'FGPZAA', 'BHKK', 'LHILT', 'HMURVX', 'VOLULU', 'KMU', 'ZIIN', 'OFIPP', 'JL', 'BJ', 'HLT', 'NS', 'RUC', 'CHR', 'SBM']
['NDZ', 'THMU', 'KW', 'OHZYQ', 'UJ', 'W', 'MOOKF', 'FP', 'HPXSSF', 'L', 'GBSI', 'TZTCA', 'KKFPQ', 'HDJL', 'SRJZQ', 'AH']
['NJAA', 'AY', 'Z', 'JUXOIJ', 'D', 'IU', 'FCB', 'ET', 'RKCPEP', 'EU', 'BSAEQ', 'CNYXMO', 'ZAP', 'BQIFGG', 'WELF', 'AEV']
['CTRFIJ', 'TB', 'BNC', 'BBB', 'OYJLB', 'FJTW', 'N', 'PJG', 'UEKXJH', 'TXCK', 'WCZSB', 'JP', 'CAED', 'AL', 'MWKWWN', 'UXXBYF']
['MLDT', 'QDMX', 'JCEYOL', 'TSSNJ', 'VWK', 'FAF', 'JMYQEA', 'VYGES', 'YO', 'JCM', 'IMB', 'HH', 'MRT', 'HJW', 'CFG', 'OL']
['CRAQYE', 'PRYXX', 'CVSPP', 'AQDX', 'HHCPMB', 'OQV', 'DLJMZC', 'EVDQNK', 'YQ', 'MICOE', 'RM', 'OC', 'GCSAZH', 'ODIF', 'FXAQ', 'X']
['QBB', 'LZQ', 'QREJV', 'BX', 'MISGHL', 'AFH', 'TJU', 'UI', 'UK', 'WFWU', 'KLQR', 'HSHY', 'SK', 'FBW', 'AW', 'KAZEK']
['C', 'TTV', 'AZGCQ', 'WAXWZU', 'TGDTND', 'PIGBG', 'LNMCTV', 'PQ', 'LW', 'KJHR', 'NDLUNW', 'YII', 'AB', 'TUB', 'TQWWLG', 'FSZNT']
['AJDT', 'CCIYM', 'VL', 'WBPB', 'P', 'VYBQIM', 'EHXPLS', 'AZN', 'UIUBC', 'CMB', 'KFBC', 'M', 'BPZAJ', 'SEWIVO', 'BGB', 'DJS']
['AR', 'MK', 'OTXCZH', 'HOQPX', 'TGKUE', 'BHT', 'ZTR', 'LJSX', 'COYVMU', 'TRXUD', 'QROYGT', 'EYVVY', 'ICLIT', 'MM', 'BFZ', 'XT']
