['Felix', 'Amada', 'Flavia', 'Chas', 'Darnell', 'Stephani', 'Valorie', 'Marvis', 'Carolee', 'Elvia', 'Delmar', 'Jefferey']
['Oneida', 'Laticia', 'Randall', 'Byron', 'Kristopher', 'Naomi', 'Hortense', 'Leila', 'Ella', 'Lyn', 'Earnest', 'Glenda']
['Sharilyn', 'Lezlie', 'Shaun', 'Jacque', 'Chun', 'Beverley', 'Lucia', 'Toya', 'Yevette', 'Roxane', 'Xavier', 'Camelia']
['Alvin', 'Retta', 'Adah', 'Sharlene', 'Loura', 'Mariano', 'Mariette', 'Reita', 'Arcelia', 'Whitney', 'Angella', 'Loren']
['Eve', 'Alethia', 'Jesus', 'Tracie', 'June', 'Cortney', 'Mariah', 'Lilly', 'Phylis', 'Juliet', 'Chan', 'Winford']
['Kitty', 'Tarah', 'Lashay', 'Renea', 'Selma', 'Danita', 'Terry', 'Antonina', 'Audie', 'Clifton', 'Leonard', 'Martin']
['Leontine', 'Hershel', 'Stanley', 'Antonette', 'An', 'Zoraida', 'Trey', 'Honey', 'Kay', 'Sharell', 'Houston', 'Margart']
['Clara', 'Raleigh', 'Hilario', 'Rosalee', 'Millicent', 'Tiffani', 'Dora', 'Marvin', 'Latia', 'Osvaldo', 'Rolando', 'Vernia']
['Esperanza', 'Marcos', 'Travis', 'Lamonica', 'Kyung', 'Marcie', 'Leilani', 'Deana', 'Lauren', 'Ryann', 'Alton', 'Laraine']
['Louise', 'Marlo', 'Lue', 'Annabel', 'Rima', 'Kendall', 'Kristi', 'Inga', 'Hassan', 'Rosalba', 'Princess', 'Jama']
['Taneka', 'Grant', 'Kimbra', 'Artie', 'Clarence', 'Louella', 'Madison', 'Robert', 'Altagracia', 'Joan', 'Shonda', 'Eloisa']
['Rita', 'Cristi', 'Glenna', 'Jennie', 'Heide', 'Theo', 'Porter', 'Cleotilde', 'Alexa', 'Sharan', 'Lucas']
['Latoya', 'Helene', 'Garland', 'Joanne', 'Dewitt', 'Merrill', 'Elliott', 'Oscar', 'Ok', 'Alane', 'Trena']
['Hyun', 'Gerardo', 'Doyle', 'Dorene', 'Vada', 'Nohemi', 'Wes', 'Irena', 'Easter', 'Renetta', 'Chance']
['Jade', 'Marquis', 'Savanna', 'Riley', 'Hayden', 'Fanny', 'Junior', 'Kelly', 'Annamarie', 'Lana', 'Brendon']
['Kurtis', 'Bonnie', 'Vernon', 'Gisela', 'Debora', 'Murray', 'Cassie', 'Lyndon', 'Hui', 'Kareem', 'Jae']
['Tai', 'Eufemia', 'Pearlie', 'Lasonya', 'Michaela', 'Kylie', 'Jina', 'Tamisha', 'Jami', 'Dorthea', 'Jan']
['Tressa', 'Rachael', 'Ambrose', 'Randa', 'In', 'Claretha', 'Clarinda', 'Imogene', 'Alex', 'Lorelei', 'Aretha']
['Zena', 'Oma', 'Elicia', 'Joye', 'Clinton', 'Angeline', 'Deirdre', 'Emmanuel', 'Gerard', 'Russell', 'Tameika']
['Tamala', 'Piedad', 'Frederic', 'Susannah', 'Sherwood', 'Kim', 'Ron', 'Stanford', 'Freddie', 'Herlinda', 'Shelton']
['Refugio', 'Garret', 'Clarice', 'Shavon', 'Clyde', 'Tanisha', 'Destiny', 'German', 'Charmaine', 'Christiane', 'Jeffrey']
['Treena', 'Oswaldo', 'Janetta', 'Dusti', 'Son', 'Kirstin', 'Horace', 'Milissa', 'Nadia', 'Elenora', 'Xuan']
['Tammi', 'Carson', 'Raul', 'Edmond', 'Aaron', 'Hillary', 'Elfrieda', 'Rachel', 'Tina', 'Kris', 'Nicole']
['Irma', 'Neida', 'Johnny', 'Dong', 'Verona', 'Kasey', 'Vivien', 'Leonida', 'Lizabeth', 'Danial', 'Meagan']
['Alicia', 'Saul', 'Tyisha', 'Marilynn', 'Almeta', 'Spencer', 'Eugene', 'Nathalie', 'Naida', 'Lisa', 'Jeanette']
['Lola', 'Jeremy', 'Hiroko', 'Sheldon', 'Enola', 'Alexandra', 'Antoinette', 'Loria', 'Caitlyn', 'Bertha', 'Griselda']
['Joelle', 'Alvera', 'Sharla', 'Pinkie', 'Clarissa', 'Ocie', 'Olevia', 'Chang', 'Orval', 'Dewayne', 'Vincenzo']
['Rodrigo', 'Harvey', 'Miranda', 'Florinda', 'Marquitta', 'Susan', 'Isabel', 'Anabel', 'Elvie', 'Darrel', 'Dion']
['Alfred', 'Percy', 'Pa', 'Ema', 'Jay', 'Nickolas', 'Charisse', 'Nieves', 'Darwin', 'Dagmar', 'Logan']
['Odell', 'Marion', 'Carmon', 'Claudie', 'Marci', 'Marcella', 'Florencio', 'Chester', 'Elena', 'Allena', 'Eustolia']
