['AGG', 'AOP', 'AFA', 'AJZ', 'ALZ', 'ACO', 'APW', 'AQB', 'AHF', 'ADX', 'AOH', 'ALY', 'ACT', 'ABC', 'APQ', 'AID', 'AEN', 'ADP', 'AGB']
['AOY', 'AHX', 'ACI', 'AEZ', 'AQH', 'AIJ', 'AKI', 'AIQ', 'AGD', 'ANS', 'AJK', 'ABY', 'AIU', 'AJT', 'ADL', 'AEE', 'AOD', 'AOQ', 'AJJ']
['ABT', 'AMX', 'AKP', 'AAB', 'APL', 'AJO', 'ALX', 'ADE', 'ACZ', 'AIO', 'AEW', 'AGE', 'AHB', 'AGJ', 'APY', 'AJP', 'AMH', 'ACW', 'AGM']
['AMO', 'ALA', 'AGQ', 'ABS', 'AAN', 'AEH', 'ABV', 'AMK', 'AHG', 'ALW', 'AOU', 'ADA', 'ALM', 'ANM', 'AON', 'AFS', 'AMA', 'AGA', 'AJS']
['AIX', 'ACP', 'ALU', 'ABX', 'AFK', 'AKB', 'AQC', 'AES', 'APA', 'AHK', 'AAJ', 'ADB', 'APX', 'AJV', 'AAW', 'AGH', 'AIS', 'AIG', 'AML']
['ACR', 'AJG', 'AGP', 'AJF', 'ADS', 'AKT', 'ABZ', 'ANY', 'AAT', 'AQO', 'APJ', 'ANQ', 'AMM', 'AOZ', 'ALV', 'AKZ', 'AHE', 'AMC', 'AJR']
['AIN', 'AMI', 'ADU', 'AOT', 'AJW', 'ADN', 'AKH', 'AIT', 'ADM', 'AOW', 'AKS', 'AAM', 'AIB', 'AKE', 'AAF', 'ANR', 'AAK', 'AAA', 'AIL']
['AHV', 'AEL', 'ACJ', 'AQM', 'APF', 'ADH', 'AKK', 'AGF', 'APK', 'ACM', 'ACN', 'ALS', 'AEJ', 'ANE', 'AKW', 'AEU', 'ABE', 'AFZ', 'AHT']
['AMU', 'ANF', 'ABL', 'ALT', 'AMZ', 'ADF', 'ACL', 'ACV', 'ADY', 'APS', 'ACG', 'AQA', 'ALQ', 'AQD', 'AEG', 'ANN', 'AFO', 'AOS', 'AMN']
['AGC', 'AFD', 'ABI', 'AGR', 'AFV', 'ABO', 'AFW', 'AFR', 'APG', 'ABM', 'ALB', 'AQL', 'AGK', 'AIZ', 'ACH', 'ABH', 'AED', 'APU', 'ABA']
['AHN', 'AKR', 'AAR', 'AIR', 'AHW', 'AGU', 'ALN', 'ADJ', 'AHD', 'ANP', 'AHI', 'AJL', 'ANZ', 'APC', 'ANW', 'ALL', 'AHM', 'AIA', 'AFI']
['ANG', 'AJA', 'AOM', 'AHQ', 'AEB', 'AEI', 'AQI', 'ADG', 'AJQ', 'AFC', 'ADD', 'ACA', 'AHC', 'AAX', 'APN', 'AFU', 'AKV', 'ALG', 'AOR']
['AND', 'AOE', 'AIW', 'AJM', 'ABQ', 'ACD', 'AEV', 'ALI', 'ANA', 'AFP', 'ANT', 'ADC', 'ACY', 'AJI', 'AMD', 'AOK', 'AMT', 'AEA', 'AFE']
['AMP', 'ABB', 'ALK', 'APM', 'APD', 'AJH', 'AGV', 'AGN', 'ACK', 'APH', 'AAV', 'APZ', 'AKA', 'AEC', 'AJB', 'AAS', 'APR', 'ANB', 'AJC']
['ADV', 'AQF', 'AKD', 'ADI', 'ANK', 'AFF', 'AGL', 'AFM', 'ANU', 'ABW', 'AIP', 'AFG', 'AET', 'AHU', 'AGX', 'ANX', 'AFB', 'AQN', 'AHJ']
['AMS', 'AHA', 'AIM', 'AHY', 'APP', 'AKU', 'AFY', 'AQG', 'AII', 'AOC', 'AAI', 'AFX', 'ADO', 'AFJ', 'AKC', 'ABU', 'AIK', 'AEP', 'AJX']
['AME', 'ACU', 'AOI', 'AJU', 'AKF', 'AMJ', 'AAC', 'AKL', 'ANV', 'APE', 'API', 'AAH', 'ABN', 'AFQ', 'AGW', 'APT', 'AAO', 'AJE', 'ALE']
['AHO', 'AMR', 'ANO', 'AJD', 'AAL', 'AEF', 'AKO', 'AOF', 'AKM', 'ACC', 'AJN', 'AMQ', 'ACB', 'ALH', 'ABJ', 'AAQ', 'ALO', 'AJY']
['AOX', 'AIF', 'ANJ', 'ALC', 'AFT', 'AKX', 'ABG', 'AIE', 'AMW', 'AEM', 'ADK', 'AEY', 'APV', 'ACS', 'ACX', 'AEQ', 'AFN', 'AOA']
['AOO', 'AOG', 'ACQ', 'AFL', 'AHP', 'ALP', 'AKQ', 'AHL', 'AAY', 'AAD', 'ALR', 'AGT', 'ABK', 'AKG', 'AOJ', 'AHH', 'ABD', 'AMG']
['APO', 'AHR', 'AQK', 'AGS', 'ACE', 'ANC', 'AMV', 'AEK', 'AEX', 'AIH', 'ANI', 'AOL', 'AMB', 'ANL', 'AOB', 'AAE', 'ALJ', 'ABR']
['ANH', 'AAZ', 'ABF', 'AMY', 'AAG', 'AAU', 'AEO', 'AKN', 'ADR', 'AGY', 'AKJ', 'ADZ', 'AQJ', 'ALD', 'AOV', 'AFH', 'AIY', 'AER']
['APB', 'AIC', 'ADT', 'AKY', 'AQE', 'AGI', 'ADQ', 'AIV', 'ADW', 'AGO', 'AMF', 'ABP', 'AHS', 'AGZ', 'AAP', 'ALF', 'ACF', 'AHZ']
