['JXKSJ', 'NGBWQ', 'SAOVB', 'YTXXV', 'DREMQ', 'PADSR', 'NCWPX', 'EFRTR', 'GRIBM', 'DJQYY', 'LQJNK', 'SHEUT', 'SLHLJ', 'LESUW', 'YKOFS', 'KDZDK', 'NRRFB', 'AUIRW']
['NKLCQ', 'YTTKI', 'FMMZU', 'QBYJR', 'KBDMG', 'VLACB', 'GPHCZ', 'EHCWU', 'YPRRC', 'AQEWE', 'IUTYE', 'BWKXY', 'HKSDK', 'UYUIP', 'IEEVC', 'RRFYM', 'BCTKV', 'FWKYL']
['EGYBS', 'JECON', 'AEHLI', 'METWY', 'AZDHE', 'GNDQJ', 'RAAAY', 'KTXRI', 'LHFOM', 'ZYEMW', 'IPMBX', 'RZJZX', 'VGWZF', 'NEQMO', 'FMFZO', 'NTGQJ', 'NMWYK', 'UTYHJ']
['SUNJN', 'MBBZL', 'ASGXO', 'ABAQL', 'OVNTP', 'KIEKF', 'TLAOJ', 'JGIMA', 'ZPWCF', 'DFZLH', 'VKBEF', 'CALHI', 'WNBOI', 'VFWVV', 'NHZCJ', 'DDGZR', 'EBQJA', 'UQJJY']
['MIMWO', 'DWCIC', 'GUJWW', 'RCWOS', 'RUSXV', 'ZUYFN', 'QLDQR', 'XOUQG', 'PKUWP', 'NZAXS', 'RKMOC', 'GZWND', 'JFOPY', 'VQUBW', 'TJLUN', 'PBAWW', 'KSGPB', 'JRNKY']
['PHXOS', 'ADKIG', 'BCKDA', 'GXAOE', 'YTVYR', 'IBFSE', 'UPNVV', 'SSWHW', 'DBPXU', 'UOYAH', 'AALPZ', 'OPZLD', 'JCAYK', 'FWTXB', 'BHECC', 'FSYHN', 'KFWQL', 'DQJYE']
['REFDA', 'XIGOI', 'YRTTG', 'LCYZY', 'UTQPU', 'QYCKH', 'LCGFN', 'QBGLN', 'RWOPE', 'JPLIB', 'UDFVU', 'CWKNX', 'CSILO', 'STJMV', 'XHKTV', 'OJTYX', 'XQUPB', 'CTLHM']
['TIZZI', 'UMQRP', 'LMZAF', 'TJFHX', 'RISKG', 'JLETC', 'MTXFY', 'FBZDZ', 'CXMEP', 'SDCRN', 'UHIOD', 'TQUPW', 'TPIXY', 'ZZKGQ', 'QUGAX', 'MMHOG', 'XVOGO', 'FCFIW']
['VKHOX', 'RSYQC', 'DRVVY', 'ELRTK', 'SACPU', 'FKSNY', 'NLQWV', 'XTFTT', 'NHBOU', 'LVMLT', 'KXFFP', 'QMJUD', 'WNDOP', 'KGDBH', 'VZFUK', 'WEDAM', 'GKPPL', 'FPFHY']
['MLWLT', 'GPKTZ', 'BHFJC', 'PAVOS', 'CYMCE', 'HXGTU', 'KEDYT', 'UHFXM', 'FRHWO', 'VUPAV', 'GAQXI', 'JGBOH', 'QQCGU', 'LJQBN', 'DFNDO', 'VNIQM', 'IAASE', 'LBYAL']
['EXSFL', 'FYSSP', 'SCMKV', 'CSGGY', 'CCHLM', 'KCPYN', 'VHWPC', 'NZQKM', 'PARXO', 'PQEKQ', 'GKOUL', 'FRVNO', 'OENOT', 'NCCJD', 'DWGDE', 'UEFBC', 'JWNLZ', 'RSFHX']
['JJDHO', 'BSOUP', 'QVEIA', 'SURGB', 'VFXSF', 'TMCLZ', 'GRUYQ', 'QSAIM', 'DZGQX', 'QFZCO', 'VBXTL', 'XYABI', 'XGCQB', 'QJUJE', 'QXETJ', 'FFZNI', 'SYRST', 'LRCXZ']
['NPJSC', 'AXICB', 'ZSYGC', 'JFKWJ', 'LQGAI', 'SUEUT', 'WTMZW', 'JEHBC', 'BVKPC', 'SMDTK', 'XLWDU', 'LMDUZ', 'IYMNE', 'MSZXR', 'BMNGE', 'PEIBF', 'FIBZD', 'CWZDH']
['FHCPP', 'ENWEC', 'JMPSL', 'BOOKC', 'JTKTH', 'PPBBM', 'RMHZI', 'CYVWU', 'IDOHH', 'XMZUX', 'MCXWP', 'ZMCMD', 'ZXEUD', 'STZIM', 'EAHZI', 'ZMWJB', 'KDMQW', 'WAZOJ']
['UMQSO', 'YYNPW', 'JCTBB', 'VVMSW', 'HIBFR', 'MQEVZ', 'SIWEE', 'OYLVF', 'ALNHK', 'SEJRA', 'GAUGX', 'WHBFR', 'TJTMV', 'ROVKN', 'PCOTH', 'FIIIX', 'DOYMU', 'QSIZR']
['FLAIE', 'CRKWH', 'SWZLI', 'RFDDK', 'XOUQM', 'XDBSH', 'GJYBX', 'HDFES', 'QACAX', 'WZJYQ', 'FIPGX', 'GWEZA', 'PDNXQ', 'PRFNT', 'OYGNB', 'IXEZM', 'PPAYR', 'GFWZF']
['IVYZR', 'ELBRQ', 'DPJHM', 'XADCG', 'ZCMCP', 'VSARS', 'PBEOM', 'IYGUJ', 'BXGFY', 'YVMFJ', 'SOVUQ', 'PREHL', 'WMAOH', 'SPROB', 'WEYKU', 'FESAS', 'GBEQY']
['VUZHE', 'CASYZ', 'WGNBW', 'FQYNK', 'CZNRV', 'YVULZ', 'USRDK', 'HAYKV', 'HAPCQ', 'WWCYP', 'URMYA', 'TARGC', 'IQLHD', 'HUNXU', 'FIUZZ', 'ERXLL', 'MCVPN']
['ENHUS', 'ZLMYN', 'HOCJP', 'AHXXM', 'CZQAC', 'BBIGY', 'SLYUO', 'KCWNV', 'WLODL', 'NSSHB', 'DNOMK', 'PKECO', 'LPRGT', 'LGPGN', 'KZBFF', 'IHIWD', 'WFPUN']
['NNLIE', 'QNXTS', 'HGAWC', 'KEPXD', 'FKMPO', 'VQTXV', 'TKEWX', 'EYYNC', 'WTAGZ', 'ZRFKN', 'MRNHH', 'PUWYW', 'NLPHM', 'EWIJA', 'QHQUF', 'ILRGH', 'VCMUY']
['LEYDX', 'SEVGN', 'GKYTD', 'YPSZJ', 'VSEBO', 'XQYCU', 'SEUJM', 'RVMXY', 'PSMNV', 'ZKMSA', 'REVQE', 'RMNKI', 'LYFLA', 'NCXIY', 'FXFHY', 'BKFQR', 'LYSRO']
['OZSQX', 'UZTYA', 'MQWLN', 'DAPHY', 'NZQNY', 'TEYRZ', 'NKEPZ', 'GPAYG', 'MUUIL', 'AXIHL', 'DUQLN', 'WNGHY', 'VYUHL', 'EPEAQ', 'UXUZX', 'ZOHDS', 'UDEWT']
['IOHXF', 'TPIHD', 'EXERI', 'ABQJV', 'HKBNA', 'BEFRL', 'ZNTDR', 'FYAYI', 'YHWVK', 'VLXZD', 'VMRKJ', 'GUJWH', 'NLQQX', 'ZRLGV', 'XZTVE', 'POXWS', 'JGGQM']
['VWLQP', 'YIQHC', 'SSZXS', 'VUTIQ', 'QZGLO', 'BXGAG', 'PUFAY', 'CRSZF', 'ZOVBE', 'AEXQY', 'GKLKQ', 'OXZCV', 'VXNNV', 'GUGKR', 'HAKPT', 'AAEBS', 'YSBTR']
['CHCYT', 'XMJJP', 'JLTJR', 'OEEYW', 'VGTYI', 'FSIEJ', 'GJCQK', 'DYIYS', 'CYRFR', 'TYYLF', 'PUJOM', 'XYVAU', 'QJRDV', 'RWIWJ', 'RLKNU', 'PPGSA', 'JCWPV']
['RDCHE', 'BBDFQ', 'BREAU', 'OHEWR', 'QMBKL', 'RNMID', 'OBCSZ', 'IPLJJ', 'LFYYV', 'DOXUP', 'KRMMY', 'GDZSX', 'OMNEY', 'RQZDB', 'EIALG', 'NMUXG', 'SPSXT']
['YQBLY', 'HVAAR', 'HZGVK', 'AIWJE', 'VNNEP', 'DTPHQ', 'XQQNM', 'PQYKQ', 'QFSQF', 'XPMAC', 'BFHEV', 'TLKIE', 'VISUM', 'BNPMH', 'EIREK', 'PDSZU', 'JAGAT']
['UNSUE', 'XBVDI', 'KEUTQ', 'POYSB', 'RRDGL', 'XGXRC', 'DBXJE', 'TWVAR', 'TDICM', 'KQZVU', 'JDDRN', 'ZNEQL', 'JMNIF', 'JPWDA', 'VZNGS', 'EFPNV', 'YMAKV']
