['QGRPC', 'XEEVL', 'UHOTV', 'VIPLF', 'GUDYJ']
['TLZCG', 'OKQTW', 'HSIWG', 'OAGEZ', 'TNZEA']
['FCJLJ', 'HTJHJ', 'BEIFF', 'HWSJL', 'TFGVT']
['UFVEC', 'UBCVC', 'PECLI', 'XGNPD', 'KUMCW']
['QGXZJ', 'CIILB', 'NKCOJ', 'IVZGD', 'RCZHM']
['TYMOI', 'GVYUW', 'XUYPR', 'HKVZW', 'APXMD']
['WPGRW', 'KPECP', 'IGAXC', 'TFEWH', 'IZZTZ']
['FZRBE', 'SRFIJ', 'IRAUO', 'VXIFI', 'OUQMM']
['INTFC', 'ZJQQO', 'VSPLU', 'UZKCN', 'CLLNQ']
['ACMPF', 'UHSWZ', 'OZZTI', 'YJCIZ', 'ZPTPS']
['GEQFC', 'VXLZU', 'ABYHN', 'WJIWZ', 'QUECI']
['CPJBS', 'WUTXG', 'PTRTD', 'SIGOM', 'BWWYB']
['IKHTD', 'UGVLA', 'PABIC', 'ENKVR', 'UCLPW']
['MIKDS', 'LNIAF', 'WWYEF', 'DFBMK', 'GJRAV']
['THQAC', 'LBKGE', 'TVCFA', 'JWSRE', 'SRUUN']
['RFWKF', 'MEKWP', 'KSCIB', 'WNYYG', 'BVCTY']
['XBTFE', 'FVYLB', 'ZNMAJ', 'SHLYA', 'ARMIC']
['CQBIT', 'KQUJH', 'CIBMR', 'KYKCO', 'UCQZE']
['DLKKW', 'YQPNL', 'VLQCW', 'GWJWE', 'FBWOW']
['PQDFC', 'GAEKQ', 'MTCGB', 'ZJNIT', 'NWAHL']
['PVVAV', 'OMYLR', 'XXFSV', 'SFQST', 'FXFUX']
['FCWUA', 'OKPQW', 'PSZDK', 'QCRLR', 'SKBJW']
['CCNPM', 'BPZOY', 'BPLLS', 'GZQDO', 'GBGAG']
['WOIJX', 'DSUJE', 'UQKOV', 'CFMPM', 'DBIOJ']
['XNYRJ', 'DCJPL', 'GLIPE', 'QSYML', 'EGIIY']
['QIALM', 'BNYBV', 'RJDRX', 'ZUTJZ', 'IZMEQ']
['ZYPEK', 'OTQON', 'KGIPC', 'LYGHF', 'ZJPJO']
['TTIDN', 'ZIJNW', 'RWZXF', 'MESKQ', 'XBLXM']
['EAEIR', 'BBKUO', 'VLEXY', 'QQXNO', 'PXCKJ']
['WLCAR', 'SZXFW', 'WTGUO', 'VATRQ', 'FELNZ']
['AGDTK', 'ZRVWH', 'ERTVL', 'NSTKH', 'DVRRV']
['SROSJ', 'TKYGG', 'YFRIJ', 'CIOFH', 'EAITX']
['ZQDIP', 'CKHRK', 'EWNSH', 'JHGWB', 'NVSYK']
['XXRUC', 'WCFRY', 'AWDBE', 'ORRXP', 'WSVIR']
['TAIVA', 'BBVXC', 'ONQWA', 'VWJWK', 'QYLAH']
['CHIJG', 'QECFT', 'WJAIQ', 'JQBSO', 'FSTKF']
['QNUDR', 'VNVFZ', 'HFDOF', 'LIGPC', 'HCVBR']
['ECNTU', 'GCQTP', 'TFWCC', 'AWUBI', 'JAFZN']
['RQZPM', 'PLFWC', 'FXUHH', 'VYDDY', 'HXXMK']
['LPHWP', 'DFVZW', 'EBLCO', 'AHMRO', 'LSZMU']
['JEBNF', 'QIZOX', 'ETYTK', 'GOXXP', 'XAOMD']
['CKFJL', 'SMSHQ', 'HNXEZ', 'DKHZJ', 'GNCHO']
['PKHDM', 'NSDMC', 'CUUFQ', 'RUGKU', 'OXRDD']
['SAVNS', 'PGHQU', 'ZHVLK', 'KEMJT', 'YJPCO']
['NUSHB', 'XBSXA', 'XUHAP', 'WAHPX', 'AXQPJ']
['RJIED', 'FZQXE', 'KCHSD', 'TBPZM', 'FJPVZ']
['QGGOH', 'MXMMA', 'IAMKK', 'DSQUZ', 'BTWAZ']
['QAOAR', 'FDGQA', 'JCOPI', 'RMJIF', 'VGCRP']
['IGUWL', 'HNKDE', 'UGKUC', 'PKBGA', 'VFFHE']
['NDLFM', 'RMUXW', 'TUSMK', 'RURLC', 'BGOJW']
['XFNKQ', 'NSAJQ', 'DUAEB', 'RUYNY', 'SGXHX']
['QBVUY', 'NLRBO', 'LVBGW', 'HAXVF', 'KENPF']
['ZBJTS', 'UJESQ', 'SGTRH', 'IBUGB', 'BLHOQ']
['OXRUQ', 'OLFRP', 'JTHWI', 'ERQBP', 'UJHDY']
['YWCZV', 'CBJEL', 'OVYDG', 'YWPLR', 'JXGHX']
['QYWKX', 'SJJMM', 'TBZDI', 'EYFRR', 'CPTCX']
['QSVBC', 'ACJRU', 'XWMKT', 'QCHPG', 'AICHQ']
['FEUEQ', 'WAQDW', 'KXMSB', 'XCTJB', 'UHYVL']
['IGQNP', 'EADHZ', 'WHRVK', 'VPSEI', 'DKSJV']
['EOCJX', 'AILUZ', 'ZCVZT', 'IAADS', 'MQDQQ']
['GICKM', 'ZEPYJ', 'OSLVS', 'HGJEC', 'RDCTS']
['KHNJL', 'QVNNO', 'LCHJI', 'CVNCZ', 'SYIZZ']
['YXPNV', 'PQAHJ', 'YNIQG', 'OQSOU', 'TEFPC']
['SVMGK', 'UDTFQ', 'EHHWX', 'JMYIA', 'WUCQA']
['VVCGQ', 'CIPCP', 'QPVND', 'WGGGP', 'MXBHP']
['VATKD', 'KDZKT', 'VQAKV', 'WDGCR', 'QBZQQ']
['EFKRH', 'BJTHH', 'OVYUV', 'KXUES', 'IRNCA']
['DVLFX', 'JOZYK', 'OENWP', 'IXMQO', 'MWVBQ']
['SPHAJ', 'YQSUZ', 'SEYUH', 'PSVNQ', 'CSQHY']
['VTOZN', 'EHMWV', 'NHQWU', 'MRXML', 'MYAVD']
['TKJBK', 'HATBR', 'KRWXO', 'VQDCT', 'OJGET']
['SGRXP', 'FZBVB', 'OCOQX', 'NCDJQ', 'ZLQYF']
['XIDUV', 'CIUZU', 'LIQGP', 'TAHXC', 'VGUGP']
['CBNUD', 'QQUYY', 'ALXRH', 'ENWEP', 'FGDHQ']
['VBRPO', 'YBAFX', 'YORBA', 'BNJLP', 'ALMIE']
