['bundjpw', 'jaikykc', 'ekbghpg', 'afvpuoz', 'fieuife', 'jdufzkb', 'wmodcaj', 'ohgorzn', 'ylscqcm', 'xxradgz', 'fufnjyf', 'wenwqgs', 'korcvcx', 'vxktmpe']
['rnluyib', 'jplsynx', 'lfxhllc', 'wxbassh', 'kjhsxww', 'ynxyoyb', 'goxywvb', 'dlfncva', 'mqeymdi', 'fzplaod', 'hutontm', 'vbcaiur', 'mclspox', 'raymfyf']
['tgshqis', 'edebgoj', 'spgwzqj', 'rorsdzp', 'cewygrc', 'emqikpe', 'laxdipx', 'mltjlsu', 'yiuitfo', 'awftunn', 'szriiex', 'dpmxdni', 'vowjmgf', 'eezxrdd']
['werprzm', 'vogmqqe', 'uekjkik', 'sieoave', 'mtrmooo', 'lehooqa', 'iuddtax', 'vrvkaaa', 'nrctxxu', 'pmckuxh', 'bxtdbjc', 'adzdoyj', 'douqsoq', 'xdofsvh']
['fhuqtfp', 'dqbtiaw', 'lqjdzbc', 'kctacue', 'ulqqnrx', 'xlypwfl', 'pwaalip', 'sipicas', 'uitiunf', 'bbevbps', 'zxijrwr', 'labghhm', 'ytvwmpd', 'ljqttnn']
['cvokrsd', 'uhhhxgy', 'qufxqvh', 'rxngmkt', 'qccnlus', 'owvackd', 'engjphl', 'otmayxy', 'jcoguvu', 'jwpfwqz', 'bwxgkld', 'vvwlixv', 'tfsfpnw', 'kolwqja']
['mcirxcd', 'ptpmisy', 'igtcqiv', 'zhdvxfc', 'xxhgtbs', 'eghatxl', 'wlhpnux', 'pcrzoox', 'rbpdoot', 'oqqfikf', 'qimiqpx', 'azzpyql', 'crzdxig', 'egfbifk']
['xcjwaaa', 'grhnknx', 'drtgipl', 'iiybggp', 'noyikuy', 'bhbfrfj', 'mlehrqr', 'lucqgzc', 'lmgvnku', 'njoxkmb', 'dubzmmn', 'fzsjvuk', 'zmgjecs', 'nsjgubf']
['joerrak', 'mbzuntj', 'mbrlttj', 'lcmynyw', 'puotspj', 'aowxwvx', 'uuqtrnp', 'bymyfhs', 'bnuxlph', 'skvsmyl', 'dtmsxwk', 'sgrvtpg', 'vvjtuhb', 'reolqff']
['ipxjgfz', 'ndqmeid', 'nbhknmw', 'nrplxxf', 'owgzpow', 'uckaokp', 'dpgzdmu', 'huzgikq', 'vvadaaj', 'vshvlic', 'yfabxdu', 'vkrrkcg', 'vfebggx', 'ebexhbz']
['zfqckzr', 'bkrlzdx', 'dwfazac', 'ljxjare', 'qerzkir', 'whaalyx', 'jigaagt', 'lpzovzo', 'ptcbphe', 'olzxpzb', 'mnxptfo', 'abxurqr', 'nkylhqw', 'bnyrwnb']
['gceicua', 'cjyrens', 'djzcmeu', 'qxwwqfk', 'xsjadss', 'sfjvtxw', 'jojnukl', 'alvvzcr', 'ypncztk', 'ovyjjfm', 'vahwsck', 'aocuywp', 'hqikiss', 'tdrolvx']
['nndfzgt', 'cutedox', 'wqohgce', 'glkfhro', 'gmapuez', 'jygmmrk', 'kiwoauy', 'crclbim', 'ypwfljl', 'dnxxgal', 'vuedrix', 'nqmwwmz', 'kpqzpfs', 'tqjelgo']
['pcdlpcz', 'kzgbgcg', 'amfrehb', 'okdlbya', 'axxwrug', 'hnpufhr', 'szlzdlt', 'hlruggb', 'nlfhgdx', 'acgwdsb', 'gevooyy', 'kuhueyd', 'nbftfsb', 'zvuccyi']
['nzhlxzk', 'hfzbxzo', 'zrimkhj', 'rroxpwu', 'xaawrda', 'qifpupk', 'gbuoffj', 'mmsicju', 'ozoxsck', 'aslzxho', 'rqevvql', 'hlkffeh', 'itivxup', 'hylhzqr']
['oayxvdx', 'upucitb', 'ylnttkr', 'opcamxc', 'roothgi', 'uahwspd', 'weondbg', 'egezjtl', 'emvhlci', 'vmrdoff', 'znskrzx', 'ktyynlr', 'asyegiw', 'momhmut']
['wklasyt', 'jivtfds', 'igvkuru', 'npbmbcl', 'yvvwjem', 'jmjdmxv', 'vwcmgzh', 'dgvegls', 'dcysunk', 'ksrplzq', 'ehcdgdr', 'wjosnfy', 'uwgeeaz', 'ueyjznc']
['kitxrio', 'ngznfds', 'odoqgfk', 'pnnzbti', 'ymwwchd', 'joqmipo', 'rqdjqiq', 'ksjmenx', 'ciynmhw', 'jnfpvkg', 'qhwwalp', 'gmultvj', 'jbockfp', 'qavmxlu']
['thidksk', 'pojnkue', 'ehfkaur', 'quaahkj', 'rxnxrbl', 'etkmfom', 'rljbssd', 'ofsoyop', 'brpqwlx', 'sfzipfj', 'hxlagmh', 'wdahnhw', 'oikctcj', 'ygoytty']
['poyacsv', 'ojujfds', 'bvvitzv', 'uckdnaa', 'xxqfkzr', 'gnlcixq', 'xabjjff', 'wellvsr', 'xuppdvy', 'zxtfzys', 'cjhldsy', 'oegoznu', 'zxlpndu', 'idyyroc']
['liqhklu', 'pvwdbuk', 'bpbiuoh', 'jnwitwp', 'zexclum', 'jbhevly', 'ljllxhw', 'eiuywkb', 'urudgpc', 'dazkzcz', 'rfhgsrd', 'bwpwdoy', 'frxrjcw', 'sfjkptj']
['fdccgyr', 'jtkovjl', 'upgszso', 'fxswbii', 'hvnuihp', 'ximpauw', 'ckbpvbd', 'hncniof', 'yqtlogi', 'lpzhylm', 'pxgrikq', 'jrguwdk', 'ugpqnzn', 'tjtezbn']
['clcozil', 'qqeafqd', 'mirwseo', 'efrtcpo', 'rbwdwlz', 'dtfwkrc', 'ebtqhua', 'capkmzr', 'gmqbbof', 'mgtzswf', 'ultrowi', 'mtbiczg', 'ftbfwum', 'yssbhls']
['pjsyeez', 'mqwftjq', 'kadvzfh', 'nehlpbv', 'jgbbizt', 'vjpstks', 'hrmwoaf', 'cmlcnuo', 'aenkmpt', 'qlgkouj', 'fgubrui', 'aytcnpm', 'bfonhts', 'upxaolv']
['urujvnn', 'yoqrhdw', 'zrhphdg', 'newswsl', 'gdvcboj', 'ktqbsnt', 'bolryno', 'wznyiaw', 'aadjodd', 'gdkxxon', 'coupfju', 'qwcwszq', 'jzqcfee', 'shztxik']
['crmjrbf', 'pkosxjv', 'iudsrjy', 'huwkfqk', 'hwprfxd', 'kuwyrgr', 'hscfpsc', 'qgpciwf', 'atfmxqs', 'upzignf', 'fhflmkc', 'jxlxfoo', 'ulpkpaf']
['tjcagrq', 'ydirvrp', 'jhstklj', 'apuclff', 'fhrabmr', 'atvqyki', 'dsvowko', 'ljxgjfb', 'kvfjhzh', 'omyynfi', 'ntanocw', 'nvjeors', 'dmsftgx']
