['Carissa', 'Amaya', 'Sara', 'Kelly', 'Trinity', 'Barbara', 'Maggie', 'Adriana', 'Madelyn', 'Lacey']
['Meghan', 'Angelica', 'Camille', 'Cora', 'Kira', 'Cristal', 'Viviana', 'Fiona', 'Esperanza', 'Carla']
['Kendra', 'Kierra', 'Janet', 'Fatima', 'Paulina', 'Anastasia', 'Zaria', 'Cecilia', 'Hope', 'Kelli']
['Lilly', 'Krista', 'Alayna', 'Kali', 'Lydia', 'Angel', 'Rylee', 'Kyla', 'Tania', 'Kirsten']
['Paola', 'Arielle', 'Carmen', 'Nora', 'Ayanna', 'Adrianna', 'Jillian', 'Brooklynn', 'Julianne', 'Melissa']
['Kimberly', 'Isabel', 'Kyra', 'Caitlin', 'Leah', 'Alexia', 'Alondra', 'Kenya', 'Abby', 'Eva']
['Cynthia', 'Cierra', 'Bethany', 'Kaila', 'Reagan', 'Jacquelyn', 'Eliana', 'Lillian', 'Esmeralda', 'Avery']
['Melina', 'Makenna', 'Natasha', 'Lucy', 'Lizbeth', 'Daisy', 'Anahi', 'Laura', 'Tia', 'Georgia']
['Zoey', 'Monica', 'Natalia', 'Tianna', 'Eve', 'Jordyn', 'Katie', 'Savanna', 'Rosa', 'Deborah']
['Lesley', 'Adrienne', 'Bailey', 'Bianca', 'Eden', 'Chyna', 'Miracle', 'Elise', 'Julie', 'Isabelle']
['Tatyana', 'Annie', 'Ella', 'Janelle', 'Tabitha', 'Maddison', 'Jazmin', 'Clara', 'Emilie', 'Bridget']
['Kaylie', 'Alyson', 'Brenna', 'Tiara', 'Serenity', 'Priscilla', 'Caroline', 'Melody', 'Wendy', 'Amber']
['Clare', 'Michelle', 'Alicia', 'Tierra', 'Hanna', 'Macy', 'Madelynn', 'Joy', 'Theresa', 'Kassandra']
['Sabrina', 'Taryn', 'Naomi', 'Kailee', 'Kylie', 'Dominique', 'Katelynn', 'Cameron', 'Ashleigh', 'Gabriela']
['Kayleigh', 'Kaitlin', 'Julissa', 'Tiana', 'Cindy', 'Ann', 'Kristin', 'Christina', 'Rachael', 'Jamie']
['Peyton', 'Zoe', 'Baylee', 'Deja', 'Kailey', 'Phoebe', 'Kara', 'Alison', 'Marilyn', 'Tyra']
['Ana', 'Macey', 'Elena', 'Madisyn', 'Erika', 'Marissa', 'Daniela', 'India', 'Mariah', 'Chelsey']
['Liliana', 'Addison', 'Cassie', 'Larissa', 'Sydnee', 'Paris', 'Alana', 'Katelyn', 'Faith', 'Linda']
['Heather', 'Cheyanne', 'Lucia', 'Arianna', 'Sylvia', 'Martha', 'Mayra', 'Skye', 'Jocelyn', 'Hunter']
['Yesenia', 'Mckayla', 'Makenzie', 'Kamryn', 'Cheyenne', 'Karina', 'Vanessa', 'Bailee', 'Jenny', 'Ariana']
['Ashton', 'Ellie', 'Madyson', 'Callie', 'Sharon', 'Sonia', 'Tayler', 'Madalyn', 'Monique', 'Jaden']
['Kiera', 'Raven', 'Carlie', 'Rhiannon', 'Kristina', 'Destinee', 'Pamela', 'Genevieve', 'Cara', 'Perla']
['Teresa', 'Angie', 'Brittney', 'Kelsie', 'Jazmine', 'Evelyn', 'Sierra', 'Julianna', 'Janae', 'Cassidy']
['Brooklyn', 'Johanna', 'Talia', 'Deanna', 'Tamara', 'Eleanor', 'Marisol', 'Courtney', 'Ciara', 'Valeria']
['Krystal', 'Riley', 'Mikaela', 'Katrina', 'Paige', 'Sasha', 'Asia', 'Mckenna', 'Jaclyn', 'Serena']
['Hallie', 'Noelle', 'Jessie', 'Alaina', 'Gabrielle', 'Gina', 'Regan', 'Emilee', 'Ruth', 'Delaney']
['Margaret', 'Virginia', 'Giselle', 'Andrea', 'Sophie', 'Ivy', 'Jasmin', 'Claudia', 'Claire', 'Camryn']
['Desiree', 'Breanna', 'Aurora', 'Nichole', 'Lisa', 'Malia', 'Summer', 'Elaina', 'Josephine', 'Susan']
['Ellen', 'Patricia', 'Kaylee', 'Lexi', 'Dana', 'Kaitlynn', 'Regina', 'Layla', 'Allyson', 'Tessa']
['Carolina', 'Danielle', 'Haleigh', 'Marlene', 'Brenda', 'Helen', 'Alanna', 'Lauryn', 'Alexandria', 'Skyler']
['Tamia', 'Lorena', 'Irene', 'Josie', 'Veronica', 'Heidi', 'Marie', 'Molly', 'Leslie', 'Carley']
['Angelina', 'Erica', 'Mya', 'Brisa', 'Kaley', 'Tori', 'Allie', 'Angela', 'Gloria', 'Kennedy']
['Anne', 'Juliana', 'Jayden', 'Amelia', 'Clarissa', 'Lindsey', 'Tatum', 'Casey', 'Tyler', 'Kylee']
['Esther', 'Shayla', 'Breana', 'Leilani', 'Katlyn', 'Annika', 'Alexus', 'Karen', 'Dakota', 'Heaven']
['Kiersten', 'Nancy', 'Ariel', 'Kristen', 'Rebekah', 'Felicity', 'April', 'Erin', 'Caitlyn', 'Meagan']
['Aileen', 'Kaylin', 'Kaleigh', 'Jaqueline', 'Cassandra', 'Ava', 'Mariana', 'Eliza', 'Vivian', 'Kiara']
['Maya', 'Marina', 'Imani', 'Gabriella', 'Brandi', 'Macie', 'Tatiana', 'Aubrey', 'Shyanne', 'Charity']
['Kate', 'Jada', 'Ashlynn', 'Daniella', 'Michaela', 'Kiley', 'Jacqueline', 'Skylar', 'Holly', 'Iris']
['Devin', 'Gracie', 'Alisha', 'Alina', 'Colleen', 'Raquel', 'Lily', 'Jayda', 'Christine', 'Shannon']
['Catherine', 'Makayla', 'Selena', 'Miriam', 'Sidney', 'Aaliyah', 'Shelby', 'Tiffany', 'Ashlyn', 'Shania']
['Chelsea', 'Mary', 'Jayla', 'Crystal', 'Jane', 'Rose', 'Brittany', 'Carolyn', 'Chasity', 'Aliyah']
['Halle', 'Mallory', 'Yasmine', 'Whitney', 'Madeleine', 'Marisa', 'Amy', 'Renee', 'Nina', 'Gisselle']
['Meredith', 'Lindsay', 'Celeste', 'Kathleen', 'Elisa', 'Sage', 'Toni', 'Hailee', 'Kasey', 'Valerie']
['Kassidy', 'Madeline', 'Alma', 'Francesca', 'Mikayla', 'Miranda', 'Mckenzie', 'Genesis', 'Kendall', 'Mia']
['Charlotte', 'Mercedes', 'Guadalupe', 'Yasmin', 'Athena', 'Logan', 'Abbey', 'Sadie', 'Kelsey', 'Gianna']
['Carrie', 'Angelique', 'Karla', 'Ruby', 'Tara', 'Amari', 'Brandy', 'Brooke', 'Luz', 'Piper']
['Carly', 'Karissa', 'Denise', 'Bryanna', 'Melanie', 'Alissa', 'Precious', 'Annabelle', 'Jenna', 'Justine']
['Sandra', 'Felicia', 'Britney', 'Payton', 'Lesly', 'Jordan', 'Hayley', 'Cristina', 'Alexa', 'Kathryn']
['Audrey', 'Autumn', 'Jade', 'Alice', 'Nia', 'Alejandra', 'Litzy', 'Gillian', 'Ashlee', 'Diana']
['Diamond', 'Kiana', 'Elisabeth', 'Nadia', 'Haylee', 'Joanna', 'Briana', 'Harley', 'Sofia', 'Emely']
